INFO: Start processing file: data_b1.txt
ERROR: Faulty record in data_b1.txt: 10101.632363L4
ERROR: Faulty record in data_b1.txt: 47212.0768j43
ERROR: Faulty record in data_b1.txt: 27911.3906H92
ERROR: Faulty record in data_b1.txt: 5038.79v75
ERROR: Faulty record in data_b1.txt: 22863.147309a15
ERROR: Faulty record in data_b1.txt: 54977.07002F15
ERROR: Faulty record in data_b1.txt: 4593.82146c45
ERROR: Faulty record in data_b1.txt: 20177.83127b33
ERROR: Faulty record in data_b1.txt: 33855.29L16
ERROR: Faulty record in data_b1.txt: 14842.36085Y19
ERROR: Faulty record in data_b1.txt: 13327.9125F62
ERROR: Faulty record in data_b1.txt: 450.15g90
ERROR: Faulty record in data_b1.txt: 43104.0392L8
ERROR: Faulty record in data_b1.txt: 27263.530693s45
ERROR: Faulty record in data_b1.txt: 11445.04F53
ERROR: Faulty record in data_b1.txt: 12159.0936R42
ERROR: Faulty record in data_b1.txt: 27335.385242a68
ERROR: Faulty record in data_b1.txt: 44632.176P13
ERROR: Faulty record in data_b1.txt: 14814.2218y14
ERROR: Faulty record in data_b1.txt: 26184.401b91
ERROR: Faulty record in data_b1.txt: 5947.6352d82
ERROR: Faulty record in data_b1.txt: 32175.186x94
ERROR: Faulty record in data_b1.txt: 14032.47r86
ERROR: Faulty record in data_b1.txt: 42188.368Y94
ERROR: Faulty record in data_b1.txt: 13817.2313w26
ERROR: Faulty record in data_b1.txt: 26188.149V37
ERROR: Faulty record in data_b1.txt: 3014.967c74
ERROR: Faulty record in data_b1.txt: 12658.951D59
ERROR: Faulty record in data_b1.txt: 12954.5155Q60
ERROR: Faulty record in data_b1.txt: 31288.849991J20
ERROR: Faulty record in data_b1.txt: 1117.629681j64
ERROR: Faulty record in data_b1.txt: 3639.6738f95
ERROR: Faulty record in data_b1.txt: 8903.284x79
ERROR: Faulty record in data_b1.txt: 7502.252828K23
ERROR: Faulty record in data_b1.txt: 9978.191994z97
ERROR: Faulty record in data_b1.txt: 8035.611321S30
ERROR: Faulty record in data_b1.txt: 31721.2672p79
ERROR: Faulty record in data_b1.txt: 4873.627R91
ERROR: Faulty record in data_b1.txt: 31927.55Y70
ERROR: Faulty record in data_b1.txt: 4867.96955T98
ERROR: Faulty record in data_b1.txt: 48433.004q70
ERROR: Faulty record in data_b1.txt: 5711.866518W37
ERROR: Faulty record in data_b1.txt: 31880.53394Z82
ERROR: Faulty record in data_b1.txt: 4436.28k70
ERROR: Faulty record in data_b1.txt: 38447.523A93
ERROR: Faulty record in data_b1.txt: 21582.954z97
ERROR: Faulty record in data_b1.txt: 39983.503949f6
ERROR: Faulty record in data_b1.txt: 60384.582L13
ERROR: Faulty record in data_b1.txt: 48037.0719z82
ERROR: Faulty record in data_b1.txt: 24522.2456u54
ERROR: Faulty record in data_b1.txt: 17119.362229r71
ERROR: Faulty record in data_b1.txt: 16133.974f44
ERROR: Faulty record in data_b1.txt: 11435.69R88
ERROR: Faulty record in data_b1.txt: 36934.58v47
ERROR: Faulty record in data_b1.txt: 19176.039v59
ERROR: Faulty record in data_b1.txt: 15630.0474s34
ERROR: Faulty record in data_b1.txt: 15106.27917U61
ERROR: Faulty record in data_b1.txt: 26044.1804w5
ERROR: Faulty record in data_b1.txt: 473.14867Z12
ERROR: Faulty record in data_b1.txt: 8922.145583s39
ERROR: Faulty record in data_b1.txt: 7792.69v68
ERROR: Faulty record in data_b1.txt: 784.68N31
ERROR: Faulty record in data_b1.txt: 39391.88r5
ERROR: Faulty record in data_b1.txt: 47685.2661r99
ERROR: Faulty record in data_b1.txt: 31937.6087z51
ERROR: Faulty record in data_b1.txt: 18045.24Y98
ERROR: Faulty record in data_b1.txt: 9173.7a43
ERROR: Faulty record in data_b1.txt: 18937.35q20
ERROR: Faulty record in data_b1.txt: 32815.7714A61
ERROR: Faulty record in data_b1.txt: 37645.6065L38
ERROR: Faulty record in data_b1.txt: 6233.14132n83
ERROR: Faulty record in data_b1.txt: 12461.498755k70
ERROR: Faulty record in data_b1.txt: 10659.094D85
ERROR: Faulty record in data_b1.txt: 27356.305894d93
ERROR: Faulty record in data_b1.txt: 17575.844C50
ERROR: Faulty record in data_b1.txt: 14833.005236U84
ERROR: Faulty record in data_b1.txt: 31647.93712w95
ERROR: Faulty record in data_b1.txt: 13678.74Y96
ERROR: Faulty record in data_b1.txt: 33646.24Q81
ERROR: Faulty record in data_b1.txt: 17217.663465Y36
ERROR: Faulty record in data_b1.txt: 5477.458466i38
ERROR: Faulty record in data_b1.txt: 13326.93402m41
ERROR: Faulty record in data_b1.txt: 15707.6849U28
ERROR: Faulty record in data_b1.txt: 18708.8951z58
ERROR: Faulty record in data_b1.txt: 12145.8S83
ERROR: Faulty record in data_b1.txt: 17265.40396q39
ERROR: Faulty record in data_b1.txt: 17820.44g34
ERROR: Faulty record in data_b1.txt: 39341.7V93
ERROR: Faulty record in data_b1.txt: 5013.705B27
ERROR: Faulty record in data_b1.txt: 4961.075y46
ERROR: Faulty record in data_b1.txt: 26747.105f45
ERROR: Faulty record in data_b1.txt: 57166.81U60
ERROR: Faulty record in data_b1.txt: 17282.45b76
ERROR: Faulty record in data_b1.txt: 49572.74X35
ERROR: Faulty record in data_b1.txt: 3261.9723W21
ERROR: Faulty record in data_b1.txt: 6822.1165Z26
ERROR: Faulty record in data_b1.txt: 24749.3486z7
ERROR: Faulty record in data_b1.txt: 12008.5257k96
ERROR: Faulty record in data_b1.txt: 49809.05R92
ERROR: Faulty record in data_b1.txt: 24888.969z65
ERROR: Faulty record in data_b1.txt: 6214.9128q48
ERROR: Faulty record in data_b1.txt: 16051.65187g92
ERROR: Faulty record in data_b1.txt: 5353.09j78
ERROR: Faulty record in data_b1.txt: 30006.81q78
ERROR: Faulty record in data_b1.txt: 4744.56K59
ERROR: Faulty record in data_b1.txt: 20195.8389j50
ERROR: Faulty record in data_b1.txt: 48760.9699V10
ERROR: Faulty record in data_b1.txt: 19642.18346u65
ERROR: Faulty record in data_b1.txt: 29770.419m3
ERROR: Faulty record in data_b1.txt: 3512.23643K77
ERROR: Faulty record in data_b1.txt: 14300.251t40
ERROR: Faulty record in data_b1.txt: 34798.090655U73
ERROR: Faulty record in data_b1.txt: 5434.136j43
ERROR: Faulty record in data_b1.txt: 16514.627w7
ERROR: Faulty record in data_b1.txt: 12969.68J12
ERROR: Faulty record in data_b1.txt: 2089.838I42
ERROR: Faulty record in data_b1.txt: 20169.37692X46
ERROR: Faulty record in data_b1.txt: 7497.5749C27
ERROR: Faulty record in data_b1.txt: 43990.06q66
ERROR: Faulty record in data_b1.txt: 31004.14n61
ERROR: Faulty record in data_b1.txt: 46215.512876K69
ERROR: Faulty record in data_b1.txt: 14721.608691y67
ERROR: Faulty record in data_b1.txt: 26479.23671D48
ERROR: Faulty record in data_b1.txt: 23223.085x69
ERROR: Faulty record in data_b1.txt: 16288.3z0
ERROR: Faulty record in data_b1.txt: 3823.974637X51
ERROR: Faulty record in data_b1.txt: 20347.665127a19
ERROR: Faulty record in data_b1.txt: 1068.67y84
ERROR: Faulty record in data_b1.txt: 14494.165735K72
ERROR: Faulty record in data_b1.txt: 7487.45682F51
ERROR: Faulty record in data_b1.txt: 45699.85s54
ERROR: Faulty record in data_b1.txt: 36694.28431g97
ERROR: Faulty record in data_b1.txt: 16208.01M44
ERROR: Faulty record in data_b1.txt: 41870.0347B8
ERROR: Faulty record in data_b1.txt: 49539.805l13
ERROR: Faulty record in data_b1.txt: 27294.50409I99
ERROR: Faulty record in data_b1.txt: 18159.008Y88
ERROR: Faulty record in data_b1.txt: 21484.817c40
ERROR: Faulty record in data_b1.txt: 21624.88G12
ERROR: Faulty record in data_b1.txt: 6639.0609M6
ERROR: Faulty record in data_b1.txt: 15252.84i84
ERROR: Faulty record in data_b1.txt: 14353.1909K65
ERROR: Faulty record in data_b1.txt: 9755.91S0
ERROR: Faulty record in data_b1.txt: 11855.476831H45
ERROR: Faulty record in data_b1.txt: 24988.019G84
ERROR: Faulty record in data_b1.txt: 3430.88252h4
ERROR: Faulty record in data_b1.txt: 23345.91M84
ERROR: Faulty record in data_b1.txt: 20442.691N65
ERROR: Faulty record in data_b1.txt: 33660.55317h87
ERROR: Faulty record in data_b1.txt: 23345.584264B65
ERROR: Faulty record in data_b1.txt: 4042.04939T23
ERROR: Faulty record in data_b1.txt: 12347.2208X45
ERROR: Faulty record in data_b1.txt: 45219.687W61
ERROR: Faulty record in data_b1.txt: 31684.84y69
ERROR: Faulty record in data_b1.txt: 9610.29483F15
ERROR: Faulty record in data_b1.txt: 6287.601S86
ERROR: Faulty record in data_b1.txt: 9467.531049k84
ERROR: Faulty record in data_b1.txt: 24566.723L72
ERROR: Faulty record in data_b1.txt: 7761.0425t57
ERROR: Faulty record in data_b1.txt: 13888.108142F71
ERROR: Faulty record in data_b1.txt: 6655.638784f28
ERROR: Faulty record in data_b1.txt: 32327.62214d53
ERROR: Faulty record in data_b1.txt: 5462.63S65
ERROR: Faulty record in data_b1.txt: 18370.865606j49
ERROR: Faulty record in data_b1.txt: 43932.839866w43
ERROR: Faulty record in data_b1.txt: 13204.324475P49
ERROR: Faulty record in data_b1.txt: 4492.64499T27
ERROR: Faulty record in data_b1.txt: 2983.90883Q90
ERROR: Faulty record in data_b1.txt: 11076.48708b2
ERROR: Faulty record in data_b1.txt: 13581.82d39
ERROR: Faulty record in data_b1.txt: 6496.25d92
ERROR: Faulty record in data_b1.txt: 19209.078029L29
ERROR: Faulty record in data_b1.txt: 28085.673R8
ERROR: Faulty record in data_b1.txt: 27639.9928W51
ERROR: Faulty record in data_b1.txt: 2466.380331B90
ERROR: Faulty record in data_b1.txt: 21059.40961r96
ERROR: Faulty record in data_b1.txt: 13722.87625W58
ERROR: Faulty record in data_b1.txt: 32646.2664S39
ERROR: Faulty record in data_b1.txt: 7110.191S0
ERROR: Faulty record in data_b1.txt: 7777.352J26
ERROR: Faulty record in data_b1.txt: 14794.672G47
ERROR: Faulty record in data_b1.txt: 26983.096y65
ERROR: Faulty record in data_b1.txt: 10459.72I93
ERROR: Faulty record in data_b1.txt: 2698.33a95
ERROR: Faulty record in data_b1.txt: 26127.7199V77
ERROR: Faulty record in data_b1.txt: 33013.3778x86
ERROR: Faulty record in data_b1.txt: 31976.18p92
ERROR: Faulty record in data_b1.txt: 1322.0957W25
ERROR: Faulty record in data_b1.txt: 7090.4858J62
ERROR: Faulty record in data_b1.txt: 29004.456326Y17
ERROR: Faulty record in data_b1.txt: 46724.95c11
ERROR: Faulty record in data_b1.txt: 19259.3297I88
ERROR: Faulty record in data_b1.txt: 37118.22406o56
ERROR: Faulty record in data_b1.txt: 47108.845y63
ERROR: Faulty record in data_b1.txt: 31851.2P46
ERROR: Faulty record in data_b1.txt: 22133.77172a52
ERROR: Faulty record in data_b1.txt: 19746.4318g15
ERROR: Faulty record in data_b1.txt: 26419.055659I20
ERROR: Faulty record in data_b1.txt: 31690.5311t16
ERROR: Faulty record in data_b1.txt: 12690.9045T66
ERROR: Faulty record in data_b1.txt: 23472.12J45
ERROR: Faulty record in data_b1.txt: 11877.6106g88
ERROR: Faulty record in data_b1.txt: 14403.35485x84
ERROR: Faulty record in data_b1.txt: 22182.06468O37
ERROR: Faulty record in data_b1.txt: 60553.429c5
ERROR: Faulty record in data_b1.txt: 32310.36u56
ERROR: Faulty record in data_b1.txt: 15044.329f45
ERROR: Faulty record in data_b1.txt: 23613.52716d42
ERROR: Faulty record in data_b1.txt: 18633.38554z92
ERROR: Faulty record in data_b1.txt: 3225.21004d27
ERROR: Faulty record in data_b1.txt: 29071.707046z93
ERROR: Faulty record in data_b1.txt: 21134.4197U58
ERROR: Faulty record in data_b1.txt: 919.09K26
ERROR: Faulty record in data_b1.txt: 44670.305876A68
ERROR: Faulty record in data_b1.txt: 28570.502477l69
ERROR: Faulty record in data_b1.txt: 25551.5449P22
ERROR: Faulty record in data_b1.txt: 4668.3665b11
ERROR: Faulty record in data_b1.txt: 17387.8865J16
ERROR: Faulty record in data_b1.txt: 1570.02281v21
ERROR: Faulty record in data_b1.txt: 53883.5961t55
ERROR: Faulty record in data_b1.txt: 6061.86866J89
ERROR: Faulty record in data_b1.txt: 45232.544Y17
ERROR: Faulty record in data_b1.txt: 12872.8283c57
ERROR: Faulty record in data_b1.txt: 16267.338K22
ERROR: Faulty record in data_b1.txt: 19911.53S72
ERROR: Faulty record in data_b1.txt: 18356.01z14
ERROR: Faulty record in data_b1.txt: 3417.38D34
ERROR: Faulty record in data_b1.txt: 30221.8199J47
ERROR: Faulty record in data_b1.txt: 12786.7605w87
ERROR: Faulty record in data_b1.txt: 22616.338776a7
ERROR: Faulty record in data_b1.txt: 4154.11n68
ERROR: Faulty record in data_b1.txt: 25655.051777D99
ERROR: Faulty record in data_b1.txt: 22126.557W28
ERROR: Faulty record in data_b1.txt: 48419.4702i95
ERROR: Faulty record in data_b1.txt: 31258.843z91
ERROR: Faulty record in data_b1.txt: 4459.05P1
ERROR: Faulty record in data_b1.txt: 19259.00586C64
ERROR: Faulty record in data_b1.txt: 22521.99r79
ERROR: Faulty record in data_b1.txt: 51416.0491a56
ERROR: Faulty record in data_b1.txt: 28670.298a12
ERROR: Faulty record in data_b1.txt: 28613.5666U72
ERROR: Faulty record in data_b1.txt: 6923.5187M39
ERROR: Faulty record in data_b1.txt: 45864.206119W51
ERROR: Faulty record in data_b1.txt: 48229.288f66
ERROR: Faulty record in data_b1.txt: 16592.9087s58
ERROR: Faulty record in data_b1.txt: 27806.4923x90
ERROR: Faulty record in data_b1.txt: 14477.28595a5
ERROR: Faulty record in data_b1.txt: 14258.8659b12
ERROR: Faulty record in data_b1.txt: 42885.342914l72
ERROR: Faulty record in data_b1.txt: 7018.11386B26
ERROR: Faulty record in data_b1.txt: 7654.32c4
ERROR: Faulty record in data_b1.txt: 11628.7793Q36
ERROR: Faulty record in data_b1.txt: 27351.79769L23
ERROR: Faulty record in data_b1.txt: 12260.787c67
ERROR: Faulty record in data_b1.txt: 13950.187957h2
ERROR: Faulty record in data_b1.txt: 51893.05I69
ERROR: Faulty record in data_b1.txt: 1630.0706B98
ERROR: Faulty record in data_b1.txt: 15774.85476L22
ERROR: Faulty record in data_b1.txt: 19713.90267U78
ERROR: Faulty record in data_b1.txt: 16042.091433f83
ERROR: Faulty record in data_b1.txt: 33571.420876c6
ERROR: Faulty record in data_b1.txt: 52429.308i9
ERROR: Faulty record in data_b1.txt: 31600.62956h11
ERROR: Faulty record in data_b1.txt: 22986.8891m89
ERROR: Faulty record in data_b1.txt: 8179.66913G47
ERROR: Faulty record in data_b1.txt: 8471.009612K35
ERROR: Faulty record in data_b1.txt: 9157.73G3
ERROR: Faulty record in data_b1.txt: 34569.11X69
ERROR: Faulty record in data_b1.txt: 31320.168s34
ERROR: Faulty record in data_b1.txt: 19106.7893p18
ERROR: Faulty record in data_b1.txt: 7188.739911J33
ERROR: Faulty record in data_b1.txt: 18108.919618O92
ERROR: Faulty record in data_b1.txt: 1206.577766z26
ERROR: Faulty record in data_b1.txt: 18736.1G62
ERROR: Faulty record in data_b1.txt: 31711.116D92
ERROR: Faulty record in data_b1.txt: 22324.793389r19
ERROR: Faulty record in data_b1.txt: 26682.144561i84
ERROR: Faulty record in data_b1.txt: 35541.236787a73
ERROR: Faulty record in data_b1.txt: 1071.9713q32
ERROR: Faulty record in data_b1.txt: 20038.499541x46
ERROR: Faulty record in data_b1.txt: 17415.57A44
ERROR: Faulty record in data_b1.txt: 20126.531B39
ERROR: Faulty record in data_b1.txt: 781.87t9
ERROR: Faulty record in data_b1.txt: 1334.69p43
ERROR: Faulty record in data_b1.txt: 40696.26856f67
ERROR: Faulty record in data_b1.txt: 19051.6022x53
ERROR: Faulty record in data_b1.txt: 57993.16974o39
CENTRAL_ELEM: Central element for sensor [<N/A>]: 21009,727
CENTRAL_ELEM: Central element for sensor [<N/A>]: 21011,579
CENTRAL_ELEM: Central element for sensor [<N/A>]: 21011,794
CENTRAL_ELEM: Central element for sensor [<N/A>]: 21016,950
CENTRAL_ELEM: Central element for sensor [<N/A>]: 21017,885
CENTRAL_ELEM: Central element for sensor [<N/A>]: 21018,434
CENTRAL_ELEM: Central element for sensor [<N/A>]: 21018,807
CENTRAL_ELEM: Central element for sensor [<N/A>]: 21020,540
CENTRAL_ELEM: Central element for sensor [<N/A>]: 21021,064
CENTRAL_ELEM: Central element for sensor [<N/A>]: 21021,209
CENTRAL_ELEM: Central element for sensor [<N/A>]: 21021,338
CENTRAL_ELEM: Central element for sensor [<N/A>]: 21024,770
CENTRAL_ELEM: Central element for sensor [<N/A>]: 21025,304
CENTRAL_ELEM: Central element for sensor [<N/A>]: 21025,727
CENTRAL_ELEM: Central element for sensor [<N/A>]: 21026,114
CENTRAL_ELEM: Central element for sensor [<N/A>]: 21027,563
CENTRAL_ELEM: Central element for sensor [<N/A>]: 21029,560
CENTRAL_ELEM: Central element for sensor [<N/A>]: 21030,310
CENTRAL_ELEM: Central element for sensor [<N/A>]: 21033,010
CENTRAL_ELEM: Central element for sensor [<N/A>]: 21033,204
CENTRAL_ELEM: Central element for sensor [<N/A>]: 21037,265
CENTRAL_ELEM: Central element for sensor [<N/A>]: 21041,511
CENTRAL_ELEM: Central element for sensor [<N/A>]: 21041,689
CENTRAL_ELEM: Central element for sensor [<N/A>]: 21041,870
CENTRAL_ELEM: Central element for sensor [<N/A>]: 21042,264
CENTRAL_ELEM: Central element for sensor [<N/A>]: 21042,615
CENTRAL_ELEM: Central element for sensor [<N/A>]: 21044,880
CENTRAL_ELEM: Central element for sensor [<N/A>]: 21045,222
CENTRAL_ELEM: Central element for sensor [<N/A>]: 21045,233
CENTRAL_ELEM: Central element for sensor [<N/A>]: 21046,946
CENTRAL_ELEM: Central element for sensor [<N/A>]: 21048,181
CENTRAL_ELEM: Central element for sensor [<N/A>]: 21050,213
CENTRAL_ELEM: Central element for sensor [<N/A>]: 21050,276
CENTRAL_ELEM: Central element for sensor [<N/A>]: 21052,631
CENTRAL_ELEM: Central element for sensor [<N/A>]: 21054,680
CENTRAL_ELEM: Central element for sensor [<N/A>]: 21056,284
CENTRAL_ELEM: Central element for sensor [<N/A>]: 21056,571
CENTRAL_ELEM: Central element for sensor [<N/A>]: 21064,237
CENTRAL_ELEM: Central element for sensor [<N/A>]: 21065,444
CENTRAL_ELEM: Central element for sensor [<N/A>]: 21065,494
CENTRAL_ELEM: Central element for sensor [<N/A>]: 21066,180
CENTRAL_ELEM: Central element for sensor [<N/A>]: 21066,605
CENTRAL_ELEM: Central element for sensor [<N/A>]: 21068,693
CENTRAL_ELEM: Central element for sensor [<N/A>]: 21073,541
CENTRAL_ELEM: Central element for sensor [<N/A>]: 21076,720
CENTRAL_ELEM: Central element for sensor [<N/A>]: 21077,217
CENTRAL_ELEM: Central element for sensor [<N/A>]: 21078,013
CENTRAL_ELEM: Central element for sensor [<N/A>]: 21078,735
CENTRAL_ELEM: Central element for sensor [<N/A>]: 21079,170
CENTRAL_ELEM: Central element for sensor [<N/A>]: 21079,580
CENTRAL_ELEM: Central element for sensor [<N/A>]: 21079,894
CENTRAL_ELEM: Central element for sensor [<N/A>]: 21080,157
CENTRAL_ELEM: Central element for sensor [<N/A>]: 21082,296
CENTRAL_ELEM: Central element for sensor [<N/A>]: 21088,369
CENTRAL_ELEM: Central element for sensor [<N/A>]: 21089,700
CENTRAL_ELEM: Central element for sensor [<N/A>]: 21095,202
CENTRAL_ELEM: Central element for sensor [<N/A>]: 21097,683
CENTRAL_ELEM: Central element for sensor [<N/A>]: 21105,890
CENTRAL_ELEM: Central element for sensor [<N/A>]: 21107,734
CENTRAL_ELEM: Central element for sensor [<N/A>]: 21115,666
CENTRAL_ELEM: Central element for sensor [<N/A>]: 21116,077
CENTRAL_ELEM: Central element for sensor [<N/A>]: 21119,900
CENTRAL_ELEM: Central element for sensor [<N/A>]: 21120,190
CENTRAL_ELEM: Central element for sensor [<N/A>]: 21120,900
CENTRAL_ELEM: Central element for sensor [<N/A>]: 21120,903
CENTRAL_ELEM: Central element for sensor [<N/A>]: 21124,340
CENTRAL_ELEM: Central element for sensor [<N/A>]: 21124,980
CENTRAL_ELEM: Central element for sensor [<N/A>]: 21125,291
CENTRAL_ELEM: Central element for sensor [<N/A>]: 21126,810
CENTRAL_ELEM: Central element for sensor [<N/A>]: 21127,180
CENTRAL_ELEM: Central element for sensor [<N/A>]: 21129,659
CENTRAL_ELEM: Central element for sensor [<N/A>]: 21133,030
CENTRAL_ELEM: Central element for sensor [<N/A>]: 21133,501
CENTRAL_ELEM: Central element for sensor [<N/A>]: 21135,983
CENTRAL_ELEM: Central element for sensor [<N/A>]: 21136,340
CENTRAL_ELEM: Central element for sensor [<N/A>]: 21136,749
CENTRAL_ELEM: Central element for sensor [<N/A>]: 21136,843
CENTRAL_ELEM: Central element for sensor [<N/A>]: 21137,280
CENTRAL_ELEM: Central element for sensor [<N/A>]: 21139,850
CENTRAL_ELEM: Central element for sensor [<N/A>]: 21140,888
CENTRAL_ELEM: Central element for sensor [<N/A>]: 21142,413
CENTRAL_ELEM: Central element for sensor [<N/A>]: 21142,613
CENTRAL_ELEM: Central element for sensor [<N/A>]: 21143,158
CENTRAL_ELEM: Central element for sensor [<N/A>]: 21144,973
CENTRAL_ELEM: Central element for sensor [<N/A>]: 21145,678
CENTRAL_ELEM: Central element for sensor [<N/A>]: 21146,664
CENTRAL_ELEM: Central element for sensor [<N/A>]: 21148,106
CENTRAL_ELEM: Central element for sensor [<N/A>]: 21148,955
CENTRAL_ELEM: Central element for sensor [<N/A>]: 21149,179
CENTRAL_ELEM: Central element for sensor [<N/A>]: 21152,834
CENTRAL_ELEM: Central element for sensor [<N/A>]: 21153,643
CENTRAL_ELEM: Central element for sensor [<N/A>]: 21155,130
CENTRAL_ELEM: Central element for sensor [<N/A>]: 21156,700
CENTRAL_ELEM: Central element for sensor [<N/A>]: 21156,734
CENTRAL_ELEM: Central element for sensor [<N/A>]: 21159,123
CENTRAL_ELEM: Central element for sensor [<N/A>]: 21161,428
CENTRAL_ELEM: Central element for sensor [<N/A>]: 21162,123
CENTRAL_ELEM: Central element for sensor [<N/A>]: 21162,366
CENTRAL_ELEM: Central element for sensor [<N/A>]: 21162,581
CENTRAL_ELEM: Central element for sensor [<N/A>]: 21165,335
CENTRAL_ELEM: Central element for sensor [<N/A>]: 21165,690
CENTRAL_ELEM: Central element for sensor [<N/A>]: 21165,740
CENTRAL_ELEM: Central element for sensor [<N/A>]: 21168,170
CENTRAL_ELEM: Central element for sensor [<N/A>]: 21168,209
CENTRAL_ELEM: Central element for sensor [<N/A>]: 21168,517
CENTRAL_ELEM: Central element for sensor [<N/A>]: 21170,778
CENTRAL_ELEM: Central element for sensor [<N/A>]: 21171,482
CENTRAL_ELEM: Central element for sensor [<N/A>]: 21172,307
CENTRAL_ELEM: Central element for sensor [<N/A>]: 21174,922
CENTRAL_ELEM: Central element for sensor [<N/A>]: 21177,117
CENTRAL_ELEM: Central element for sensor [<N/A>]: 21177,489
CENTRAL_ELEM: Central element for sensor [<N/A>]: 21178,590
CENTRAL_ELEM: Central element for sensor [<N/A>]: 21179,975
CENTRAL_ELEM: Central element for sensor [<N/A>]: 21182,237
CENTRAL_ELEM: Central element for sensor [<N/A>]: 21183,127
CENTRAL_ELEM: Central element for sensor [<N/A>]: 21183,192
CENTRAL_ELEM: Central element for sensor [<N/A>]: 21183,230
CENTRAL_ELEM: Central element for sensor [<N/A>]: 21183,470
CENTRAL_ELEM: Central element for sensor [<N/A>]: 21184,477
CENTRAL_ELEM: Central element for sensor [<N/A>]: 21184,545
CENTRAL_ELEM: Central element for sensor [<N/A>]: 21186,150
CENTRAL_ELEM: Central element for sensor [<N/A>]: 21186,360
CENTRAL_ELEM: Central element for sensor [<N/A>]: 21186,625
CENTRAL_ELEM: Central element for sensor [<N/A>]: 21187,330
CENTRAL_ELEM: Central element for sensor [<N/A>]: 21187,510
CENTRAL_ELEM: Central element for sensor [<N/A>]: 21188,330
CENTRAL_ELEM: Central element for sensor [<N/A>]: 21188,784
CENTRAL_ELEM: Central element for sensor [<N/A>]: 21189,748
CENTRAL_ELEM: Central element for sensor [<N/A>]: 21190,530
CENTRAL_ELEM: Central element for sensor [<N/A>]: 21192,144
CENTRAL_ELEM: Central element for sensor [<N/A>]: 21193,550
CENTRAL_ELEM: Central element for sensor [<N/A>]: 21194,170
CENTRAL_ELEM: Central element for sensor [<N/A>]: 21195,265
CENTRAL_ELEM: Central element for sensor [<N/A>]: 21195,544
CENTRAL_ELEM: Central element for sensor [<N/A>]: 21203,073
CENTRAL_ELEM: Central element for sensor [<N/A>]: 21205,514
CENTRAL_ELEM: Central element for sensor [<N/A>]: 21206,812
CENTRAL_ELEM: Central element for sensor [<N/A>]: 21207,320
CENTRAL_ELEM: Central element for sensor [<N/A>]: 21207,996
CENTRAL_ELEM: Central element for sensor [<N/A>]: 21210,600
CENTRAL_ELEM: Central element for sensor [<N/A>]: 21210,810
CENTRAL_ELEM: Central element for sensor [<N/A>]: 21213,460
CENTRAL_ELEM: Central element for sensor [<N/A>]: 21213,738
CENTRAL_ELEM: Central element for sensor [<N/A>]: 21214,354
CENTRAL_ELEM: Central element for sensor [<N/A>]: 21214,983
CENTRAL_ELEM: Central element for sensor [<N/A>]: 21216,851
CENTRAL_ELEM: Central element for sensor [<N/A>]: 21221,530
CENTRAL_ELEM: Central element for sensor [<N/A>]: 21221,601
CENTRAL_ELEM: Central element for sensor [<N/A>]: 21224,423
CENTRAL_ELEM: Central element for sensor [<N/A>]: 21224,520
CENTRAL_ELEM: Central element for sensor [<N/A>]: 21225,780
CENTRAL_ELEM: Central element for sensor [<N/A>]: 21226,045
CENTRAL_ELEM: Central element for sensor [<N/A>]: 21228,072
CENTRAL_ELEM: Central element for sensor [<N/A>]: 21228,360
CENTRAL_ELEM: Central element for sensor [<N/A>]: 21229,696
CENTRAL_ELEM: Central element for sensor [<N/A>]: 21231,650
CENTRAL_ELEM: Central element for sensor [<N/A>]: 21232,937
CENTRAL_ELEM: Central element for sensor [<N/A>]: 21234,100
CENTRAL_ELEM: Central element for sensor [<N/A>]: 21234,211
CENTRAL_ELEM: Central element for sensor [<N/A>]: 21238,099
CENTRAL_ELEM: Central element for sensor [<N/A>]: 21238,840
CENTRAL_ELEM: Central element for sensor [<N/A>]: 21241,663
CENTRAL_ELEM: Central element for sensor [<N/A>]: 21242,612
CENTRAL_ELEM: Central element for sensor [<N/A>]: 21244,780
CENTRAL_ELEM: Central element for sensor [<N/A>]: 21244,990
CENTRAL_ELEM: Central element for sensor [<N/A>]: 21245,060
CENTRAL_ELEM: Central element for sensor [<N/A>]: 21248,020
CENTRAL_ELEM: Central element for sensor [<N/A>]: 21250,190
CENTRAL_ELEM: Central element for sensor [<N/A>]: 21250,700
CENTRAL_ELEM: Central element for sensor [<N/A>]: 21250,804
CENTRAL_ELEM: Central element for sensor [<N/A>]: 21251,173
CENTRAL_ELEM: Central element for sensor [<N/A>]: 21251,298
CENTRAL_ELEM: Central element for sensor [<N/A>]: 21251,390
CENTRAL_ELEM: Central element for sensor [<N/A>]: 21251,980
CENTRAL_ELEM: Central element for sensor [<N/A>]: 21255,460
CENTRAL_ELEM: Central element for sensor [<N/A>]: 21256,090
CENTRAL_ELEM: Central element for sensor [<N/A>]: 21259,130
CENTRAL_ELEM: Central element for sensor [<N/A>]: 21259,504
CENTRAL_ELEM: Central element for sensor [<N/A>]: 21262,233
CENTRAL_ELEM: Central element for sensor [<N/A>]: 21262,391
CENTRAL_ELEM: Central element for sensor [<N/A>]: 21263,508
CENTRAL_ELEM: Central element for sensor [<N/A>]: 21264,960
CENTRAL_ELEM: Central element for sensor [<N/A>]: 21265,152
CENTRAL_ELEM: Central element for sensor [<N/A>]: 21266,246
CENTRAL_ELEM: Central element for sensor [<N/A>]: 21267,393
CENTRAL_ELEM: Central element for sensor [<N/A>]: 21267,668
CENTRAL_ELEM: Central element for sensor [<N/A>]: 21269,302
CENTRAL_ELEM: Central element for sensor [<N/A>]: 21271,831
CENTRAL_ELEM: Central element for sensor [<N/A>]: 21271,883
CENTRAL_ELEM: Central element for sensor [<N/A>]: 21276,502
CENTRAL_ELEM: Central element for sensor [<N/A>]: 21277,555
CENTRAL_ELEM: Central element for sensor [<N/A>]: 21280,648
CENTRAL_ELEM: Central element for sensor [<N/A>]: 21281,111
CENTRAL_ELEM: Central element for sensor [<N/A>]: 21282,977
CENTRAL_ELEM: Central element for sensor [<N/A>]: 21284,105
CENTRAL_ELEM: Central element for sensor [<N/A>]: 21284,362
CENTRAL_ELEM: Central element for sensor [<N/A>]: 21285,611
CENTRAL_ELEM: Central element for sensor [<N/A>]: 21286,608
CENTRAL_ELEM: Central element for sensor [<N/A>]: 21286,643
CENTRAL_ELEM: Central element for sensor [<N/A>]: 21286,997
CENTRAL_ELEM: Central element for sensor [<N/A>]: 21290,194
CENTRAL_ELEM: Central element for sensor [<N/A>]: 21291,019
CENTRAL_ELEM: Central element for sensor [<N/A>]: 21299,400
CENTRAL_ELEM: Central element for sensor [<N/A>]: 21302,380
CENTRAL_ELEM: Central element for sensor [<N/A>]: 21302,380
CENTRAL_ELEM: Central element for sensor [<N/A>]: 21302,744
CENTRAL_ELEM: Central element for sensor [<N/A>]: 21303,562
CENTRAL_ELEM: Central element for sensor [<N/A>]: 21309,239
CENTRAL_ELEM: Central element for sensor [<N/A>]: 21310,586
CENTRAL_ELEM: Central element for sensor [<N/A>]: 21310,695
CENTRAL_ELEM: Central element for sensor [<N/A>]: 21311,488
CENTRAL_ELEM: Central element for sensor [<N/A>]: 21311,563
CENTRAL_ELEM: Central element for sensor [<N/A>]: 21315,516
CENTRAL_ELEM: Central element for sensor [<N/A>]: 21315,878
CENTRAL_ELEM: Central element for sensor [<N/A>]: 21319,664
CENTRAL_ELEM: Central element for sensor [<N/A>]: 21319,793
CENTRAL_ELEM: Central element for sensor [<N/A>]: 21319,990
CENTRAL_ELEM: Central element for sensor [<N/A>]: 21321,800
CENTRAL_ELEM: Central element for sensor [<N/A>]: 21323,206
CENTRAL_ELEM: Central element for sensor [<N/A>]: 21325,420
CENTRAL_ELEM: Central element for sensor [<N/A>]: 21325,802
CENTRAL_ELEM: Central element for sensor [<N/A>]: 21326,506
CENTRAL_ELEM: Central element for sensor [<N/A>]: 21329,758
CENTRAL_ELEM: Central element for sensor [<N/A>]: 21329,925
CENTRAL_ELEM: Central element for sensor [<N/A>]: 21330,158
CENTRAL_ELEM: Central element for sensor [<N/A>]: 21330,800
CENTRAL_ELEM: Central element for sensor [<N/A>]: 21332,140
CENTRAL_ELEM: Central element for sensor [<N/A>]: 21332,287
CENTRAL_ELEM: Central element for sensor [<N/A>]: 21332,655
CENTRAL_ELEM: Central element for sensor [<N/A>]: 21333,000
CENTRAL_ELEM: Central element for sensor [<N/A>]: 21336,870
CENTRAL_ELEM: Central element for sensor [<N/A>]: 21340,880
CENTRAL_ELEM: Central element for sensor [<N/A>]: 21341,658
CENTRAL_ELEM: Central element for sensor [<N/A>]: 21342,691
CENTRAL_ELEM: Central element for sensor [<N/A>]: 21343,989
CENTRAL_ELEM: Central element for sensor [<N/A>]: 21348,360
CENTRAL_ELEM: Central element for sensor [<N/A>]: 21348,890
CENTRAL_ELEM: Central element for sensor [<N/A>]: 21349,028
CENTRAL_ELEM: Central element for sensor [<N/A>]: 21349,677
CENTRAL_ELEM: Central element for sensor [<N/A>]: 21349,980
CENTRAL_ELEM: Central element for sensor [<N/A>]: 21351,491
CENTRAL_ELEM: Central element for sensor [<N/A>]: 21351,660
CENTRAL_ELEM: Central element for sensor [<N/A>]: 21352,433
CENTRAL_ELEM: Central element for sensor [<N/A>]: 21353,096
CENTRAL_ELEM: Central element for sensor [<N/A>]: 21354,684
CENTRAL_ELEM: Central element for sensor [<N/A>]: 21354,922
CENTRAL_ELEM: Central element for sensor [<N/A>]: 21355,194
CENTRAL_ELEM: Central element for sensor [<N/A>]: 21356,053
CENTRAL_ELEM: Central element for sensor [<N/A>]: 21357,686
CENTRAL_ELEM: Central element for sensor [<N/A>]: 21357,728
CENTRAL_ELEM: Central element for sensor [<N/A>]: 21357,826
CENTRAL_ELEM: Central element for sensor [<N/A>]: 21358,527
CENTRAL_ELEM: Central element for sensor [<N/A>]: 21362,629
CENTRAL_ELEM: Central element for sensor [<N/A>]: 21363,141
CENTRAL_ELEM: Central element for sensor [<N/A>]: 21363,605
CENTRAL_ELEM: Central element for sensor [<N/A>]: 21363,621
CENTRAL_ELEM: Central element for sensor [<N/A>]: 21364,084
CENTRAL_ELEM: Central element for sensor [<N/A>]: 21364,221
CENTRAL_ELEM: Central element for sensor [<N/A>]: 21364,626
CENTRAL_ELEM: Central element for sensor [<N/A>]: 21364,760
CENTRAL_ELEM: Central element for sensor [<N/A>]: 21365,967
CENTRAL_ELEM: Central element for sensor [<N/A>]: 21366,223
CENTRAL_ELEM: Central element for sensor [<N/A>]: 21370,010
CENTRAL_ELEM: Central element for sensor [<N/A>]: 21372,873
CENTRAL_ELEM: Central element for sensor [<N/A>]: 21373,812
CENTRAL_ELEM: Central element for sensor [<N/A>]: 21379,125
CENTRAL_ELEM: Central element for sensor [<N/A>]: 21379,470
CENTRAL_ELEM: Central element for sensor [<N/A>]: 21380,695
CENTRAL_ELEM: Central element for sensor [<N/A>]: 21382,175
CENTRAL_ELEM: Central element for sensor [<N/A>]: 21385,949
CENTRAL_ELEM: Central element for sensor [<N/A>]: 21386,366
CENTRAL_ELEM: Central element for sensor [<N/A>]: 21386,767
CENTRAL_ELEM: Central element for sensor [<N/A>]: 21391,224
CENTRAL_ELEM: Central element for sensor [<N/A>]: 21396,600
CENTRAL_ELEM: Central element for sensor [<N/A>]: 21396,794
CENTRAL_ELEM: Central element for sensor [<N/A>]: 21402,170
CENTRAL_ELEM: Central element for sensor [<N/A>]: 21403,720
CENTRAL_ELEM: Central element for sensor [<N/A>]: 21406,462
CENTRAL_ELEM: Central element for sensor [<N/A>]: 21406,720
CENTRAL_ELEM: Central element for sensor [<N/A>]: 21408,701
CENTRAL_ELEM: Central element for sensor [<N/A>]: 21408,790
CENTRAL_ELEM: Central element for sensor [<N/A>]: 21410,345
CENTRAL_ELEM: Central element for sensor [<N/A>]: 21413,690
CENTRAL_ELEM: Central element for sensor [<N/A>]: 21415,900
CENTRAL_ELEM: Central element for sensor [<N/A>]: 21417,094
CENTRAL_ELEM: Central element for sensor [<N/A>]: 21418,250
CENTRAL_ELEM: Central element for sensor [<N/A>]: 21418,365
CENTRAL_ELEM: Central element for sensor [<N/A>]: 21418,721
CENTRAL_ELEM: Central element for sensor [<N/A>]: 21418,880
CENTRAL_ELEM: Central element for sensor [<N/A>]: 21419,194
CENTRAL_ELEM: Central element for sensor [<N/A>]: 21420,625
CENTRAL_ELEM: Central element for sensor [<N/A>]: 21424,310
CENTRAL_ELEM: Central element for sensor [<N/A>]: 21424,530
CENTRAL_ELEM: Central element for sensor [<N/A>]: 21428,272
CENTRAL_ELEM: Central element for sensor [<N/A>]: 21428,437
CENTRAL_ELEM: Central element for sensor [<N/A>]: 21430,641
CENTRAL_ELEM: Central element for sensor [<N/A>]: 21431,660
CENTRAL_ELEM: Central element for sensor [<N/A>]: 21432,037
CENTRAL_ELEM: Central element for sensor [<N/A>]: 21432,546
CENTRAL_ELEM: Central element for sensor [<N/A>]: 21434,305
CENTRAL_ELEM: Central element for sensor [<N/A>]: 21434,926
CENTRAL_ELEM: Central element for sensor [<N/A>]: 21436,598
CENTRAL_ELEM: Central element for sensor [<N/A>]: 21437,437
CENTRAL_ELEM: Central element for sensor [<N/A>]: 21441,600
CENTRAL_ELEM: Central element for sensor [<N/A>]: 21445,008
CENTRAL_ELEM: Central element for sensor [<N/A>]: 21446,026
CENTRAL_ELEM: Central element for sensor [<N/A>]: 21447,559
CENTRAL_ELEM: Central element for sensor [<N/A>]: 21448,990
CENTRAL_ELEM: Central element for sensor [<N/A>]: 21450,010
CENTRAL_ELEM: Central element for sensor [<N/A>]: 21451,399
CENTRAL_ELEM: Central element for sensor [<N/A>]: 21455,253
CENTRAL_ELEM: Central element for sensor [<N/A>]: 21459,253
CENTRAL_ELEM: Central element for sensor [<N/A>]: 21459,357
CENTRAL_ELEM: Central element for sensor [<N/A>]: 21461,591
CENTRAL_ELEM: Central element for sensor [<N/A>]: 21464,007
CENTRAL_ELEM: Central element for sensor [<N/A>]: 21464,599
CENTRAL_ELEM: Central element for sensor [<N/A>]: 21464,722
CENTRAL_ELEM: Central element for sensor [<N/A>]: 21464,930
CENTRAL_ELEM: Central element for sensor [<N/A>]: 21465,080
CENTRAL_ELEM: Central element for sensor [<N/A>]: 21465,802
CENTRAL_ELEM: Central element for sensor [<N/A>]: 21466,817
CENTRAL_ELEM: Central element for sensor [<N/A>]: 21467,930
CENTRAL_ELEM: Central element for sensor [<N/A>]: 21469,430
CENTRAL_ELEM: Central element for sensor [<N/A>]: 21469,470
CENTRAL_ELEM: Central element for sensor [<N/A>]: 21469,500
CENTRAL_ELEM: Central element for sensor [<N/A>]: 21471,362
CENTRAL_ELEM: Central element for sensor [<N/A>]: 21476,488
CENTRAL_ELEM: Central element for sensor [<N/A>]: 21477,817
CENTRAL_ELEM: Central element for sensor [<N/A>]: 21478,197
CENTRAL_ELEM: Central element for sensor [<N/A>]: 21478,984
CENTRAL_ELEM: Central element for sensor [<N/A>]: 21480,790
CENTRAL_ELEM: Central element for sensor [<N/A>]: 21481,750
CENTRAL_ELEM: Central element for sensor [<N/A>]: 21482,005
CENTRAL_ELEM: Central element for sensor [<N/A>]: 21482,076
CENTRAL_ELEM: Central element for sensor [<N/A>]: 21483,030
CENTRAL_ELEM: Central element for sensor [<N/A>]: 21485,561
CENTRAL_ELEM: Central element for sensor [<N/A>]: 21487,771
CENTRAL_ELEM: Central element for sensor [<N/A>]: 21487,938
CENTRAL_ELEM: Central element for sensor [<N/A>]: 21488,662
CENTRAL_ELEM: Central element for sensor [<N/A>]: 21488,994
CENTRAL_ELEM: Central element for sensor [<N/A>]: 21490,848
CENTRAL_ELEM: Central element for sensor [<N/A>]: 21491,076
CENTRAL_ELEM: Central element for sensor [<N/A>]: 21494,940
CENTRAL_ELEM: Central element for sensor [<N/A>]: 21496,874
CENTRAL_ELEM: Central element for sensor [<N/A>]: 21498,915
CENTRAL_ELEM: Central element for sensor [<N/A>]: 21499,095
CENTRAL_ELEM: Central element for sensor [<N/A>]: 21500,713
CENTRAL_ELEM: Central element for sensor [<N/A>]: 21500,981
CENTRAL_ELEM: Central element for sensor [<N/A>]: 21501,530
CENTRAL_ELEM: Central element for sensor [<N/A>]: 21502,194
CENTRAL_ELEM: Central element for sensor [<N/A>]: 21503,109
CENTRAL_ELEM: Central element for sensor [<N/A>]: 21505,437
CENTRAL_ELEM: Central element for sensor [<N/A>]: 21507,040
CENTRAL_ELEM: Central element for sensor [<N/A>]: 21508,146
CENTRAL_ELEM: Central element for sensor [<N/A>]: 21509,492
CENTRAL_ELEM: Central element for sensor [<N/A>]: 21510,620
CENTRAL_ELEM: Central element for sensor [<N/A>]: 21513,135
CENTRAL_ELEM: Central element for sensor [<N/A>]: 21513,264
CENTRAL_ELEM: Central element for sensor [<N/A>]: 21513,653
CENTRAL_ELEM: Central element for sensor [<N/A>]: 21513,863
CENTRAL_ELEM: Central element for sensor [<N/A>]: 21516,553
CENTRAL_ELEM: Central element for sensor [<N/A>]: 21518,037
CENTRAL_ELEM: Central element for sensor [<N/A>]: 21519,076
CENTRAL_ELEM: Central element for sensor [<N/A>]: 21520,000
CENTRAL_ELEM: Central element for sensor [<N/A>]: 21524,760
CENTRAL_ELEM: Central element for sensor [<N/A>]: 21527,125
CENTRAL_ELEM: Central element for sensor [<N/A>]: 21527,955
CENTRAL_ELEM: Central element for sensor [<N/A>]: 21528,642
CENTRAL_ELEM: Central element for sensor [<N/A>]: 21530,084
CENTRAL_ELEM: Central element for sensor [<N/A>]: 21530,580
CENTRAL_ELEM: Central element for sensor [<N/A>]: 21534,440
CENTRAL_ELEM: Central element for sensor [<N/A>]: 21535,440
CENTRAL_ELEM: Central element for sensor [<N/A>]: 21538,256
CENTRAL_ELEM: Central element for sensor [<N/A>]: 21541,491
CENTRAL_ELEM: Central element for sensor [<N/A>]: 21543,650
CENTRAL_ELEM: Central element for sensor [<N/A>]: 21549,177
CENTRAL_ELEM: Central element for sensor [<N/A>]: 21549,333
CENTRAL_ELEM: Central element for sensor [<N/A>]: 21555,870
CENTRAL_ELEM: Central element for sensor [<N/A>]: 21557,922
CENTRAL_ELEM: Central element for sensor [<N/A>]: 21558,038
CENTRAL_ELEM: Central element for sensor [<N/A>]: 21560,581
CENTRAL_ELEM: Central element for sensor [<N/A>]: 21562,560
CENTRAL_ELEM: Central element for sensor [<N/A>]: 21569,418
CENTRAL_ELEM: Central element for sensor [<N/A>]: 21571,959
CENTRAL_ELEM: Central element for sensor [<N/A>]: 21574,013
CENTRAL_ELEM: Central element for sensor [<N/A>]: 21575,317
CENTRAL_ELEM: Central element for sensor [<N/A>]: 21576,347
CENTRAL_ELEM: Central element for sensor [<N/A>]: 21576,999
CENTRAL_ELEM: Central element for sensor [<N/A>]: 21577,266
CENTRAL_ELEM: Central element for sensor [<N/A>]: 21580,787
CENTRAL_ELEM: Central element for sensor [<N/A>]: 21582,182
CENTRAL_ELEM: Central element for sensor [<N/A>]: 21582,560
CENTRAL_ELEM: Central element for sensor [<N/A>]: 21584,695
CENTRAL_ELEM: Central element for sensor [<N/A>]: 21584,832
CENTRAL_ELEM: Central element for sensor [<N/A>]: 21587,315
CENTRAL_ELEM: Central element for sensor [<N/A>]: 21588,098
CENTRAL_ELEM: Central element for sensor [<N/A>]: 21588,140
CENTRAL_ELEM: Central element for sensor [<N/A>]: 21588,150
CENTRAL_ELEM: Central element for sensor [<N/A>]: 21591,899
CENTRAL_ELEM: Central element for sensor [<N/A>]: 21591,927
CENTRAL_ELEM: Central element for sensor [<N/A>]: 21593,070
CENTRAL_ELEM: Central element for sensor [<N/A>]: 21594,100
CENTRAL_ELEM: Central element for sensor [<N/A>]: 21595,545
CENTRAL_ELEM: Central element for sensor [<N/A>]: 21596,216
CENTRAL_ELEM: Central element for sensor [<N/A>]: 21596,627
CENTRAL_ELEM: Central element for sensor [<N/A>]: 21596,988
CENTRAL_ELEM: Central element for sensor [<N/A>]: 21600,677
CENTRAL_ELEM: Central element for sensor [<N/A>]: 21603,302
CENTRAL_ELEM: Central element for sensor [<N/A>]: 21604,001
CENTRAL_ELEM: Central element for sensor [<N/A>]: 21605,804
CENTRAL_ELEM: Central element for sensor [<N/A>]: 21607,675
CENTRAL_ELEM: Central element for sensor [<N/A>]: 21612,730
CENTRAL_ELEM: Central element for sensor [<N/A>]: 21614,160
CENTRAL_ELEM: Central element for sensor [<N/A>]: 21615,093
CENTRAL_ELEM: Central element for sensor [<N/A>]: 21618,430
CENTRAL_ELEM: Central element for sensor [<N/A>]: 21618,550
CENTRAL_ELEM: Central element for sensor [<N/A>]: 21618,597
CENTRAL_ELEM: Central element for sensor [<N/A>]: 21622,280
CENTRAL_ELEM: Central element for sensor [<N/A>]: 21622,309
CENTRAL_ELEM: Central element for sensor [<N/A>]: 21622,947
CENTRAL_ELEM: Central element for sensor [<N/A>]: 21626,530
CENTRAL_ELEM: Central element for sensor [<N/A>]: 21628,655
CENTRAL_ELEM: Central element for sensor [<N/A>]: 21628,730
CENTRAL_ELEM: Central element for sensor [<N/A>]: 21631,769
CENTRAL_ELEM: Central element for sensor [<N/A>]: 21633,100
CENTRAL_ELEM: Central element for sensor [<N/A>]: 21637,390
CENTRAL_ELEM: Central element for sensor [<N/A>]: 21637,785
CENTRAL_ELEM: Central element for sensor [<N/A>]: 21638,740
CENTRAL_ELEM: Central element for sensor [<N/A>]: 21640,410
CENTRAL_ELEM: Central element for sensor [<N/A>]: 21640,488
CENTRAL_ELEM: Central element for sensor [<N/A>]: 21647,319
CENTRAL_ELEM: Central element for sensor [<N/A>]: 21648,405
CENTRAL_ELEM: Central element for sensor [<N/A>]: 21649,772
CENTRAL_ELEM: Central element for sensor [<N/A>]: 21650,756
CENTRAL_ELEM: Central element for sensor [<N/A>]: 21652,170
CENTRAL_ELEM: Central element for sensor [<N/A>]: 21655,080
CENTRAL_ELEM: Central element for sensor [<N/A>]: 21657,100
CENTRAL_ELEM: Central element for sensor [<N/A>]: 21659,220
CENTRAL_ELEM: Central element for sensor [<N/A>]: 21660,250
CENTRAL_ELEM: Central element for sensor [<N/A>]: 21660,507
CENTRAL_ELEM: Central element for sensor [<N/A>]: 21666,030
CENTRAL_ELEM: Central element for sensor [<N/A>]: 21666,287
CENTRAL_ELEM: Central element for sensor [<N/A>]: 21667,267
CENTRAL_ELEM: Central element for sensor [<N/A>]: 21667,678
CENTRAL_ELEM: Central element for sensor [<N/A>]: 21667,710
CENTRAL_ELEM: Central element for sensor [<N/A>]: 21672,830
CENTRAL_ELEM: Central element for sensor [<N/A>]: 21674,800
CENTRAL_ELEM: Central element for sensor [<N/A>]: 21677,921
CENTRAL_ELEM: Central element for sensor [<N/A>]: 21678,004
CENTRAL_ELEM: Central element for sensor [<N/A>]: 21681,590
CENTRAL_ELEM: Central element for sensor [<N/A>]: 21682,044
CENTRAL_ELEM: Central element for sensor [<N/A>]: 21682,387
CENTRAL_ELEM: Central element for sensor [<N/A>]: 21682,523
CENTRAL_ELEM: Central element for sensor [<N/A>]: 21682,790
CENTRAL_ELEM: Central element for sensor [<N/A>]: 21688,059
CENTRAL_ELEM: Central element for sensor [<N/A>]: 21688,087
CENTRAL_ELEM: Central element for sensor [<N/A>]: 21689,671
CENTRAL_ELEM: Central element for sensor [<N/A>]: 21691,761
CENTRAL_ELEM: Central element for sensor [<N/A>]: 21698,664
CENTRAL_ELEM: Central element for sensor [<N/A>]: 21699,660
CENTRAL_ELEM: Central element for sensor [<N/A>]: 21701,298
CENTRAL_ELEM: Central element for sensor [<N/A>]: 21701,414
CENTRAL_ELEM: Central element for sensor [<N/A>]: 21703,818
CENTRAL_ELEM: Central element for sensor [<N/A>]: 21704,850
CENTRAL_ELEM: Central element for sensor [<N/A>]: 21707,330
CENTRAL_ELEM: Central element for sensor [<N/A>]: 21708,120
CENTRAL_ELEM: Central element for sensor [<N/A>]: 21710,310
CENTRAL_ELEM: Central element for sensor [<N/A>]: 21711,681
CENTRAL_ELEM: Central element for sensor [<N/A>]: 21711,843
CENTRAL_ELEM: Central element for sensor [<N/A>]: 21712,017
CENTRAL_ELEM: Central element for sensor [<N/A>]: 21714,720
CENTRAL_ELEM: Central element for sensor [<N/A>]: 21715,494
CENTRAL_ELEM: Central element for sensor [<N/A>]: 21716,592
CENTRAL_ELEM: Central element for sensor [<N/A>]: 21716,910
CENTRAL_ELEM: Central element for sensor [<N/A>]: 21719,905
CENTRAL_ELEM: Central element for sensor [<N/A>]: 21720,568
CENTRAL_ELEM: Central element for sensor [<N/A>]: 21720,782
CENTRAL_ELEM: Central element for sensor [<N/A>]: 21722,592
CENTRAL_ELEM: Central element for sensor [<N/A>]: 21722,643
CENTRAL_ELEM: Central element for sensor [<N/A>]: 21722,687
CENTRAL_ELEM: Central element for sensor [<N/A>]: 21723,529
CENTRAL_ELEM: Central element for sensor [<N/A>]: 21725,427
CENTRAL_ELEM: Central element for sensor [<N/A>]: 21727,041
CENTRAL_ELEM: Central element for sensor [<N/A>]: 21729,661
CENTRAL_ELEM: Central element for sensor [<N/A>]: 21730,137
CENTRAL_ELEM: Central element for sensor [<N/A>]: 21730,581
CENTRAL_ELEM: Central element for sensor [<N/A>]: 21736,936
CENTRAL_ELEM: Central element for sensor [<N/A>]: 21737,480
CENTRAL_ELEM: Central element for sensor [<N/A>]: 21738,070
CENTRAL_ELEM: Central element for sensor [<N/A>]: 21741,352
CENTRAL_ELEM: Central element for sensor [<N/A>]: 21742,910
CENTRAL_ELEM: Central element for sensor [<N/A>]: 21743,140
CENTRAL_ELEM: Central element for sensor [<N/A>]: 21743,740
CENTRAL_ELEM: Central element for sensor [<N/A>]: 21745,052
CENTRAL_ELEM: Central element for sensor [<N/A>]: 21745,450
CENTRAL_ELEM: Central element for sensor [<N/A>]: 21745,817
CENTRAL_ELEM: Central element for sensor [<N/A>]: 21750,727
CENTRAL_ELEM: Central element for sensor [<N/A>]: 21751,198
CENTRAL_ELEM: Central element for sensor [<N/A>]: 21752,752
CENTRAL_ELEM: Central element for sensor [<N/A>]: 21756,422
CENTRAL_ELEM: Central element for sensor [<N/A>]: 21759,077
CENTRAL_ELEM: Central element for sensor [<N/A>]: 21759,885
CENTRAL_ELEM: Central element for sensor [<N/A>]: 21762,063
CENTRAL_ELEM: Central element for sensor [<N/A>]: 21765,847
CENTRAL_ELEM: Central element for sensor [<N/A>]: 21766,537
CENTRAL_ELEM: Central element for sensor [<N/A>]: 21766,721
CENTRAL_ELEM: Central element for sensor [<N/A>]: 21768,893
CENTRAL_ELEM: Central element for sensor [<N/A>]: 21772,696
CENTRAL_ELEM: Central element for sensor [<N/A>]: 21776,880
CENTRAL_ELEM: Central element for sensor [<N/A>]: 21778,134
CENTRAL_ELEM: Central element for sensor [<N/A>]: 21779,455
CENTRAL_ELEM: Central element for sensor [<N/A>]: 21781,312
CENTRAL_ELEM: Central element for sensor [<N/A>]: 21782,859
CENTRAL_ELEM: Central element for sensor [<N/A>]: 21784,220
CENTRAL_ELEM: Central element for sensor [<N/A>]: 21785,300
CENTRAL_ELEM: Central element for sensor [<N/A>]: 21786,196
CENTRAL_ELEM: Central element for sensor [<N/A>]: 21786,742
CENTRAL_ELEM: Central element for sensor [<N/A>]: 21787,460
CENTRAL_ELEM: Central element for sensor [<N/A>]: 21790,520
CENTRAL_ELEM: Central element for sensor [<N/A>]: 21790,798
CENTRAL_ELEM: Central element for sensor [<N/A>]: 21792,379
CENTRAL_ELEM: Central element for sensor [<N/A>]: 21792,496
CENTRAL_ELEM: Central element for sensor [<N/A>]: 21792,971
CENTRAL_ELEM: Central element for sensor [<N/A>]: 21797,874
CENTRAL_ELEM: Central element for sensor [<N/A>]: 21798,057
CENTRAL_ELEM: Central element for sensor [<N/A>]: 21800,620
CENTRAL_ELEM: Central element for sensor [<N/A>]: 21803,197
CENTRAL_ELEM: Central element for sensor [<N/A>]: 21803,232
CENTRAL_ELEM: Central element for sensor [<N/A>]: 21806,919
CENTRAL_ELEM: Central element for sensor [<N/A>]: 21807,094
CENTRAL_ELEM: Central element for sensor [<N/A>]: 21807,130
CENTRAL_ELEM: Central element for sensor [<N/A>]: 21808,241
CENTRAL_ELEM: Central element for sensor [<N/A>]: 21810,230
CENTRAL_ELEM: Central element for sensor [<N/A>]: 21813,180
CENTRAL_ELEM: Central element for sensor [<N/A>]: 21813,200
CENTRAL_ELEM: Central element for sensor [<N/A>]: 21814,164
CENTRAL_ELEM: Central element for sensor [<N/A>]: 21814,681
CENTRAL_ELEM: Central element for sensor [<N/A>]: 21816,295
CENTRAL_ELEM: Central element for sensor [<N/A>]: 21817,148
CENTRAL_ELEM: Central element for sensor [<N/A>]: 21817,356
CENTRAL_ELEM: Central element for sensor [<N/A>]: 21819,024
CENTRAL_ELEM: Central element for sensor [<N/A>]: 21819,936
CENTRAL_ELEM: Central element for sensor [<N/A>]: 21820,190
CENTRAL_ELEM: Central element for sensor [<N/A>]: 21820,755
CENTRAL_ELEM: Central element for sensor [<N/A>]: 21820,777
CENTRAL_ELEM: Central element for sensor [<N/A>]: 21820,910
CENTRAL_ELEM: Central element for sensor [<N/A>]: 21821,199
CENTRAL_ELEM: Central element for sensor [<N/A>]: 21821,720
CENTRAL_ELEM: Central element for sensor [<N/A>]: 21821,822
CENTRAL_ELEM: Central element for sensor [<N/A>]: 21826,987
CENTRAL_ELEM: Central element for sensor [<N/A>]: 21827,440
CENTRAL_ELEM: Central element for sensor [<N/A>]: 21827,622
CENTRAL_ELEM: Central element for sensor [<N/A>]: 21828,541
CENTRAL_ELEM: Central element for sensor [<N/A>]: 21831,703
CENTRAL_ELEM: Central element for sensor [<N/A>]: 21831,950
CENTRAL_ELEM: Central element for sensor [<N/A>]: 21832,520
CENTRAL_ELEM: Central element for sensor [<N/A>]: 21832,712
CENTRAL_ELEM: Central element for sensor [<N/A>]: 21832,850
CENTRAL_ELEM: Central element for sensor [<N/A>]: 21835,278
CENTRAL_ELEM: Central element for sensor [<N/A>]: 21835,606
CENTRAL_ELEM: Central element for sensor [<N/A>]: 21837,620
CENTRAL_ELEM: Central element for sensor [<N/A>]: 21838,216
CENTRAL_ELEM: Central element for sensor [<N/A>]: 21840,124
CENTRAL_ELEM: Central element for sensor [<N/A>]: 21840,600
CENTRAL_ELEM: Central element for sensor [<N/A>]: 21842,190
CENTRAL_ELEM: Central element for sensor [<N/A>]: 21844,674
CENTRAL_ELEM: Central element for sensor [<N/A>]: 21845,180
CENTRAL_ELEM: Central element for sensor [<N/A>]: 21851,191
CENTRAL_ELEM: Central element for sensor [<N/A>]: 21851,427
CENTRAL_ELEM: Central element for sensor [<N/A>]: 21852,353
CENTRAL_ELEM: Central element for sensor [<N/A>]: 21854,769
CENTRAL_ELEM: Central element for sensor [<N/A>]: 21857,922
CENTRAL_ELEM: Central element for sensor [<N/A>]: 21858,703
CENTRAL_ELEM: Central element for sensor [<N/A>]: 21859,855
CENTRAL_ELEM: Central element for sensor [<N/A>]: 21860,938
CENTRAL_ELEM: Central element for sensor [<N/A>]: 21867,407
CENTRAL_ELEM: Central element for sensor [<N/A>]: 21867,702
CENTRAL_ELEM: Central element for sensor [<N/A>]: 21869,138
CENTRAL_ELEM: Central element for sensor [<N/A>]: 21871,541
CENTRAL_ELEM: Central element for sensor [<N/A>]: 21873,510
CENTRAL_ELEM: Central element for sensor [<N/A>]: 21874,339
CENTRAL_ELEM: Central element for sensor [<N/A>]: 21874,444
CENTRAL_ELEM: Central element for sensor [<N/A>]: 21875,640
CENTRAL_ELEM: Central element for sensor [<N/A>]: 21878,290
CENTRAL_ELEM: Central element for sensor [<N/A>]: 21878,554
CENTRAL_ELEM: Central element for sensor [<N/A>]: 21879,717
CENTRAL_ELEM: Central element for sensor [<N/A>]: 21881,793
CENTRAL_ELEM: Central element for sensor [<N/A>]: 21881,947
CENTRAL_ELEM: Central element for sensor [<N/A>]: 21882,569
CENTRAL_ELEM: Central element for sensor [<N/A>]: 21884,170
CENTRAL_ELEM: Central element for sensor [<N/A>]: 21884,872
CENTRAL_ELEM: Central element for sensor [<N/A>]: 21886,955
CENTRAL_ELEM: Central element for sensor [<N/A>]: 21888,193
CENTRAL_ELEM: Central element for sensor [<N/A>]: 21889,336
CENTRAL_ELEM: Central element for sensor [<N/A>]: 21889,466
CENTRAL_ELEM: Central element for sensor [<N/A>]: 21891,308
CENTRAL_ELEM: Central element for sensor [<N/A>]: 21891,353
CENTRAL_ELEM: Central element for sensor [<N/A>]: 21891,979
CENTRAL_ELEM: Central element for sensor [<N/A>]: 21894,787
CENTRAL_ELEM: Central element for sensor [<N/A>]: 21895,667
CENTRAL_ELEM: Central element for sensor [<N/A>]: 21898,901
CENTRAL_ELEM: Central element for sensor [<N/A>]: 21899,628
CENTRAL_ELEM: Central element for sensor [<N/A>]: 21899,636
CENTRAL_ELEM: Central element for sensor [<N/A>]: 21899,842
CENTRAL_ELEM: Central element for sensor [<N/A>]: 21900,310
CENTRAL_ELEM: Central element for sensor [<N/A>]: 21903,706
CENTRAL_ELEM: Central element for sensor [<N/A>]: 21904,197
CENTRAL_ELEM: Central element for sensor [<N/A>]: 21905,703
CENTRAL_ELEM: Central element for sensor [<N/A>]: 21908,477
CENTRAL_ELEM: Central element for sensor [<N/A>]: 21910,330
CENTRAL_ELEM: Central element for sensor [<N/A>]: 21910,501
CENTRAL_ELEM: Central element for sensor [<N/A>]: 21911,920
CENTRAL_ELEM: Central element for sensor [<N/A>]: 21918,720
CENTRAL_ELEM: Central element for sensor [<N/A>]: 21922,104
CENTRAL_ELEM: Central element for sensor [<N/A>]: 21924,035
CENTRAL_ELEM: Central element for sensor [<N/A>]: 21924,598
CENTRAL_ELEM: Central element for sensor [<N/A>]: 21924,750
CENTRAL_ELEM: Central element for sensor [<N/A>]: 21924,853
CENTRAL_ELEM: Central element for sensor [<N/A>]: 21925,081
CENTRAL_ELEM: Central element for sensor [<N/A>]: 21927,112
CENTRAL_ELEM: Central element for sensor [<N/A>]: 21928,211
CENTRAL_ELEM: Central element for sensor [<N/A>]: 21930,013
CENTRAL_ELEM: Central element for sensor [<N/A>]: 21932,147
CENTRAL_ELEM: Central element for sensor [<N/A>]: 21932,184
CENTRAL_ELEM: Central element for sensor [<N/A>]: 21932,625
CENTRAL_ELEM: Central element for sensor [<N/A>]: 21932,920
CENTRAL_ELEM: Central element for sensor [<N/A>]: 21934,420
CENTRAL_ELEM: Central element for sensor [<N/A>]: 21939,254
CENTRAL_ELEM: Central element for sensor [<N/A>]: 21939,415
CENTRAL_ELEM: Central element for sensor [<N/A>]: 21940,030
CENTRAL_ELEM: Central element for sensor [<N/A>]: 21940,860
CENTRAL_ELEM: Central element for sensor [<N/A>]: 21942,339
CENTRAL_ELEM: Central element for sensor [<N/A>]: 21942,647
CENTRAL_ELEM: Central element for sensor [<N/A>]: 21947,175
CENTRAL_ELEM: Central element for sensor [<N/A>]: 21947,640
CENTRAL_ELEM: Central element for sensor [<N/A>]: 21948,515
CENTRAL_ELEM: Central element for sensor [<N/A>]: 21948,523
CENTRAL_ELEM: Central element for sensor [<N/A>]: 21948,570
CENTRAL_ELEM: Central element for sensor [<N/A>]: 21948,660
CENTRAL_ELEM: Central element for sensor [<N/A>]: 21952,465
CENTRAL_ELEM: Central element for sensor [<N/A>]: 21957,291
CENTRAL_ELEM: Central element for sensor [<N/A>]: 21958,860
CENTRAL_ELEM: Central element for sensor [<N/A>]: 21965,970
CENTRAL_ELEM: Central element for sensor [<N/A>]: 21967,252
CENTRAL_ELEM: Central element for sensor [<N/A>]: 21968,396
CENTRAL_ELEM: Central element for sensor [<N/A>]: 21969,602
CENTRAL_ELEM: Central element for sensor [<N/A>]: 21970,710
CENTRAL_ELEM: Central element for sensor [<N/A>]: 21971,704
CENTRAL_ELEM: Central element for sensor [<N/A>]: 21974,610
CENTRAL_ELEM: Central element for sensor [<N/A>]: 21974,658
CENTRAL_ELEM: Central element for sensor [<N/A>]: 21974,810
CENTRAL_ELEM: Central element for sensor [<N/A>]: 21975,281
CENTRAL_ELEM: Central element for sensor [<N/A>]: 21975,756
CENTRAL_ELEM: Central element for sensor [<N/A>]: 21980,099
CENTRAL_ELEM: Central element for sensor [<N/A>]: 21980,750
CENTRAL_ELEM: Central element for sensor [<N/A>]: 21980,830
CENTRAL_ELEM: Central element for sensor [<N/A>]: 21983,767
CENTRAL_ELEM: Central element for sensor [<N/A>]: 21984,867
CENTRAL_ELEM: Central element for sensor [<N/A>]: 21985,509
CENTRAL_ELEM: Central element for sensor [<N/A>]: 21986,522
CENTRAL_ELEM: Central element for sensor [<N/A>]: 21987,025
CENTRAL_ELEM: Central element for sensor [<N/A>]: 21987,060
CENTRAL_ELEM: Central element for sensor [<N/A>]: 21988,723
CENTRAL_ELEM: Central element for sensor [<N/A>]: 21990,060
CENTRAL_ELEM: Central element for sensor [<N/A>]: 21992,303
CENTRAL_ELEM: Central element for sensor [<N/A>]: 21993,265
CENTRAL_ELEM: Central element for sensor [<N/A>]: 21996,420
CENTRAL_ELEM: Central element for sensor [<N/A>]: 21996,647
CENTRAL_ELEM: Central element for sensor [<N/A>]: 21996,670
CENTRAL_ELEM: Central element for sensor [<N/A>]: 21996,969
CENTRAL_ELEM: Central element for sensor [<N/A>]: 22004,885
CENTRAL_ELEM: Central element for sensor [<N/A>]: 22005,447
CENTRAL_ELEM: Central element for sensor [<N/A>]: 22007,140
CENTRAL_ELEM: Central element for sensor [<N/A>]: 22008,423
CENTRAL_ELEM: Central element for sensor [<N/A>]: 22009,110
CENTRAL_ELEM: Central element for sensor [<N/A>]: 22009,681
CENTRAL_ELEM: Central element for sensor [<N/A>]: 22012,462
CENTRAL_ELEM: Central element for sensor [<N/A>]: 22019,546
CENTRAL_ELEM: Central element for sensor [<N/A>]: 22022,100
CENTRAL_ELEM: Central element for sensor [<N/A>]: 22024,060
CENTRAL_ELEM: Central element for sensor [<N/A>]: 22025,408
CENTRAL_ELEM: Central element for sensor [<N/A>]: 22025,746
CENTRAL_ELEM: Central element for sensor [<N/A>]: 22026,464
CENTRAL_ELEM: Central element for sensor [<N/A>]: 22026,940
CENTRAL_ELEM: Central element for sensor [<N/A>]: 22028,075
CENTRAL_ELEM: Central element for sensor [<N/A>]: 22028,300
CENTRAL_ELEM: Central element for sensor [<N/A>]: 22028,934
CENTRAL_ELEM: Central element for sensor [<N/A>]: 22029,262
CENTRAL_ELEM: Central element for sensor [<N/A>]: 22029,310
CENTRAL_ELEM: Central element for sensor [<N/A>]: 22030,220
CENTRAL_ELEM: Central element for sensor [<N/A>]: 22031,301
CENTRAL_ELEM: Central element for sensor [<N/A>]: 22032,427
CENTRAL_ELEM: Central element for sensor [<N/A>]: 22033,541
CENTRAL_ELEM: Central element for sensor [<N/A>]: 22034,242
CENTRAL_ELEM: Central element for sensor [<N/A>]: 22035,193
CENTRAL_ELEM: Central element for sensor [<N/A>]: 22035,370
CENTRAL_ELEM: Central element for sensor [<N/A>]: 22035,838
CENTRAL_ELEM: Central element for sensor [<N/A>]: 22039,116
CENTRAL_ELEM: Central element for sensor [<N/A>]: 22040,116
CENTRAL_ELEM: Central element for sensor [<N/A>]: 22041,734
CENTRAL_ELEM: Central element for sensor [<N/A>]: 22042,177
CENTRAL_ELEM: Central element for sensor [<N/A>]: 22042,653
CENTRAL_ELEM: Central element for sensor [<N/A>]: 22042,730
CENTRAL_ELEM: Central element for sensor [<N/A>]: 22043,580
CENTRAL_ELEM: Central element for sensor [<N/A>]: 22044,995
CENTRAL_ELEM: Central element for sensor [<N/A>]: 22045,311
CENTRAL_ELEM: Central element for sensor [<N/A>]: 22045,387
CENTRAL_ELEM: Central element for sensor [<N/A>]: 22046,571
CENTRAL_ELEM: Central element for sensor [<N/A>]: 22048,137
CENTRAL_ELEM: Central element for sensor [<N/A>]: 22049,300
CENTRAL_ELEM: Central element for sensor [<N/A>]: 22049,338
CENTRAL_ELEM: Central element for sensor [<N/A>]: 22054,701
CENTRAL_ELEM: Central element for sensor [<N/A>]: 22055,567
CENTRAL_ELEM: Central element for sensor [<N/A>]: 22056,220
CENTRAL_ELEM: Central element for sensor [<N/A>]: 22056,966
CENTRAL_ELEM: Central element for sensor [<N/A>]: 22057,391
CENTRAL_ELEM: Central element for sensor [<N/A>]: 22058,171
CENTRAL_ELEM: Central element for sensor [<N/A>]: 22059,860
CENTRAL_ELEM: Central element for sensor [<N/A>]: 22061,849
CENTRAL_ELEM: Central element for sensor [<N/A>]: 22061,990
CENTRAL_ELEM: Central element for sensor [<N/A>]: 22063,060
CENTRAL_ELEM: Central element for sensor [<N/A>]: 22067,139
CENTRAL_ELEM: Central element for sensor [<N/A>]: 22067,250
CENTRAL_ELEM: Central element for sensor [<N/A>]: 22068,075
CENTRAL_ELEM: Central element for sensor [<N/A>]: 22071,025
CENTRAL_ELEM: Central element for sensor [<N/A>]: 22071,571
CENTRAL_ELEM: Central element for sensor [<N/A>]: 22073,651
CENTRAL_ELEM: Central element for sensor [<N/A>]: 22074,290
CENTRAL_ELEM: Central element for sensor [<N/A>]: 22074,467
CENTRAL_ELEM: Central element for sensor [<N/A>]: 22076,257
CENTRAL_ELEM: Central element for sensor [<N/A>]: 22077,764
CENTRAL_ELEM: Central element for sensor [<N/A>]: 22080,810
CENTRAL_ELEM: Central element for sensor [<N/A>]: 22082,264
CENTRAL_ELEM: Central element for sensor [<N/A>]: 22085,000
CENTRAL_ELEM: Central element for sensor [<N/A>]: 22090,234
CENTRAL_ELEM: Central element for sensor [<N/A>]: 22091,207
CENTRAL_ELEM: Central element for sensor [<N/A>]: 22093,038
CENTRAL_ELEM: Central element for sensor [<N/A>]: 22093,200
CENTRAL_ELEM: Central element for sensor [<N/A>]: 22095,547
CENTRAL_ELEM: Central element for sensor [<N/A>]: 22095,675
CENTRAL_ELEM: Central element for sensor [<N/A>]: 22098,745
CENTRAL_ELEM: Central element for sensor [<N/A>]: 22104,010
CENTRAL_ELEM: Central element for sensor [<N/A>]: 22108,198
CENTRAL_ELEM: Central element for sensor [<N/A>]: 22108,470
CENTRAL_ELEM: Central element for sensor [<N/A>]: 22108,609
CENTRAL_ELEM: Central element for sensor [<N/A>]: 22108,990
CENTRAL_ELEM: Central element for sensor [<N/A>]: 22110,616
CENTRAL_ELEM: Central element for sensor [<N/A>]: 22111,540
CENTRAL_ELEM: Central element for sensor [<N/A>]: 22111,575
CENTRAL_ELEM: Central element for sensor [<N/A>]: 22113,171
CENTRAL_ELEM: Central element for sensor [<N/A>]: 22113,850
CENTRAL_ELEM: Central element for sensor [<N/A>]: 22116,284
CENTRAL_ELEM: Central element for sensor [<N/A>]: 22116,441
CENTRAL_ELEM: Central element for sensor [<N/A>]: 22116,460
CENTRAL_ELEM: Central element for sensor [<N/A>]: 22118,059
CENTRAL_ELEM: Central element for sensor [<N/A>]: 22118,724
CENTRAL_ELEM: Central element for sensor [<N/A>]: 22120,808
CENTRAL_ELEM: Central element for sensor [<N/A>]: 22123,030
CENTRAL_ELEM: Central element for sensor [<N/A>]: 22123,350
CENTRAL_ELEM: Central element for sensor [<N/A>]: 22124,039
CENTRAL_ELEM: Central element for sensor [<N/A>]: 22124,788
CENTRAL_ELEM: Central element for sensor [<N/A>]: 22125,412
CENTRAL_ELEM: Central element for sensor [<N/A>]: 22127,121
CENTRAL_ELEM: Central element for sensor [<N/A>]: 22128,156
CENTRAL_ELEM: Central element for sensor [<N/A>]: 22128,395
CENTRAL_ELEM: Central element for sensor [<N/A>]: 22129,079
CENTRAL_ELEM: Central element for sensor [<N/A>]: 22132,510
CENTRAL_ELEM: Central element for sensor [<N/A>]: 22132,819
CENTRAL_ELEM: Central element for sensor [<N/A>]: 22133,235
CENTRAL_ELEM: Central element for sensor [<N/A>]: 22133,591
CENTRAL_ELEM: Central element for sensor [<N/A>]: 22133,883
CENTRAL_ELEM: Central element for sensor [<N/A>]: 22134,426
CENTRAL_ELEM: Central element for sensor [<N/A>]: 22134,837
CENTRAL_ELEM: Central element for sensor [<N/A>]: 22136,903
CENTRAL_ELEM: Central element for sensor [<N/A>]: 22137,880
CENTRAL_ELEM: Central element for sensor [<N/A>]: 22140,594
CENTRAL_ELEM: Central element for sensor [<N/A>]: 22142,151
CENTRAL_ELEM: Central element for sensor [<N/A>]: 22142,197
CENTRAL_ELEM: Central element for sensor [<N/A>]: 22143,028
CENTRAL_ELEM: Central element for sensor [<N/A>]: 22143,321
CENTRAL_ELEM: Central element for sensor [<N/A>]: 22143,807
CENTRAL_ELEM: Central element for sensor [<N/A>]: 22147,369
CENTRAL_ELEM: Central element for sensor [<N/A>]: 22149,647
CENTRAL_ELEM: Central element for sensor [<N/A>]: 22150,000
CENTRAL_ELEM: Central element for sensor [<N/A>]: 22150,657
CENTRAL_ELEM: Central element for sensor [<N/A>]: 22151,014
CENTRAL_ELEM: Central element for sensor [<N/A>]: 22151,445
CENTRAL_ELEM: Central element for sensor [<N/A>]: 22152,561
CENTRAL_ELEM: Central element for sensor [<N/A>]: 22153,333
CENTRAL_ELEM: Central element for sensor [<N/A>]: 22153,357
CENTRAL_ELEM: Central element for sensor [<N/A>]: 22155,304
CENTRAL_ELEM: Central element for sensor [<N/A>]: 22157,110
CENTRAL_ELEM: Central element for sensor [<N/A>]: 22159,460
CENTRAL_ELEM: Central element for sensor [<N/A>]: 22162,618
CENTRAL_ELEM: Central element for sensor [<N/A>]: 22164,007
CENTRAL_ELEM: Central element for sensor [<N/A>]: 22165,498
CENTRAL_ELEM: Central element for sensor [<N/A>]: 22165,810
CENTRAL_ELEM: Central element for sensor [<N/A>]: 22166,207
CENTRAL_ELEM: Central element for sensor [<N/A>]: 22166,270
CENTRAL_ELEM: Central element for sensor [<N/A>]: 22167,166
CENTRAL_ELEM: Central element for sensor [<N/A>]: 22167,187
CENTRAL_ELEM: Central element for sensor [<N/A>]: 22167,755
CENTRAL_ELEM: Central element for sensor [<N/A>]: 22169,682
CENTRAL_ELEM: Central element for sensor [<N/A>]: 22171,507
CENTRAL_ELEM: Central element for sensor [<N/A>]: 22173,596
CENTRAL_ELEM: Central element for sensor [<N/A>]: 22173,700
CENTRAL_ELEM: Central element for sensor [<N/A>]: 22174,467
CENTRAL_ELEM: Central element for sensor [<N/A>]: 22175,131
CENTRAL_ELEM: Central element for sensor [<N/A>]: 22175,700
CENTRAL_ELEM: Central element for sensor [<N/A>]: 22177,247
CENTRAL_ELEM: Central element for sensor [<N/A>]: 22177,643
CENTRAL_ELEM: Central element for sensor [<N/A>]: 22182,427
CENTRAL_ELEM: Central element for sensor [<N/A>]: 22185,024
CENTRAL_ELEM: Central element for sensor [<N/A>]: 22188,432
CENTRAL_ELEM: Central element for sensor [<N/A>]: 22192,460
CENTRAL_ELEM: Central element for sensor [<N/A>]: 22194,740
CENTRAL_ELEM: Central element for sensor [<N/A>]: 22195,147
CENTRAL_ELEM: Central element for sensor [<N/A>]: 22196,139
CENTRAL_ELEM: Central element for sensor [<N/A>]: 22197,753
CENTRAL_ELEM: Central element for sensor [<N/A>]: 22200,290
CENTRAL_ELEM: Central element for sensor [<N/A>]: 22201,640
CENTRAL_ELEM: Central element for sensor [<N/A>]: 22201,957
CENTRAL_ELEM: Central element for sensor [<N/A>]: 22204,470
CENTRAL_ELEM: Central element for sensor [<N/A>]: 22204,682
CENTRAL_ELEM: Central element for sensor [<N/A>]: 22206,030
CENTRAL_ELEM: Central element for sensor [<N/A>]: 22210,877
CENTRAL_ELEM: Central element for sensor [<N/A>]: 22213,146
CENTRAL_ELEM: Central element for sensor [<N/A>]: 22214,050
CENTRAL_ELEM: Central element for sensor [<N/A>]: 22215,988
CENTRAL_ELEM: Central element for sensor [<N/A>]: 22217,007
CENTRAL_ELEM: Central element for sensor [<N/A>]: 22217,098
CENTRAL_ELEM: Central element for sensor [<N/A>]: 22217,457
CENTRAL_ELEM: Central element for sensor [<N/A>]: 22219,332
CENTRAL_ELEM: Central element for sensor [<N/A>]: 22219,430
CENTRAL_ELEM: Central element for sensor [<N/A>]: 22221,404
CENTRAL_ELEM: Central element for sensor [<N/A>]: 22223,455
CENTRAL_ELEM: Central element for sensor [<N/A>]: 22226,375
CENTRAL_ELEM: Central element for sensor [<N/A>]: 22227,788
CENTRAL_ELEM: Central element for sensor [<N/A>]: 22228,164
CENTRAL_ELEM: Central element for sensor [<N/A>]: 22231,350
CENTRAL_ELEM: Central element for sensor [<N/A>]: 22234,137
CENTRAL_ELEM: Central element for sensor [<N/A>]: 22234,423
CENTRAL_ELEM: Central element for sensor [<N/A>]: 22238,294
CENTRAL_ELEM: Central element for sensor [<N/A>]: 22240,306
CENTRAL_ELEM: Central element for sensor [<N/A>]: 22240,511
CENTRAL_ELEM: Central element for sensor [<N/A>]: 22242,350
CENTRAL_ELEM: Central element for sensor [<N/A>]: 22242,957
CENTRAL_ELEM: Central element for sensor [<N/A>]: 22243,244
CENTRAL_ELEM: Central element for sensor [<N/A>]: 22243,940
CENTRAL_ELEM: Central element for sensor [<N/A>]: 22244,490
CENTRAL_ELEM: Central element for sensor [<N/A>]: 22244,587
CENTRAL_ELEM: Central element for sensor [<N/A>]: 22244,601
CENTRAL_ELEM: Central element for sensor [<N/A>]: 22246,482
CENTRAL_ELEM: Central element for sensor [<N/A>]: 22248,986
CENTRAL_ELEM: Central element for sensor [<N/A>]: 22249,266
CENTRAL_ELEM: Central element for sensor [<N/A>]: 22249,807
CENTRAL_ELEM: Central element for sensor [<N/A>]: 22250,724
CENTRAL_ELEM: Central element for sensor [<N/A>]: 22253,281
CENTRAL_ELEM: Central element for sensor [<N/A>]: 22257,560
CENTRAL_ELEM: Central element for sensor [<N/A>]: 22264,773
CENTRAL_ELEM: Central element for sensor [<N/A>]: 22266,459
CENTRAL_ELEM: Central element for sensor [<N/A>]: 22267,008
CENTRAL_ELEM: Central element for sensor [<N/A>]: 22273,393
CENTRAL_ELEM: Central element for sensor [<N/A>]: 22274,530
CENTRAL_ELEM: Central element for sensor [<N/A>]: 22276,076
CENTRAL_ELEM: Central element for sensor [<N/A>]: 22276,765
CENTRAL_ELEM: Central element for sensor [<N/A>]: 22277,528
CENTRAL_ELEM: Central element for sensor [<N/A>]: 22277,837
CENTRAL_ELEM: Central element for sensor [<N/A>]: 22278,361
CENTRAL_ELEM: Central element for sensor [<N/A>]: 22278,943
CENTRAL_ELEM: Central element for sensor [<N/A>]: 22279,180
CENTRAL_ELEM: Central element for sensor [<N/A>]: 22281,810
CENTRAL_ELEM: Central element for sensor [<N/A>]: 22281,879
CENTRAL_ELEM: Central element for sensor [<N/A>]: 22283,489
CENTRAL_ELEM: Central element for sensor [<N/A>]: 22283,506
CENTRAL_ELEM: Central element for sensor [<N/A>]: 22287,113
CENTRAL_ELEM: Central element for sensor [<N/A>]: 22288,581
CENTRAL_ELEM: Central element for sensor [<N/A>]: 22289,670
CENTRAL_ELEM: Central element for sensor [<N/A>]: 22290,620
CENTRAL_ELEM: Central element for sensor [<N/A>]: 22295,908
CENTRAL_ELEM: Central element for sensor [<N/A>]: 22296,285
CENTRAL_ELEM: Central element for sensor [<N/A>]: 22296,996
CENTRAL_ELEM: Central element for sensor [<N/A>]: 22298,143
CENTRAL_ELEM: Central element for sensor [<N/A>]: 22298,570
CENTRAL_ELEM: Central element for sensor [<N/A>]: 22298,753
CENTRAL_ELEM: Central element for sensor [<N/A>]: 22300,440
CENTRAL_ELEM: Central element for sensor [<N/A>]: 22300,853
CENTRAL_ELEM: Central element for sensor [<N/A>]: 22304,926
CENTRAL_ELEM: Central element for sensor [<N/A>]: 22304,992
CENTRAL_ELEM: Central element for sensor [<N/A>]: 22305,071
MAX_ELEM: Max. element for sensor [<N/A>]: 65020,771
MIN_ELEM: Min. element for sensor [<N/A>]: 202,317
INFO: Finished processing file: data_b1.txt
