INFO: Start processing file: data_d1.txt
ERROR: Faulty record in data_d1.txt: 28463.433501s27 id:vyn34h1a detector8
ERROR: Faulty record in data_d1.txt: 18150.07678p2 id:9g1xi5mk sensor36
ERROR: Faulty record in data_d1.txt: 49054.1184r29 id:jzwpfdbb detector8
ERROR: Faulty record in data_d1.txt: 17011.06w72 id:j6nkalcq detector31
ERROR: Faulty record in data_d1.txt: 8293.558079k34 id:sykjgart series13
ERROR: Faulty record in data_d1.txt: 13459.8729N13 id:t7aghueb detector91
ERROR: Faulty record in data_d1.txt: 15885.90802Q93 id:yde7xstx series70
ERROR: Faulty record in data_d1.txt: 53371.909474N12 id:j0iuqsva detector91
ERROR: Faulty record in data_d1.txt: 1248.848584s94 id:3q5dm88g series68
ERROR: Faulty record in data_d1.txt: 39589.80941q26 id:i44z8ux5 series68
ERROR: Faulty record in data_d1.txt: 12974.0056d23 id:oz2xbgoy sensor23
ERROR: Faulty record in data_d1.txt: 32412.676726M69 id:lwimlkae sensor96
ERROR: Faulty record in data_d1.txt: 35982.317M35 id:qcagpra0 detector91
ERROR: Faulty record in data_d1.txt: 14315.658Z62 id:zkmjthtb sensor48
ERROR: Faulty record in data_d1.txt: 14961.972344K24 id:sdwswkl1 series68
ERROR: Faulty record in data_d1.txt: 2972.7482K56 id:zgas0sk9 detector8
ERROR: Faulty record in data_d1.txt: 25275.9147l54 id:y17n2d2w series70
ERROR: Faulty record in data_d1.txt: 11876.5363N48 id:gcjussie series45
ERROR: Faulty record in data_d1.txt: 35919.0273T85 id:ytg6snxl series45
ERROR: Faulty record in data_d1.txt: 19039.46o68 id:3xyv0bf1 series70
ERROR: Faulty record in data_d1.txt: 35280.837F65 id:z1mb0qjy generator85
ERROR: Faulty record in data_d1.txt: 17139.67011v67 id:4ihxjp5g detector8
ERROR: Faulty record in data_d1.txt: 24410.284J50 id:kf63pezi series13
ERROR: Faulty record in data_d1.txt: 34880.1843Q89 id:iiwe5nvu detector31
ERROR: Faulty record in data_d1.txt: 38115.5837I78 id:rnduaeyc detector61
ERROR: Faulty record in data_d1.txt: 9093.1555F58 id:mnsamp7f series70
ERROR: Faulty record in data_d1.txt: 13493.432T50 id:i3dwl29a detector31
ERROR: Faulty record in data_d1.txt: 11573.5356k26 id:mcnm6iv3 detector31
ERROR: Faulty record in data_d1.txt: 35041.01U40 id:ibym5256 detector31
ERROR: Faulty record in data_d1.txt: 3448.6353t22 id:06edni1y detector91
ERROR: Faulty record in data_d1.txt: 40215.075i98 id:f5nde9lt detector8
ERROR: Faulty record in data_d1.txt: 12625.225289z9 id:qh1jqf51 sensor36
ERROR: Faulty record in data_d1.txt: 29204.7361W52 id:7j0rader series70
ERROR: Faulty record in data_d1.txt: 3149.36z92 id:yflt882c detector61
ERROR: Faulty record in data_d1.txt: 9655.33345o77 id:jb6pa3qi detector61
ERROR: Faulty record in data_d1.txt: 9979.543M16 id:h9g39zpi sensor96
ERROR: Faulty record in data_d1.txt: 19590.311067j1 id:qhprkxl4 sensor48
ERROR: Faulty record in data_d1.txt: 8539.19753P44 id:74vfpmpf sensor36
ERROR: Faulty record in data_d1.txt: 28561.026D68 id:2jyv8vop sensor48
ERROR: Faulty record in data_d1.txt: 24811.209A99 id:shx4ocao detector8
ERROR: Faulty record in data_d1.txt: 21845.463z66 id:rsxdfk2x sensor23
ERROR: Faulty record in data_d1.txt: 42155.41w64 id:6higbaex detector46
ERROR: Faulty record in data_d1.txt: 15344.4744O99 id:suay9x4p sensor48
ERROR: Faulty record in data_d1.txt: 25836.57V31 id:2sikfpy2 series13
ERROR: Faulty record in data_d1.txt: 23727.3042G68 id:9f15appt series70
ERROR: Faulty record in data_d1.txt: 12564.0152F24 id:xk5mf110 series45
ERROR: Faulty record in data_d1.txt: 19189.98969S34 id:yt22y181 sensor36
ERROR: Faulty record in data_d1.txt: 13963.82726h70 id:3fmjuzvw series70
ERROR: Faulty record in data_d1.txt: 25483.708536t49 id:4kk00j8k series70
ERROR: Faulty record in data_d1.txt: 18568.087554J57 id:par8p3v9 generator85
ERROR: Faulty record in data_d1.txt: 41449.31244d94 id:iqexh1z6 detector46
ERROR: Faulty record in data_d1.txt: 16084.46B58 id:vp382n2u series45
ERROR: Faulty record in data_d1.txt: 4535.7004B11 id:hohemqtx sensor23
ERROR: Faulty record in data_d1.txt: 29406.881979F11 id:gygst06m sensor96
ERROR: Faulty record in data_d1.txt: 33267.24022N9 id:480wnjt0 series13
ERROR: Faulty record in data_d1.txt: 17055.71v34 id:xqjfgfg1 sensor48
ERROR: Faulty record in data_d1.txt: 7927.7152T51 id:77e5ud3f detector46
ERROR: Faulty record in data_d1.txt: 38159.84097S39 id:3ci7py03 series70
ERROR: Faulty record in data_d1.txt: 12803.543267U7 id:6dqgdrjl sensor96
ERROR: Faulty record in data_d1.txt: 19285.56j90 id:9z9gcuzm sensor36
ERROR: Faulty record in data_d1.txt: 53580.738479Q51 id:3be8tjyr sensor48
ERROR: Faulty record in data_d1.txt: 25577.8957B98 id:o94btsh0 sensor96
ERROR: Faulty record in data_d1.txt: 28277.13358t51 id:7km3ku8q detector31
ERROR: Faulty record in data_d1.txt: 12461.018029I3 id:tspdxi10 detector8
ERROR: Faulty record in data_d1.txt: 1361.654601S50 id:5s75vmi5 detector46
ERROR: Faulty record in data_d1.txt: 10989.869D36 id:ee2oa3dt series13
ERROR: Faulty record in data_d1.txt: 3266.83735z69 id:9ry4zwqc sensor96
ERROR: Faulty record in data_d1.txt: 14496.96923F74 id:u33priiw sensor48
ERROR: Faulty record in data_d1.txt: 31885.476w3 id:ymuaekd6 series45
ERROR: Faulty record in data_d1.txt: 26831.989N97 id:lj3ah72o series70
ERROR: Faulty record in data_d1.txt: 27316.94f92 id:54ov60ne series68
ERROR: Faulty record in data_d1.txt: 39260.026k66 id:c5kwmmh6 detector8
ERROR: Faulty record in data_d1.txt: 39736.301J76 id:gy72mzay detector31
ERROR: Faulty record in data_d1.txt: 703.94234G99 id:s4yprx7x generator85
ERROR: Faulty record in data_d1.txt: 28119.399S91 id:igo6a9tv detector61
ERROR: Faulty record in data_d1.txt: 50933.1529y23 id:xrhw47np sensor23
ERROR: Faulty record in data_d1.txt: 15398.22113i37 id:vz1mteyy generator85
ERROR: Faulty record in data_d1.txt: 22796.7009v17 id:hc5zk0hs detector91
ERROR: Faulty record in data_d1.txt: 7406.99c29 id:ekd456xt sensor96
ERROR: Faulty record in data_d1.txt: 50959.21d52 id:y5s044p2 sensor96
ERROR: Faulty record in data_d1.txt: 23366.2811I37 id:pk7qwqzh detector8
ERROR: Faulty record in data_d1.txt: 12618.304s16 id:8zesec0f sensor36
ERROR: Faulty record in data_d1.txt: 18441.6909i62 id:4d5rq54j detector91
ERROR: Faulty record in data_d1.txt: 14507.81527c94 id:1e5q0ydq series13
ERROR: Faulty record in data_d1.txt: 17985.46R71 id:0s5ftydf series13
ERROR: Faulty record in data_d1.txt: 22269.64812H86 id:rri8rznb sensor48
ERROR: Faulty record in data_d1.txt: 16332.56286t72 id:0gurteq7 series45
ERROR: Faulty record in data_d1.txt: 28181.67766B98 id:jwvrning generator85
ERROR: Faulty record in data_d1.txt: 27565.732o91 id:lh1yak4t detector46
ERROR: Faulty record in data_d1.txt: 16297.818884i23 id:cnw49ixy detector91
ERROR: Faulty record in data_d1.txt: 636.06743S77 id:o6oe3kkg detector46
ERROR: Faulty record in data_d1.txt: 3146.9J11 id:qfu1xykg sensor23
ERROR: Faulty record in data_d1.txt: 16638.88B0 id:3kckq59y series70
ERROR: Faulty record in data_d1.txt: 53731.284181i59 id:403k5x1z detector46
ERROR: Faulty record in data_d1.txt: 28256.04j64 id:ps9tjb1n sensor23
ERROR: Faulty record in data_d1.txt: 26012.529a57 id:eb9n9rek detector91
ERROR: Faulty record in data_d1.txt: 13125.35d30 id:x92f3m76 detector46
ERROR: Faulty record in data_d1.txt: 47767.92R57 id:ndhttc6q detector8
ERROR: Faulty record in data_d1.txt: 19707.0483o14 id:mqojlxh0 series13
ERROR: Faulty record in data_d1.txt: 32714.193Y39 id:2npcyshl sensor36
ERROR: Faulty record in data_d1.txt: 9593.2026R88 id:vuy30ipg detector8
ERROR: Faulty record in data_d1.txt: 52421.7541O58 id:44ocxncv sensor36
ERROR: Faulty record in data_d1.txt: 21148.3954m10 id:lxbbo958 sensor36
ERROR: Faulty record in data_d1.txt: 32493.4117C29 id:y01cda1v detector8
ERROR: Faulty record in data_d1.txt: 7112.125322v24 id:diclwgql generator85
ERROR: Faulty record in data_d1.txt: 43275.992842C31 id:3ephsrkx generator85
ERROR: Faulty record in data_d1.txt: 22558.85704F57 id:87strca4 sensor96
ERROR: Faulty record in data_d1.txt: 7371.3243x55 id:879fv8uq sensor48
ERROR: Faulty record in data_d1.txt: 7184.71911i12 id:qgpxopoc detector91
ERROR: Faulty record in data_d1.txt: 46140.06611i22 id:88dkajox sensor36
ERROR: Faulty record in data_d1.txt: 9844.856g20 id:pbv88rxb generator85
ERROR: Faulty record in data_d1.txt: 27272.3488j56 id:td8tuzyi detector46
ERROR: Faulty record in data_d1.txt: 51330.315Q1 id:50ebwqdw sensor23
ERROR: Faulty record in data_d1.txt: 28040.59I65 id:vaxw0v2f detector8
ERROR: Faulty record in data_d1.txt: 37008.58D17 id:ikmxxa4l generator85
ERROR: Faulty record in data_d1.txt: 21040.008628q69 id:i2froz7s series13
ERROR: Faulty record in data_d1.txt: 36424.379105T86 id:5ylg5xrs generator85
ERROR: Faulty record in data_d1.txt: 40754.444c77 id:plzxi8dn sensor36
ERROR: Faulty record in data_d1.txt: 10766.8278M12 id:9qhwqc0c series45
ERROR: Faulty record in data_d1.txt: 10066.418P15 id:7yxpyec1 series70
ERROR: Faulty record in data_d1.txt: 4160.088468C78 id:s87xlp8m sensor96
ERROR: Faulty record in data_d1.txt: 56495.2885z8 id:rohw6gzh detector31
ERROR: Faulty record in data_d1.txt: 12032.84n34 id:hi1e3zlt sensor96
ERROR: Faulty record in data_d1.txt: 6108.15633Y64 id:yhsj1vyq series45
ERROR: Faulty record in data_d1.txt: 45940.03j46 id:s8v6zh14 detector8
ERROR: Faulty record in data_d1.txt: 24845.783074h31 id:ia9de1ev sensor96
ERROR: Faulty record in data_d1.txt: 17840.652531m78 id:ju9r74jj detector61
ERROR: Faulty record in data_d1.txt: 7794.484332s17 id:xmzjlgfu series70
ERROR: Faulty record in data_d1.txt: 14228.20472l70 id:hiavtexp detector31
ERROR: Faulty record in data_d1.txt: 36959.7622T95 id:1acgkj1u series45
ERROR: Faulty record in data_d1.txt: 30283.63c30 id:erx5eaor detector46
ERROR: Faulty record in data_d1.txt: 7202.76792n93 id:27cqmcxm detector31
ERROR: Faulty record in data_d1.txt: 18661.01l91 id:qk5gnxqi generator85
ERROR: Faulty record in data_d1.txt: 20285.064m59 id:ri9j172a detector46
ERROR: Faulty record in data_d1.txt: 15822.257J16 id:5pgoiolt generator85
ERROR: Faulty record in data_d1.txt: 5256.3845t44 id:teq40d0q generator85
ERROR: Faulty record in data_d1.txt: 7281.492k89 id:sct8cuwh generator85
ERROR: Faulty record in data_d1.txt: 3262.673542f75 id:0nmshkhn detector61
ERROR: Faulty record in data_d1.txt: 37073.864275m9 id:db9w0krb detector8
ERROR: Faulty record in data_d1.txt: 21889.91782z54 id:7swa7om2 detector31
ERROR: Faulty record in data_d1.txt: 13165.3T62 id:p4bvirwa series68
ERROR: Faulty record in data_d1.txt: 40413.86X81 id:7j5uttu6 detector31
ERROR: Faulty record in data_d1.txt: 24725.243q56 id:eiihc86r sensor36
ERROR: Faulty record in data_d1.txt: 8479.53u17 id:tfi1j1ni series70
ERROR: Faulty record in data_d1.txt: 40094.347F10 id:v9z87b4y generator85
ERROR: Faulty record in data_d1.txt: 14167.142n96 id:3yz1aeh9 series45
ERROR: Faulty record in data_d1.txt: 23250.1559t15 id:znsjow5c series45
ERROR: Faulty record in data_d1.txt: 21706.488g45 id:4v6rrh1v series45
ERROR: Faulty record in data_d1.txt: 4531.896Q66 id:11rh8oln generator85
ERROR: Faulty record in data_d1.txt: 23274.6826k80 id:ln151c39 series13
ERROR: Faulty record in data_d1.txt: 12398.27P5 id:i6zg64w4 detector91
ERROR: Faulty record in data_d1.txt: 45546.238181d5 id:47cf1kcc generator85
ERROR: Faulty record in data_d1.txt: 20648.55138l96 id:7eyup9c9 generator85
ERROR: Faulty record in data_d1.txt: 15670.13492z16 id:ciapan6h detector91
ERROR: Faulty record in data_d1.txt: 6184.885Y36 id:e1etn5aj sensor23
ERROR: Faulty record in data_d1.txt: 21394.1624N77 id:km1pmscr sensor23
ERROR: Faulty record in data_d1.txt: 4907.0354M75 id:250mxte2 detector8
ERROR: Faulty record in data_d1.txt: 8489.937V9 id:8cahbtqy series70
ERROR: Faulty record in data_d1.txt: 24815.49R44 id:sqdlbgox sensor23
ERROR: Faulty record in data_d1.txt: 35221.23H18 id:g0veq0zy detector31
ERROR: Faulty record in data_d1.txt: 17389.3161p91 id:gkdj170g detector91
ERROR: Faulty record in data_d1.txt: 18838.871K60 id:9xeoqovg series13
ERROR: Faulty record in data_d1.txt: 5366.9285z82 id:aiybwqha detector61
ERROR: Faulty record in data_d1.txt: 23041.137896i27 id:xcodbsv8 generator85
ERROR: Faulty record in data_d1.txt: 44666.35b51 id:56tewoqk series45
ERROR: Faulty record in data_d1.txt: 9129.397S68 id:n465qms8 detector61
ERROR: Faulty record in data_d1.txt: 28107.82553y29 id:62idp1je series70
ERROR: Faulty record in data_d1.txt: 15140.95043z2 id:lh46zn0j series13
ERROR: Faulty record in data_d1.txt: 15759.21586x46 id:qkirj27q detector31
ERROR: Faulty record in data_d1.txt: 35019.802391w67 id:36jkdj8r detector46
ERROR: Faulty record in data_d1.txt: 26029.63z16 id:v6v0ckfu series70
ERROR: Faulty record in data_d1.txt: 17356.03Q76 id:xnibeut4 sensor48
ERROR: Faulty record in data_d1.txt: 50854.298557k74 id:nfoj5wg0 series13
ERROR: Faulty record in data_d1.txt: 15753.373B77 id:761yg49q detector46
ERROR: Faulty record in data_d1.txt: 46334.02C91 id:42mdb4cc sensor36
ERROR: Faulty record in data_d1.txt: 7998.43o56 id:t507kte1 sensor23
ERROR: Faulty record in data_d1.txt: 40032.934q59 id:wuqsm2n6 sensor36
ERROR: Faulty record in data_d1.txt: 26313.5632k88 id:6zu2m8wz sensor36
ERROR: Faulty record in data_d1.txt: 6708.76115J86 id:4z0q8kxa detector31
ERROR: Faulty record in data_d1.txt: 19140.43597w27 id:u13sxt76 sensor36
ERROR: Faulty record in data_d1.txt: 30579.50818m31 id:lub28oen detector61
ERROR: Faulty record in data_d1.txt: 15723.993z81 id:qd3yo212 series68
CENTRAL_ELEM: Central element for sensor [detector31]: 20626,362 [irhswqr1]
CENTRAL_ELEM: Central element for sensor [detector31]: 20638,045 [zdnbtv4c]
CENTRAL_ELEM: Central element for sensor [detector31]: 20690,868 [1s7df5y7]
CENTRAL_ELEM: Central element for sensor [detector31]: 20720,310 [uhf9jx2a]
CENTRAL_ELEM: Central element for sensor [detector31]: 20763,650 [hrguo00g]
CENTRAL_ELEM: Central element for sensor [detector31]: 20792,322 [qwdavm5m]
CENTRAL_ELEM: Central element for sensor [detector31]: 20798,960 [90ws2n62]
CENTRAL_ELEM: Central element for sensor [detector31]: 20813,196 [anfgm5k4]
CENTRAL_ELEM: Central element for sensor [detector31]: 20821,680 [q0706dko]
CENTRAL_ELEM: Central element for sensor [detector31]: 20873,480 [uhnfnt8o]
CENTRAL_ELEM: Central element for sensor [detector31]: 20907,844 [zu6hcuyi]
CENTRAL_ELEM: Central element for sensor [detector31]: 20924,378 [77svdtft]
CENTRAL_ELEM: Central element for sensor [detector31]: 20956,502 [n3xuzobo]
CENTRAL_ELEM: Central element for sensor [detector31]: 21079,075 [xwle92z5]
CENTRAL_ELEM: Central element for sensor [detector31]: 21122,160 [qr5yi5el]
CENTRAL_ELEM: Central element for sensor [detector31]: 21125,320 [p531424z]
CENTRAL_ELEM: Central element for sensor [detector31]: 21152,843 [nme1eoit]
CENTRAL_ELEM: Central element for sensor [detector31]: 21178,972 [frd17ihv]
CENTRAL_ELEM: Central element for sensor [detector31]: 21179,355 [1ql4h4qr]
CENTRAL_ELEM: Central element for sensor [detector31]: 21214,780 [zm1hqp7w]
CENTRAL_ELEM: Central element for sensor [detector31]: 21239,353 [eal8jbw9]
CENTRAL_ELEM: Central element for sensor [detector31]: 21336,372 [rutectcp]
CENTRAL_ELEM: Central element for sensor [detector31]: 21366,102 [6jeuzzmi]
CENTRAL_ELEM: Central element for sensor [detector31]: 21382,730 [siqh9js7]
CENTRAL_ELEM: Central element for sensor [detector31]: 21384,157 [wpwcs1k4]
CENTRAL_ELEM: Central element for sensor [detector31]: 21384,323 [ylmzdeta]
CENTRAL_ELEM: Central element for sensor [detector31]: 21389,690 [ew3ielii]
CENTRAL_ELEM: Central element for sensor [detector31]: 21414,041 [954ddaqh]
CENTRAL_ELEM: Central element for sensor [detector31]: 21415,437 [1mgajp6k]
CENTRAL_ELEM: Central element for sensor [detector31]: 21416,185 [gxbn6yir]
CENTRAL_ELEM: Central element for sensor [detector31]: 21418,666 [turru63n]
CENTRAL_ELEM: Central element for sensor [detector31]: 21421,195 [lju3vqq9]
CENTRAL_ELEM: Central element for sensor [detector31]: 21430,550 [e4pbnc3d]
CENTRAL_ELEM: Central element for sensor [detector31]: 21443,120 [2sd48m4j]
CENTRAL_ELEM: Central element for sensor [detector31]: 21467,330 [ocxlxt31]
CENTRAL_ELEM: Central element for sensor [detector31]: 21496,620 [1pxki7vc]
CENTRAL_ELEM: Central element for sensor [detector31]: 21606,031 [pyendm4s]
CENTRAL_ELEM: Central element for sensor [detector31]: 21641,709 [pr4cf7oe]
CENTRAL_ELEM: Central element for sensor [detector31]: 21648,640 [qrd6lug2]
CENTRAL_ELEM: Central element for sensor [detector31]: 21719,591 [ni228thm]
CENTRAL_ELEM: Central element for sensor [detector31]: 21732,421 [h7h5gm66]
CENTRAL_ELEM: Central element for sensor [detector31]: 21756,330 [4u1mshbh]
CENTRAL_ELEM: Central element for sensor [detector31]: 21780,254 [xrhqfmsl]
CENTRAL_ELEM: Central element for sensor [detector31]: 21792,229 [ax9ra6pq]
CENTRAL_ELEM: Central element for sensor [detector31]: 21797,712 [o9uo340q]
CENTRAL_ELEM: Central element for sensor [detector31]: 21801,793 [ysfrwtou]
CENTRAL_ELEM: Central element for sensor [detector31]: 21812,451 [hxb0rnl9]
CENTRAL_ELEM: Central element for sensor [detector31]: 21839,210 [yliu8e8x]
MAX_ELEM: Max. element for sensor [detector31]: 64282,732 [tuu3v3xw]
MIN_ELEM: Min. element for sensor [detector31]: 260,693 [dzm4lnr6]
CENTRAL_ELEM: Central element for sensor [detector46]: 21542,200 [q9he9hlk]
CENTRAL_ELEM: Central element for sensor [detector46]: 21558,726 [761uyd6l]
CENTRAL_ELEM: Central element for sensor [detector46]: 21583,680 [gvhjfnor]
CENTRAL_ELEM: Central element for sensor [detector46]: 21653,516 [3cikaqpc]
CENTRAL_ELEM: Central element for sensor [detector46]: 21686,670 [wbsth5e6]
CENTRAL_ELEM: Central element for sensor [detector46]: 21764,060 [orffjqtx]
CENTRAL_ELEM: Central element for sensor [detector46]: 21824,831 [60r71j7m]
CENTRAL_ELEM: Central element for sensor [detector46]: 21841,700 [xqvbwgmb]
CENTRAL_ELEM: Central element for sensor [detector46]: 21844,412 [keacj5bb]
CENTRAL_ELEM: Central element for sensor [detector46]: 21844,583 [q4cipidh]
CENTRAL_ELEM: Central element for sensor [detector46]: 21862,387 [96nsva47]
CENTRAL_ELEM: Central element for sensor [detector46]: 21864,330 [4miq3pxs]
CENTRAL_ELEM: Central element for sensor [detector46]: 21918,670 [hakawoqm]
CENTRAL_ELEM: Central element for sensor [detector46]: 22023,849 [ozq3lha7]
CENTRAL_ELEM: Central element for sensor [detector46]: 22032,630 [zpy8btob]
CENTRAL_ELEM: Central element for sensor [detector46]: 22156,697 [qrychoas]
CENTRAL_ELEM: Central element for sensor [detector46]: 22159,858 [34au3c2y]
CENTRAL_ELEM: Central element for sensor [detector46]: 22172,405 [aiqdug83]
CENTRAL_ELEM: Central element for sensor [detector46]: 22208,244 [sv0w48ax]
CENTRAL_ELEM: Central element for sensor [detector46]: 22259,976 [mcccnzrl]
CENTRAL_ELEM: Central element for sensor [detector46]: 22260,973 [5nazpmc2]
CENTRAL_ELEM: Central element for sensor [detector46]: 22293,496 [eurtsyvg]
CENTRAL_ELEM: Central element for sensor [detector46]: 22346,295 [czp3pvrm]
CENTRAL_ELEM: Central element for sensor [detector46]: 22363,636 [llipri1p]
CENTRAL_ELEM: Central element for sensor [detector46]: 22377,124 [tjr10vl9]
CENTRAL_ELEM: Central element for sensor [detector46]: 22433,535 [2vgdhbk5]
CENTRAL_ELEM: Central element for sensor [detector46]: 22447,144 [h0pnx3op]
CENTRAL_ELEM: Central element for sensor [detector46]: 22491,299 [svvl5alf]
CENTRAL_ELEM: Central element for sensor [detector46]: 22505,450 [5vsqzn9v]
CENTRAL_ELEM: Central element for sensor [detector46]: 22510,894 [7tsg36d2]
CENTRAL_ELEM: Central element for sensor [detector46]: 22535,884 [bohaiw1c]
CENTRAL_ELEM: Central element for sensor [detector46]: 22548,919 [x1b60gtm]
CENTRAL_ELEM: Central element for sensor [detector46]: 22553,940 [o6js80xp]
CENTRAL_ELEM: Central element for sensor [detector46]: 22570,858 [z8f5x75g]
CENTRAL_ELEM: Central element for sensor [detector46]: 22585,545 [iwb6z214]
CENTRAL_ELEM: Central element for sensor [detector46]: 22614,301 [piaemx91]
CENTRAL_ELEM: Central element for sensor [detector46]: 22738,047 [qk5nvpca]
CENTRAL_ELEM: Central element for sensor [detector46]: 22749,649 [kmh41l62]
MAX_ELEM: Max. element for sensor [detector46]: 63056,718 [nd1mgrkd]
MIN_ELEM: Min. element for sensor [detector46]: 546,023 [x5msko3u]
CENTRAL_ELEM: Central element for sensor [detector61]: 20780,907 [t7x9c23t]
CENTRAL_ELEM: Central element for sensor [detector61]: 20813,493 [o6w9zgcr]
CENTRAL_ELEM: Central element for sensor [detector61]: 20856,656 [kqb1l6lr]
CENTRAL_ELEM: Central element for sensor [detector61]: 20881,128 [i9n9lj4f]
CENTRAL_ELEM: Central element for sensor [detector61]: 20931,120 [ugm208ct]
CENTRAL_ELEM: Central element for sensor [detector61]: 20976,743 [wchg1p67]
CENTRAL_ELEM: Central element for sensor [detector61]: 20979,510 [aus67z7r]
CENTRAL_ELEM: Central element for sensor [detector61]: 20983,940 [ur1gvv00]
CENTRAL_ELEM: Central element for sensor [detector61]: 20988,771 [u1p8u7xv]
CENTRAL_ELEM: Central element for sensor [detector61]: 21022,390 [2dwaecsy]
CENTRAL_ELEM: Central element for sensor [detector61]: 21072,983 [4r5yxulo]
CENTRAL_ELEM: Central element for sensor [detector61]: 21095,689 [3cul1nnc]
CENTRAL_ELEM: Central element for sensor [detector61]: 21108,386 [si78hvxq]
CENTRAL_ELEM: Central element for sensor [detector61]: 21115,728 [07w70ki0]
CENTRAL_ELEM: Central element for sensor [detector61]: 21203,770 [35oho1zx]
CENTRAL_ELEM: Central element for sensor [detector61]: 21220,940 [zr5sww2g]
CENTRAL_ELEM: Central element for sensor [detector61]: 21240,167 [y44hsk6q]
CENTRAL_ELEM: Central element for sensor [detector61]: 21250,480 [ghslvbnd]
CENTRAL_ELEM: Central element for sensor [detector61]: 21266,860 [na1p2oky]
CENTRAL_ELEM: Central element for sensor [detector61]: 21268,890 [gt8vdq1e]
CENTRAL_ELEM: Central element for sensor [detector61]: 21273,946 [xsaymlv0]
CENTRAL_ELEM: Central element for sensor [detector61]: 21284,565 [acqduqma]
CENTRAL_ELEM: Central element for sensor [detector61]: 21308,180 [v19lgrbw]
CENTRAL_ELEM: Central element for sensor [detector61]: 21348,392 [71hnsvuq]
CENTRAL_ELEM: Central element for sensor [detector61]: 21367,840 [q5y2gy7t]
CENTRAL_ELEM: Central element for sensor [detector61]: 21378,895 [061q5qyx]
CENTRAL_ELEM: Central element for sensor [detector61]: 21403,629 [3bo47mnq]
CENTRAL_ELEM: Central element for sensor [detector61]: 21468,568 [69m0ioe3]
CENTRAL_ELEM: Central element for sensor [detector61]: 21484,626 [thah0keb]
CENTRAL_ELEM: Central element for sensor [detector61]: 21501,594 [boghk9mi]
CENTRAL_ELEM: Central element for sensor [detector61]: 21512,963 [9eu8kprd]
CENTRAL_ELEM: Central element for sensor [detector61]: 21532,111 [05f5y45q]
CENTRAL_ELEM: Central element for sensor [detector61]: 21544,987 [bek44i7l]
CENTRAL_ELEM: Central element for sensor [detector61]: 21575,413 [32rhcis0]
CENTRAL_ELEM: Central element for sensor [detector61]: 21616,350 [6qaeklvt]
CENTRAL_ELEM: Central element for sensor [detector61]: 21657,214 [z7xiakb8]
CENTRAL_ELEM: Central element for sensor [detector61]: 21663,732 [2218kjuz]
CENTRAL_ELEM: Central element for sensor [detector61]: 21703,308 [amcuq6wa]
CENTRAL_ELEM: Central element for sensor [detector61]: 21705,240 [q1b61n3i]
CENTRAL_ELEM: Central element for sensor [detector61]: 21733,227 [gtzi3u2n]
CENTRAL_ELEM: Central element for sensor [detector61]: 21737,164 [f2lp0ll8]
CENTRAL_ELEM: Central element for sensor [detector61]: 21743,414 [nme0j8if]
CENTRAL_ELEM: Central element for sensor [detector61]: 21772,456 [oio7kot2]
CENTRAL_ELEM: Central element for sensor [detector61]: 21776,081 [6d0cymoj]
CENTRAL_ELEM: Central element for sensor [detector61]: 21810,718 [snhxdeyq]
CENTRAL_ELEM: Central element for sensor [detector61]: 21860,841 [o3gt9bs9]
CENTRAL_ELEM: Central element for sensor [detector61]: 21900,286 [3kp6k16v]
CENTRAL_ELEM: Central element for sensor [detector61]: 21929,101 [l0mvz8lq]
CENTRAL_ELEM: Central element for sensor [detector61]: 21935,746 [q22dzxp6]
CENTRAL_ELEM: Central element for sensor [detector61]: 22000,320 [v4t3kyh6]
CENTRAL_ELEM: Central element for sensor [detector61]: 22017,115 [lefu9310]
CENTRAL_ELEM: Central element for sensor [detector61]: 22067,270 [1cvpgnvk]
MAX_ELEM: Max. element for sensor [detector61]: 64930,880 [8m1sqf5m]
MIN_ELEM: Min. element for sensor [detector61]: 399,578 [wjxl23uu]
CENTRAL_ELEM: Central element for sensor [detector8]: 20939,410 [7pau7jlh]
CENTRAL_ELEM: Central element for sensor [detector8]: 20948,423 [oy35svxl]
CENTRAL_ELEM: Central element for sensor [detector8]: 20958,080 [lwxx67ty]
CENTRAL_ELEM: Central element for sensor [detector8]: 21002,506 [29g825fn]
CENTRAL_ELEM: Central element for sensor [detector8]: 21004,094 [ksz4oftx]
CENTRAL_ELEM: Central element for sensor [detector8]: 21017,340 [e859ibi8]
CENTRAL_ELEM: Central element for sensor [detector8]: 21029,849 [48g1bodx]
CENTRAL_ELEM: Central element for sensor [detector8]: 21033,189 [euzn3ag6]
CENTRAL_ELEM: Central element for sensor [detector8]: 21113,208 [suuyloui]
CENTRAL_ELEM: Central element for sensor [detector8]: 21169,112 [urjm1ue7]
CENTRAL_ELEM: Central element for sensor [detector8]: 21173,456 [qpa3x2n0]
CENTRAL_ELEM: Central element for sensor [detector8]: 21260,738 [ofsikyw6]
CENTRAL_ELEM: Central element for sensor [detector8]: 21274,718 [7waiw5rz]
CENTRAL_ELEM: Central element for sensor [detector8]: 21308,695 [cczwcepw]
CENTRAL_ELEM: Central element for sensor [detector8]: 21316,481 [pd5ia67z]
CENTRAL_ELEM: Central element for sensor [detector8]: 21338,736 [ygitdcqv]
CENTRAL_ELEM: Central element for sensor [detector8]: 21360,745 [73l3q69t]
CENTRAL_ELEM: Central element for sensor [detector8]: 21395,010 [0sahwcsp]
CENTRAL_ELEM: Central element for sensor [detector8]: 21438,370 [ag7jjjma]
CENTRAL_ELEM: Central element for sensor [detector8]: 21471,744 [w8pit4d1]
CENTRAL_ELEM: Central element for sensor [detector8]: 21536,720 [ji4ee4ep]
CENTRAL_ELEM: Central element for sensor [detector8]: 21607,686 [vdzmpqvs]
CENTRAL_ELEM: Central element for sensor [detector8]: 21635,681 [mne7egt3]
CENTRAL_ELEM: Central element for sensor [detector8]: 21679,717 [bvzexgjb]
CENTRAL_ELEM: Central element for sensor [detector8]: 21694,838 [39gx570n]
CENTRAL_ELEM: Central element for sensor [detector8]: 21706,814 [kstdwkqo]
CENTRAL_ELEM: Central element for sensor [detector8]: 21759,061 [z8naajkl]
CENTRAL_ELEM: Central element for sensor [detector8]: 21814,537 [ydj6tl6i]
CENTRAL_ELEM: Central element for sensor [detector8]: 21821,653 [fatybsw1]
CENTRAL_ELEM: Central element for sensor [detector8]: 21834,469 [40bi7bt1]
CENTRAL_ELEM: Central element for sensor [detector8]: 21857,659 [rw2ockx1]
CENTRAL_ELEM: Central element for sensor [detector8]: 21946,944 [os9e7y7d]
CENTRAL_ELEM: Central element for sensor [detector8]: 21948,614 [oo9o37ax]
CENTRAL_ELEM: Central element for sensor [detector8]: 22049,746 [x4nb1u6n]
CENTRAL_ELEM: Central element for sensor [detector8]: 22123,440 [9ivtkc8w]
CENTRAL_ELEM: Central element for sensor [detector8]: 22132,860 [38rc45rq]
MAX_ELEM: Max. element for sensor [detector8]: 63596,597 [ix9toj7m]
MIN_ELEM: Min. element for sensor [detector8]: 488,023 [om5wqck9]
CENTRAL_ELEM: Central element for sensor [detector91]: 20698,708 [fx4mjeg4]
CENTRAL_ELEM: Central element for sensor [detector91]: 20699,667 [y1pkebpu]
CENTRAL_ELEM: Central element for sensor [detector91]: 20772,863 [58fxr4k5]
CENTRAL_ELEM: Central element for sensor [detector91]: 20794,830 [iuovryxs]
CENTRAL_ELEM: Central element for sensor [detector91]: 20818,798 [coel3jat]
CENTRAL_ELEM: Central element for sensor [detector91]: 20872,270 [1vxdlkm6]
CENTRAL_ELEM: Central element for sensor [detector91]: 20924,030 [s0ejuw6u]
CENTRAL_ELEM: Central element for sensor [detector91]: 20969,560 [ruxxnrze]
CENTRAL_ELEM: Central element for sensor [detector91]: 21012,580 [1nn0ytsj]
CENTRAL_ELEM: Central element for sensor [detector91]: 21097,907 [pllaq2os]
CENTRAL_ELEM: Central element for sensor [detector91]: 21135,946 [3emawd5h]
CENTRAL_ELEM: Central element for sensor [detector91]: 21143,186 [pw9xsh0v]
CENTRAL_ELEM: Central element for sensor [detector91]: 21176,519 [2k6zbcve]
CENTRAL_ELEM: Central element for sensor [detector91]: 21190,509 [1hjnx7zn]
CENTRAL_ELEM: Central element for sensor [detector91]: 21252,620 [gbsgzt5u]
CENTRAL_ELEM: Central element for sensor [detector91]: 21288,547 [ha6fwyux]
CENTRAL_ELEM: Central element for sensor [detector91]: 21394,034 [6wrl7qo6]
CENTRAL_ELEM: Central element for sensor [detector91]: 21423,705 [jzk62jhv]
CENTRAL_ELEM: Central element for sensor [detector91]: 21450,516 [7urxh9p1]
CENTRAL_ELEM: Central element for sensor [detector91]: 21462,706 [3ica9mdk]
CENTRAL_ELEM: Central element for sensor [detector91]: 21465,760 [2kchdh75]
CENTRAL_ELEM: Central element for sensor [detector91]: 21546,845 [vfv6nvcn]
CENTRAL_ELEM: Central element for sensor [detector91]: 21572,921 [v9q0whht]
CENTRAL_ELEM: Central element for sensor [detector91]: 21588,559 [ls52b7ip]
CENTRAL_ELEM: Central element for sensor [detector91]: 21623,649 [11j31jdt]
CENTRAL_ELEM: Central element for sensor [detector91]: 21642,128 [zj0esdz9]
CENTRAL_ELEM: Central element for sensor [detector91]: 21646,520 [twojxkkp]
CENTRAL_ELEM: Central element for sensor [detector91]: 21706,037 [7zu8li40]
CENTRAL_ELEM: Central element for sensor [detector91]: 21855,163 [w1r4phi7]
MAX_ELEM: Max. element for sensor [detector91]: 63086,536 [iscylug3]
MIN_ELEM: Min. element for sensor [detector91]: 304,818 [yyf5t75y]
CENTRAL_ELEM: Central element for sensor [generator85]: 20501,074 [20w8uktx]
CENTRAL_ELEM: Central element for sensor [generator85]: 20532,469 [emc2bfkb]
CENTRAL_ELEM: Central element for sensor [generator85]: 20536,839 [kv56qlz3]
CENTRAL_ELEM: Central element for sensor [generator85]: 20543,236 [vximlc2o]
CENTRAL_ELEM: Central element for sensor [generator85]: 20589,190 [16c0btcr]
CENTRAL_ELEM: Central element for sensor [generator85]: 20597,443 [4sygm0di]
CENTRAL_ELEM: Central element for sensor [generator85]: 20603,155 [5wdbbyab]
CENTRAL_ELEM: Central element for sensor [generator85]: 20628,924 [5rolufyo]
CENTRAL_ELEM: Central element for sensor [generator85]: 20658,876 [cm0le6va]
CENTRAL_ELEM: Central element for sensor [generator85]: 20689,440 [c3b58sh1]
CENTRAL_ELEM: Central element for sensor [generator85]: 20697,782 [yg44ry94]
CENTRAL_ELEM: Central element for sensor [generator85]: 20778,693 [wkg3wo1e]
CENTRAL_ELEM: Central element for sensor [generator85]: 20851,114 [2xityhy7]
CENTRAL_ELEM: Central element for sensor [generator85]: 20981,692 [eatrqfnk]
CENTRAL_ELEM: Central element for sensor [generator85]: 21050,241 [jhxhz9uk]
CENTRAL_ELEM: Central element for sensor [generator85]: 21070,646 [zx28fmxi]
CENTRAL_ELEM: Central element for sensor [generator85]: 21109,200 [oh1lnc83]
CENTRAL_ELEM: Central element for sensor [generator85]: 21119,050 [x5hr4r7k]
CENTRAL_ELEM: Central element for sensor [generator85]: 21132,307 [bjkhlfaq]
CENTRAL_ELEM: Central element for sensor [generator85]: 21151,448 [ytxgq4ld]
CENTRAL_ELEM: Central element for sensor [generator85]: 21292,420 [i2kpyn3p]
CENTRAL_ELEM: Central element for sensor [generator85]: 21344,980 [n4xvfvmo]
CENTRAL_ELEM: Central element for sensor [generator85]: 21425,373 [tyvch0ls]
CENTRAL_ELEM: Central element for sensor [generator85]: 21530,118 [bfxmdytr]
CENTRAL_ELEM: Central element for sensor [generator85]: 21576,420 [0y4p8row]
CENTRAL_ELEM: Central element for sensor [generator85]: 21586,395 [ct8rngqo]
CENTRAL_ELEM: Central element for sensor [generator85]: 21621,765 [osopy8o8]
CENTRAL_ELEM: Central element for sensor [generator85]: 21622,351 [dzmavthe]
MAX_ELEM: Max. element for sensor [generator85]: 63606,095 [0xrm5a0p]
MIN_ELEM: Min. element for sensor [generator85]: 400,560 [d8o4e670]
CENTRAL_ELEM: Central element for sensor [sensor23]: 21068,213 [s6cntf2e]
CENTRAL_ELEM: Central element for sensor [sensor23]: 21082,501 [7yz9cut0]
CENTRAL_ELEM: Central element for sensor [sensor23]: 21171,839 [ug7rsfqs]
CENTRAL_ELEM: Central element for sensor [sensor23]: 21217,025 [110e2hia]
CENTRAL_ELEM: Central element for sensor [sensor23]: 21240,699 [ay7rvk2a]
CENTRAL_ELEM: Central element for sensor [sensor23]: 21289,301 [gkn8khzq]
CENTRAL_ELEM: Central element for sensor [sensor23]: 21289,392 [48gn9uol]
CENTRAL_ELEM: Central element for sensor [sensor23]: 21371,130 [7k7bmwsd]
CENTRAL_ELEM: Central element for sensor [sensor23]: 21437,638 [gealvmrf]
CENTRAL_ELEM: Central element for sensor [sensor23]: 21480,458 [trh9ojij]
CENTRAL_ELEM: Central element for sensor [sensor23]: 21495,130 [akodrk1e]
CENTRAL_ELEM: Central element for sensor [sensor23]: 21504,964 [4ilssyki]
CENTRAL_ELEM: Central element for sensor [sensor23]: 21570,431 [sabfddvp]
CENTRAL_ELEM: Central element for sensor [sensor23]: 21577,563 [gtxg03aw]
CENTRAL_ELEM: Central element for sensor [sensor23]: 21580,571 [u6nx85zl]
CENTRAL_ELEM: Central element for sensor [sensor23]: 21596,189 [0nqj5rju]
CENTRAL_ELEM: Central element for sensor [sensor23]: 21654,903 [1tu0mdmz]
CENTRAL_ELEM: Central element for sensor [sensor23]: 21680,478 [f0xp8pro]
CENTRAL_ELEM: Central element for sensor [sensor23]: 21751,145 [fnwxeniy]
CENTRAL_ELEM: Central element for sensor [sensor23]: 21757,068 [p8ik3gmt]
CENTRAL_ELEM: Central element for sensor [sensor23]: 21790,504 [lqj0fbup]
CENTRAL_ELEM: Central element for sensor [sensor23]: 21821,103 [ber2xfdh]
CENTRAL_ELEM: Central element for sensor [sensor23]: 21868,980 [uor3gn34]
CENTRAL_ELEM: Central element for sensor [sensor23]: 21956,838 [wkrv7ja7]
CENTRAL_ELEM: Central element for sensor [sensor23]: 21960,360 [vpv0k9mu]
CENTRAL_ELEM: Central element for sensor [sensor23]: 22061,641 [64g3xfnj]
CENTRAL_ELEM: Central element for sensor [sensor23]: 22109,036 [06utv0ek]
CENTRAL_ELEM: Central element for sensor [sensor23]: 22195,650 [i243o6pm]
CENTRAL_ELEM: Central element for sensor [sensor23]: 22226,020 [01v1xedz]
CENTRAL_ELEM: Central element for sensor [sensor23]: 22228,609 [igkw8m9n]
CENTRAL_ELEM: Central element for sensor [sensor23]: 22266,900 [0hco4hnk]
CENTRAL_ELEM: Central element for sensor [sensor23]: 22279,289 [ql7286zq]
MAX_ELEM: Max. element for sensor [sensor23]: 63601,380 [78mzakig]
MIN_ELEM: Min. element for sensor [sensor23]: 581,516 [nx225luc]
CENTRAL_ELEM: Central element for sensor [sensor36]: 20693,167 [rcdvcr2g]
CENTRAL_ELEM: Central element for sensor [sensor36]: 20702,136 [pga1nl5a]
CENTRAL_ELEM: Central element for sensor [sensor36]: 20719,150 [w8s827md]
CENTRAL_ELEM: Central element for sensor [sensor36]: 20720,670 [4mj3su2o]
CENTRAL_ELEM: Central element for sensor [sensor36]: 20732,669 [s6xoerzi]
CENTRAL_ELEM: Central element for sensor [sensor36]: 20752,000 [4z647q5s]
CENTRAL_ELEM: Central element for sensor [sensor36]: 20757,348 [7hh5y4ey]
CENTRAL_ELEM: Central element for sensor [sensor36]: 20810,925 [tg9tz4n0]
CENTRAL_ELEM: Central element for sensor [sensor36]: 20888,614 [6gus6xwx]
CENTRAL_ELEM: Central element for sensor [sensor36]: 20893,066 [miephsc9]
CENTRAL_ELEM: Central element for sensor [sensor36]: 20899,645 [vs6mqtil]
CENTRAL_ELEM: Central element for sensor [sensor36]: 20903,934 [0chse022]
CENTRAL_ELEM: Central element for sensor [sensor36]: 20924,972 [dn9vcpkr]
CENTRAL_ELEM: Central element for sensor [sensor36]: 20947,701 [bborrnrm]
CENTRAL_ELEM: Central element for sensor [sensor36]: 20972,802 [0v40yn2i]
CENTRAL_ELEM: Central element for sensor [sensor36]: 20973,630 [95zvdd6l]
CENTRAL_ELEM: Central element for sensor [sensor36]: 21072,619 [0y3ovzbe]
CENTRAL_ELEM: Central element for sensor [sensor36]: 21080,497 [fnyl0yi8]
CENTRAL_ELEM: Central element for sensor [sensor36]: 21117,365 [obb9fdn7]
CENTRAL_ELEM: Central element for sensor [sensor36]: 21139,488 [oks8qay9]
CENTRAL_ELEM: Central element for sensor [sensor36]: 21157,038 [bcjucyff]
CENTRAL_ELEM: Central element for sensor [sensor36]: 21159,660 [hzumz17u]
CENTRAL_ELEM: Central element for sensor [sensor36]: 21170,572 [5elvfsku]
CENTRAL_ELEM: Central element for sensor [sensor36]: 21175,002 [jaljjhp5]
CENTRAL_ELEM: Central element for sensor [sensor36]: 21200,940 [mgxfs25s]
CENTRAL_ELEM: Central element for sensor [sensor36]: 21202,310 [upib27fo]
CENTRAL_ELEM: Central element for sensor [sensor36]: 21234,056 [osnf6ng8]
CENTRAL_ELEM: Central element for sensor [sensor36]: 21240,993 [ufre20oe]
CENTRAL_ELEM: Central element for sensor [sensor36]: 21258,759 [ofaqcr4d]
CENTRAL_ELEM: Central element for sensor [sensor36]: 21288,936 [be4jidat]
CENTRAL_ELEM: Central element for sensor [sensor36]: 21328,393 [vap6bkm3]
CENTRAL_ELEM: Central element for sensor [sensor36]: 21349,550 [u5ajhol3]
CENTRAL_ELEM: Central element for sensor [sensor36]: 21357,616 [ttz2ftyf]
CENTRAL_ELEM: Central element for sensor [sensor36]: 21410,920 [3gzplnyv]
CENTRAL_ELEM: Central element for sensor [sensor36]: 21461,770 [k6dn28b6]
CENTRAL_ELEM: Central element for sensor [sensor36]: 21527,779 [85sw52ni]
CENTRAL_ELEM: Central element for sensor [sensor36]: 21552,792 [yg221tl5]
CENTRAL_ELEM: Central element for sensor [sensor36]: 21589,177 [qvkk8fdv]
CENTRAL_ELEM: Central element for sensor [sensor36]: 21590,522 [o1t5tw00]
CENTRAL_ELEM: Central element for sensor [sensor36]: 21714,712 [o04jnry2]
CENTRAL_ELEM: Central element for sensor [sensor36]: 21731,167 [cl1o3bpg]
CENTRAL_ELEM: Central element for sensor [sensor36]: 21744,209 [727cydos]
CENTRAL_ELEM: Central element for sensor [sensor36]: 21745,682 [jquw00lx]
CENTRAL_ELEM: Central element for sensor [sensor36]: 21777,450 [wew65l0q]
CENTRAL_ELEM: Central element for sensor [sensor36]: 21852,065 [wrchphss]
CENTRAL_ELEM: Central element for sensor [sensor36]: 21882,041 [dls7yakt]
CENTRAL_ELEM: Central element for sensor [sensor36]: 21883,732 [mfwze07j]
CENTRAL_ELEM: Central element for sensor [sensor36]: 21905,652 [qrkmwoqb]
CENTRAL_ELEM: Central element for sensor [sensor36]: 21922,000 [8jl4fh0p]
CENTRAL_ELEM: Central element for sensor [sensor36]: 21932,355 [r4lg9vsq]
CENTRAL_ELEM: Central element for sensor [sensor36]: 21941,350 [s5omlvzz]
MAX_ELEM: Max. element for sensor [sensor36]: 63649,298 [027288vv]
MIN_ELEM: Min. element for sensor [sensor36]: 370,890 [utwiyisd]
CENTRAL_ELEM: Central element for sensor [sensor48]: 20700,804 [8ogho92d]
CENTRAL_ELEM: Central element for sensor [sensor48]: 20709,086 [uawg3gd4]
CENTRAL_ELEM: Central element for sensor [sensor48]: 20715,565 [imxkgtus]
CENTRAL_ELEM: Central element for sensor [sensor48]: 20723,635 [w0bmspjw]
CENTRAL_ELEM: Central element for sensor [sensor48]: 20794,524 [a35bexf3]
CENTRAL_ELEM: Central element for sensor [sensor48]: 20811,437 [47pfjxl0]
CENTRAL_ELEM: Central element for sensor [sensor48]: 20845,274 [pfkiesr2]
CENTRAL_ELEM: Central element for sensor [sensor48]: 20924,864 [7iguol65]
CENTRAL_ELEM: Central element for sensor [sensor48]: 20930,260 [qd309wqx]
CENTRAL_ELEM: Central element for sensor [sensor48]: 20950,347 [wmo7jcok]
CENTRAL_ELEM: Central element for sensor [sensor48]: 20950,952 [9rf2o93l]
CENTRAL_ELEM: Central element for sensor [sensor48]: 20957,460 [eo7li1em]
CENTRAL_ELEM: Central element for sensor [sensor48]: 20965,106 [lw9up1pt]
CENTRAL_ELEM: Central element for sensor [sensor48]: 21065,481 [xkhwp0q4]
CENTRAL_ELEM: Central element for sensor [sensor48]: 21108,880 [2pequ04m]
CENTRAL_ELEM: Central element for sensor [sensor48]: 21148,451 [itmv6sh0]
CENTRAL_ELEM: Central element for sensor [sensor48]: 21151,509 [dzacd5b3]
CENTRAL_ELEM: Central element for sensor [sensor48]: 21182,748 [q3hpwthq]
CENTRAL_ELEM: Central element for sensor [sensor48]: 21195,239 [jisu8p0o]
CENTRAL_ELEM: Central element for sensor [sensor48]: 21212,058 [c84s5a25]
CENTRAL_ELEM: Central element for sensor [sensor48]: 21244,347 [lox1ixvs]
CENTRAL_ELEM: Central element for sensor [sensor48]: 21284,314 [lejy1j0w]
CENTRAL_ELEM: Central element for sensor [sensor48]: 21315,856 [6be0tyhu]
CENTRAL_ELEM: Central element for sensor [sensor48]: 21330,889 [5jgd42y0]
CENTRAL_ELEM: Central element for sensor [sensor48]: 21398,630 [vp32o20e]
CENTRAL_ELEM: Central element for sensor [sensor48]: 21399,266 [ux41rs4w]
CENTRAL_ELEM: Central element for sensor [sensor48]: 21401,151 [ct3kxy7b]
CENTRAL_ELEM: Central element for sensor [sensor48]: 21423,607 [g8g2np82]
CENTRAL_ELEM: Central element for sensor [sensor48]: 21441,418 [5cvsrrrw]
CENTRAL_ELEM: Central element for sensor [sensor48]: 21442,185 [j0czgi4l]
CENTRAL_ELEM: Central element for sensor [sensor48]: 21479,660 [5f5ddfxq]
CENTRAL_ELEM: Central element for sensor [sensor48]: 21484,070 [7mxchxpa]
CENTRAL_ELEM: Central element for sensor [sensor48]: 21628,875 [5zk4u04i]
CENTRAL_ELEM: Central element for sensor [sensor48]: 21657,269 [hfk8wk4u]
CENTRAL_ELEM: Central element for sensor [sensor48]: 21682,222 [tp9dj1ts]
CENTRAL_ELEM: Central element for sensor [sensor48]: 21729,268 [0tiakulx]
CENTRAL_ELEM: Central element for sensor [sensor48]: 21826,840 [tmloy059]
CENTRAL_ELEM: Central element for sensor [sensor48]: 21885,290 [349fl5ro]
MAX_ELEM: Max. element for sensor [sensor48]: 60914,099 [ztzmljj8]
MIN_ELEM: Min. element for sensor [sensor48]: 287,019 [i50dggpa]
CENTRAL_ELEM: Central element for sensor [sensor96]: 20539,149 [318b769t]
CENTRAL_ELEM: Central element for sensor [sensor96]: 20547,569 [qkdnmcbr]
CENTRAL_ELEM: Central element for sensor [sensor96]: 20568,680 [p0ae6dwr]
CENTRAL_ELEM: Central element for sensor [sensor96]: 20583,890 [sgpy95vg]
CENTRAL_ELEM: Central element for sensor [sensor96]: 20615,419 [eidb0c61]
CENTRAL_ELEM: Central element for sensor [sensor96]: 20631,896 [maqop32v]
CENTRAL_ELEM: Central element for sensor [sensor96]: 20647,406 [g3nz9iec]
CENTRAL_ELEM: Central element for sensor [sensor96]: 20657,139 [894c5wgy]
CENTRAL_ELEM: Central element for sensor [sensor96]: 20666,740 [9yj8adi2]
CENTRAL_ELEM: Central element for sensor [sensor96]: 20699,214 [7pwpfnp2]
CENTRAL_ELEM: Central element for sensor [sensor96]: 20705,307 [lkrx3b0b]
CENTRAL_ELEM: Central element for sensor [sensor96]: 20720,761 [2ht28ny5]
CENTRAL_ELEM: Central element for sensor [sensor96]: 20755,653 [y1xf2m78]
CENTRAL_ELEM: Central element for sensor [sensor96]: 20763,081 [63vmth07]
CENTRAL_ELEM: Central element for sensor [sensor96]: 20789,437 [47m0cca1]
CENTRAL_ELEM: Central element for sensor [sensor96]: 20852,808 [ptw00tbq]
CENTRAL_ELEM: Central element for sensor [sensor96]: 20915,764 [s0qx7jvj]
CENTRAL_ELEM: Central element for sensor [sensor96]: 20951,000 [zomn3cju]
CENTRAL_ELEM: Central element for sensor [sensor96]: 20955,803 [b8i2g75b]
CENTRAL_ELEM: Central element for sensor [sensor96]: 20964,109 [ex4gqpip]
CENTRAL_ELEM: Central element for sensor [sensor96]: 20986,010 [qvk67dzy]
CENTRAL_ELEM: Central element for sensor [sensor96]: 20990,831 [ka5bbceo]
CENTRAL_ELEM: Central element for sensor [sensor96]: 20999,987 [wgg7c0yj]
CENTRAL_ELEM: Central element for sensor [sensor96]: 21048,684 [zbat8erb]
CENTRAL_ELEM: Central element for sensor [sensor96]: 21060,691 [jndaoy8f]
CENTRAL_ELEM: Central element for sensor [sensor96]: 21136,588 [3rg7zlsq]
CENTRAL_ELEM: Central element for sensor [sensor96]: 21179,770 [955dy6gu]
CENTRAL_ELEM: Central element for sensor [sensor96]: 21266,376 [rxlrzhho]
CENTRAL_ELEM: Central element for sensor [sensor96]: 21318,986 [ds7c5q1w]
CENTRAL_ELEM: Central element for sensor [sensor96]: 21334,130 [5mj1cu2t]
CENTRAL_ELEM: Central element for sensor [sensor96]: 21366,740 [s3h2lc6h]
CENTRAL_ELEM: Central element for sensor [sensor96]: 21374,468 [ypfilj2j]
CENTRAL_ELEM: Central element for sensor [sensor96]: 21374,890 [w698ho7k]
CENTRAL_ELEM: Central element for sensor [sensor96]: 21418,440 [wiu9csr5]
CENTRAL_ELEM: Central element for sensor [sensor96]: 21437,555 [df5evz5o]
CENTRAL_ELEM: Central element for sensor [sensor96]: 21456,050 [7at3n1b4]
CENTRAL_ELEM: Central element for sensor [sensor96]: 21478,500 [yqr8y6sk]
CENTRAL_ELEM: Central element for sensor [sensor96]: 21544,491 [ww5a799t]
CENTRAL_ELEM: Central element for sensor [sensor96]: 21569,569 [yyrg5og0]
CENTRAL_ELEM: Central element for sensor [sensor96]: 21617,090 [rg521u77]
CENTRAL_ELEM: Central element for sensor [sensor96]: 21628,088 [cu8ppbte]
CENTRAL_ELEM: Central element for sensor [sensor96]: 21646,122 [y3295cs0]
CENTRAL_ELEM: Central element for sensor [sensor96]: 21661,277 [mr30hudi]
CENTRAL_ELEM: Central element for sensor [sensor96]: 21675,754 [h0h4rcgr]
CENTRAL_ELEM: Central element for sensor [sensor96]: 21681,901 [q5w7ru81]
MAX_ELEM: Max. element for sensor [sensor96]: 61165,234 [ka047ipd]
MIN_ELEM: Min. element for sensor [sensor96]: 142,600 [jbsuoctz]
CENTRAL_ELEM: Central element for sensor [series13]: 20443,259 [3k0tfsis]
CENTRAL_ELEM: Central element for sensor [series13]: 20450,794 [6g4vcusb]
CENTRAL_ELEM: Central element for sensor [series13]: 20515,119 [j8l7c9d5]
CENTRAL_ELEM: Central element for sensor [series13]: 20515,955 [qmwgl2ig]
CENTRAL_ELEM: Central element for sensor [series13]: 20519,251 [35hcny5z]
CENTRAL_ELEM: Central element for sensor [series13]: 20554,401 [nhu1ggoo]
CENTRAL_ELEM: Central element for sensor [series13]: 20598,505 [au1m9r29]
CENTRAL_ELEM: Central element for sensor [series13]: 20637,667 [feh4vz74]
CENTRAL_ELEM: Central element for sensor [series13]: 20643,007 [2m0p6jri]
CENTRAL_ELEM: Central element for sensor [series13]: 20643,588 [q1jb9q06]
CENTRAL_ELEM: Central element for sensor [series13]: 20854,817 [ltvt16y3]
CENTRAL_ELEM: Central element for sensor [series13]: 20863,074 [nj68e3fz]
CENTRAL_ELEM: Central element for sensor [series13]: 20892,390 [hk036c25]
CENTRAL_ELEM: Central element for sensor [series13]: 20920,478 [cooi3m4j]
CENTRAL_ELEM: Central element for sensor [series13]: 20962,760 [7xt6psup]
CENTRAL_ELEM: Central element for sensor [series13]: 20965,682 [an5ghsij]
CENTRAL_ELEM: Central element for sensor [series13]: 21059,167 [4myc5u9j]
CENTRAL_ELEM: Central element for sensor [series13]: 21139,135 [8cb2sv4a]
CENTRAL_ELEM: Central element for sensor [series13]: 21183,792 [auxldnld]
CENTRAL_ELEM: Central element for sensor [series13]: 21218,549 [mnbp342g]
CENTRAL_ELEM: Central element for sensor [series13]: 21227,218 [l9r57wq4]
CENTRAL_ELEM: Central element for sensor [series13]: 21298,659 [x5kcnrte]
CENTRAL_ELEM: Central element for sensor [series13]: 21303,349 [mnucida4]
CENTRAL_ELEM: Central element for sensor [series13]: 21311,045 [b34m2gen]
CENTRAL_ELEM: Central element for sensor [series13]: 21424,760 [wkuv9t6s]
CENTRAL_ELEM: Central element for sensor [series13]: 21445,110 [mrsfb2wo]
CENTRAL_ELEM: Central element for sensor [series13]: 21532,131 [7bw5via0]
CENTRAL_ELEM: Central element for sensor [series13]: 21547,201 [p2tah1he]
MAX_ELEM: Max. element for sensor [series13]: 61486,669 [tle2i43a]
MIN_ELEM: Min. element for sensor [series13]: 419,981 [ae76bty0]
CENTRAL_ELEM: Central element for sensor [series45]: 20866,011 [41ezozqk]
CENTRAL_ELEM: Central element for sensor [series45]: 20917,123 [l2l1hyqp]
CENTRAL_ELEM: Central element for sensor [series45]: 20986,338 [vvyttfow]
CENTRAL_ELEM: Central element for sensor [series45]: 20991,132 [kpkuo3pe]
CENTRAL_ELEM: Central element for sensor [series45]: 21069,170 [bcbcve3h]
CENTRAL_ELEM: Central element for sensor [series45]: 21093,122 [2pfks7w2]
CENTRAL_ELEM: Central element for sensor [series45]: 21095,924 [do1r37cx]
CENTRAL_ELEM: Central element for sensor [series45]: 21128,222 [uxxgzb8o]
CENTRAL_ELEM: Central element for sensor [series45]: 21135,990 [vebliz4y]
CENTRAL_ELEM: Central element for sensor [series45]: 21136,151 [kuooyet2]
CENTRAL_ELEM: Central element for sensor [series45]: 21138,733 [rha6g1bf]
CENTRAL_ELEM: Central element for sensor [series45]: 21146,863 [peqc5vxm]
CENTRAL_ELEM: Central element for sensor [series45]: 21150,665 [fjd5cr1i]
CENTRAL_ELEM: Central element for sensor [series45]: 21181,687 [nab0c19b]
CENTRAL_ELEM: Central element for sensor [series45]: 21200,419 [4nlg1acb]
CENTRAL_ELEM: Central element for sensor [series45]: 21219,681 [jrx6aldx]
CENTRAL_ELEM: Central element for sensor [series45]: 21324,439 [gbzajh5j]
CENTRAL_ELEM: Central element for sensor [series45]: 21362,732 [u3dorsrd]
CENTRAL_ELEM: Central element for sensor [series45]: 21394,410 [81r4z5ow]
CENTRAL_ELEM: Central element for sensor [series45]: 21411,180 [h319kbnd]
CENTRAL_ELEM: Central element for sensor [series45]: 21413,245 [uymhbey7]
CENTRAL_ELEM: Central element for sensor [series45]: 21459,669 [lekugyh0]
CENTRAL_ELEM: Central element for sensor [series45]: 21462,321 [vrobe6is]
CENTRAL_ELEM: Central element for sensor [series45]: 21513,505 [vafb0l8f]
CENTRAL_ELEM: Central element for sensor [series45]: 21531,090 [jcnx9g14]
CENTRAL_ELEM: Central element for sensor [series45]: 21585,221 [s3yvwmo1]
CENTRAL_ELEM: Central element for sensor [series45]: 21592,199 [muufql5x]
CENTRAL_ELEM: Central element for sensor [series45]: 21599,366 [l36iasux]
CENTRAL_ELEM: Central element for sensor [series45]: 21617,906 [jrlyxaxg]
CENTRAL_ELEM: Central element for sensor [series45]: 21708,524 [dhjxsow2]
CENTRAL_ELEM: Central element for sensor [series45]: 21710,532 [t0wfazkk]
CENTRAL_ELEM: Central element for sensor [series45]: 21716,106 [q9u0giqs]
CENTRAL_ELEM: Central element for sensor [series45]: 21718,360 [k5jv7kgs]
CENTRAL_ELEM: Central element for sensor [series45]: 21753,383 [ez6h5wtb]
CENTRAL_ELEM: Central element for sensor [series45]: 21763,177 [i4y9hg7h]
CENTRAL_ELEM: Central element for sensor [series45]: 21776,124 [19jzsdbl]
CENTRAL_ELEM: Central element for sensor [series45]: 21799,520 [gwm1fsf7]
CENTRAL_ELEM: Central element for sensor [series45]: 21848,050 [vwhwynja]
CENTRAL_ELEM: Central element for sensor [series45]: 21852,324 [4rzjmtho]
CENTRAL_ELEM: Central element for sensor [series45]: 21865,123 [stigsq5k]
CENTRAL_ELEM: Central element for sensor [series45]: 21874,092 [oa2k7dsc]
CENTRAL_ELEM: Central element for sensor [series45]: 21924,140 [g29ezmsm]
CENTRAL_ELEM: Central element for sensor [series45]: 21926,860 [5nobx26x]
CENTRAL_ELEM: Central element for sensor [series45]: 21958,900 [sxzunce3]
CENTRAL_ELEM: Central element for sensor [series45]: 21963,573 [gtv7q4z0]
CENTRAL_ELEM: Central element for sensor [series45]: 21972,882 [r8kmdkyx]
CENTRAL_ELEM: Central element for sensor [series45]: 21993,734 [2ujnohl6]
CENTRAL_ELEM: Central element for sensor [series45]: 22001,230 [stsm3t36]
CENTRAL_ELEM: Central element for sensor [series45]: 22015,847 [2med1g2y]
CENTRAL_ELEM: Central element for sensor [series45]: 22067,050 [qip0f64w]
CENTRAL_ELEM: Central element for sensor [series45]: 22076,042 [vjnhm0p6]
CENTRAL_ELEM: Central element for sensor [series45]: 22140,065 [v3iiuv4m]
MAX_ELEM: Max. element for sensor [series45]: 64922,932 [lirrmete]
MIN_ELEM: Min. element for sensor [series45]: 313,210 [y42qzeao]
CENTRAL_ELEM: Central element for sensor [series68]: 20941,514 [jlvo6s4p]
CENTRAL_ELEM: Central element for sensor [series68]: 20971,116 [moy03wd9]
CENTRAL_ELEM: Central element for sensor [series68]: 20976,520 [mfa4dzp0]
CENTRAL_ELEM: Central element for sensor [series68]: 21020,679 [kssjybco]
CENTRAL_ELEM: Central element for sensor [series68]: 21021,700 [6356nd2m]
CENTRAL_ELEM: Central element for sensor [series68]: 21044,111 [x19leuly]
CENTRAL_ELEM: Central element for sensor [series68]: 21119,425 [k63lfuxr]
CENTRAL_ELEM: Central element for sensor [series68]: 21171,033 [zcefssj7]
CENTRAL_ELEM: Central element for sensor [series68]: 21230,767 [064olya2]
CENTRAL_ELEM: Central element for sensor [series68]: 21231,074 [uvrd31qm]
CENTRAL_ELEM: Central element for sensor [series68]: 21258,770 [zgelfwuv]
CENTRAL_ELEM: Central element for sensor [series68]: 21278,057 [zluz3xkg]
CENTRAL_ELEM: Central element for sensor [series68]: 21281,100 [4kphke0s]
CENTRAL_ELEM: Central element for sensor [series68]: 21368,830 [71jnavyl]
CENTRAL_ELEM: Central element for sensor [series68]: 21386,830 [m44mjwve]
CENTRAL_ELEM: Central element for sensor [series68]: 21387,076 [gw0ehbzf]
CENTRAL_ELEM: Central element for sensor [series68]: 21403,232 [gb8rqq61]
CENTRAL_ELEM: Central element for sensor [series68]: 21468,220 [as8qrk7n]
CENTRAL_ELEM: Central element for sensor [series68]: 21471,787 [uomz6uq6]
CENTRAL_ELEM: Central element for sensor [series68]: 21507,728 [1bi1ysuc]
CENTRAL_ELEM: Central element for sensor [series68]: 21510,443 [wps93wkz]
CENTRAL_ELEM: Central element for sensor [series68]: 21532,209 [g28hx4vg]
CENTRAL_ELEM: Central element for sensor [series68]: 21600,323 [q1pi16lr]
CENTRAL_ELEM: Central element for sensor [series68]: 21602,180 [zavi23fm]
CENTRAL_ELEM: Central element for sensor [series68]: 21626,714 [oek5hk1v]
CENTRAL_ELEM: Central element for sensor [series68]: 21655,702 [6db2u1ax]
CENTRAL_ELEM: Central element for sensor [series68]: 21705,900 [ql0s57vi]
CENTRAL_ELEM: Central element for sensor [series68]: 21706,597 [gpsr2ma5]
CENTRAL_ELEM: Central element for sensor [series68]: 21730,678 [3nian31f]
CENTRAL_ELEM: Central element for sensor [series68]: 21819,008 [q2fjsehw]
CENTRAL_ELEM: Central element for sensor [series68]: 21820,169 [megu9652]
CENTRAL_ELEM: Central element for sensor [series68]: 21823,133 [4o9stdp8]
CENTRAL_ELEM: Central element for sensor [series68]: 21851,699 [iqyxdvw9]
CENTRAL_ELEM: Central element for sensor [series68]: 21872,454 [l1hfkmcu]
CENTRAL_ELEM: Central element for sensor [series68]: 21885,367 [cbk50f53]
CENTRAL_ELEM: Central element for sensor [series68]: 21901,334 [d31uxzwj]
CENTRAL_ELEM: Central element for sensor [series68]: 21918,939 [k2i633cy]
CENTRAL_ELEM: Central element for sensor [series68]: 21935,954 [2835qwt8]
CENTRAL_ELEM: Central element for sensor [series68]: 21952,689 [19z7275h]
CENTRAL_ELEM: Central element for sensor [series68]: 21996,607 [uw2z82z2]
CENTRAL_ELEM: Central element for sensor [series68]: 22047,217 [rtmnq3ay]
CENTRAL_ELEM: Central element for sensor [series68]: 22105,897 [up67iwwx]
CENTRAL_ELEM: Central element for sensor [series68]: 22178,480 [m7gktysq]
CENTRAL_ELEM: Central element for sensor [series68]: 22184,274 [t7shlr45]
CENTRAL_ELEM: Central element for sensor [series68]: 22193,191 [dg1acbv4]
CENTRAL_ELEM: Central element for sensor [series68]: 22205,895 [lgoycbuu]
CENTRAL_ELEM: Central element for sensor [series68]: 22216,969 [vrum2o3v]
MAX_ELEM: Max. element for sensor [series68]: 64381,426 [nj3ee77v]
MIN_ELEM: Min. element for sensor [series68]: 407,956 [8nx2nvas]
CENTRAL_ELEM: Central element for sensor [series70]: 21358,784 [du3slu9k]
CENTRAL_ELEM: Central element for sensor [series70]: 21428,882 [yqdq8h4q]
CENTRAL_ELEM: Central element for sensor [series70]: 21432,031 [5cvflaum]
CENTRAL_ELEM: Central element for sensor [series70]: 21494,890 [fjlzfeku]
CENTRAL_ELEM: Central element for sensor [series70]: 21501,274 [v77rxh03]
CENTRAL_ELEM: Central element for sensor [series70]: 21531,539 [edasjvsn]
CENTRAL_ELEM: Central element for sensor [series70]: 21573,144 [9x5hcrua]
CENTRAL_ELEM: Central element for sensor [series70]: 21587,010 [isgy27nh]
CENTRAL_ELEM: Central element for sensor [series70]: 21595,562 [9pgtwgdu]
CENTRAL_ELEM: Central element for sensor [series70]: 21630,120 [t0b7e1fm]
CENTRAL_ELEM: Central element for sensor [series70]: 21642,916 [5cscv4qa]
CENTRAL_ELEM: Central element for sensor [series70]: 21759,513 [jvvdd4e9]
CENTRAL_ELEM: Central element for sensor [series70]: 21763,214 [wrkwmvub]
CENTRAL_ELEM: Central element for sensor [series70]: 21842,950 [chprbk7a]
CENTRAL_ELEM: Central element for sensor [series70]: 21853,629 [qsdhzfyg]
CENTRAL_ELEM: Central element for sensor [series70]: 21881,759 [bdneg4tg]
CENTRAL_ELEM: Central element for sensor [series70]: 21888,183 [nhh5v1xw]
CENTRAL_ELEM: Central element for sensor [series70]: 21898,958 [lxfcuprq]
CENTRAL_ELEM: Central element for sensor [series70]: 21905,905 [vp87ejfv]
CENTRAL_ELEM: Central element for sensor [series70]: 21908,220 [gijt9tbk]
CENTRAL_ELEM: Central element for sensor [series70]: 21997,931 [nfxnlden]
CENTRAL_ELEM: Central element for sensor [series70]: 22010,587 [p01y6utb]
CENTRAL_ELEM: Central element for sensor [series70]: 22057,760 [j9sbry6z]
CENTRAL_ELEM: Central element for sensor [series70]: 22143,233 [b58z6djy]
CENTRAL_ELEM: Central element for sensor [series70]: 22189,632 [cey7or8k]
CENTRAL_ELEM: Central element for sensor [series70]: 22235,895 [8a84kca9]
CENTRAL_ELEM: Central element for sensor [series70]: 22345,098 [jwii4xme]
CENTRAL_ELEM: Central element for sensor [series70]: 22368,865 [p7u21ysq]
CENTRAL_ELEM: Central element for sensor [series70]: 22371,771 [2v3ctwwk]
CENTRAL_ELEM: Central element for sensor [series70]: 22425,286 [zemfih6k]
CENTRAL_ELEM: Central element for sensor [series70]: 22453,608 [655tztnh]
CENTRAL_ELEM: Central element for sensor [series70]: 22497,395 [6ivwianp]
CENTRAL_ELEM: Central element for sensor [series70]: 22531,080 [93qc03tp]
CENTRAL_ELEM: Central element for sensor [series70]: 22535,681 [b6p0kfq6]
CENTRAL_ELEM: Central element for sensor [series70]: 22597,967 [xwsyc1kv]
MAX_ELEM: Max. element for sensor [series70]: 64034,730 [yn572ua8]
MIN_ELEM: Min. element for sensor [series70]: 518,786 [adcqixio]
INFO: Finished processing file: data_d1.txt
