INFO: Start processing file: data_a1.txt
CENTRAL_ELEM: Central element for sensor [<N/A>]: 16130,696
CENTRAL_ELEM: Central element for sensor [<N/A>]: 16132,953
CENTRAL_ELEM: Central element for sensor [<N/A>]: 16135,470
CENTRAL_ELEM: Central element for sensor [<N/A>]: 16136,482
CENTRAL_ELEM: Central element for sensor [<N/A>]: 16136,557
CENTRAL_ELEM: Central element for sensor [<N/A>]: 16137,601
CENTRAL_ELEM: Central element for sensor [<N/A>]: 16137,758
CENTRAL_ELEM: Central element for sensor [<N/A>]: 16138,300
CENTRAL_ELEM: Central element for sensor [<N/A>]: 16138,888
CENTRAL_ELEM: Central element for sensor [<N/A>]: 16139,966
CENTRAL_ELEM: Central element for sensor [<N/A>]: 16145,020
CENTRAL_ELEM: Central element for sensor [<N/A>]: 16149,019
CENTRAL_ELEM: Central element for sensor [<N/A>]: 16150,522
CENTRAL_ELEM: Central element for sensor [<N/A>]: 16151,260
CENTRAL_ELEM: Central element for sensor [<N/A>]: 16151,793
CENTRAL_ELEM: Central element for sensor [<N/A>]: 16152,080
CENTRAL_ELEM: Central element for sensor [<N/A>]: 16152,530
CENTRAL_ELEM: Central element for sensor [<N/A>]: 16153,272
CENTRAL_ELEM: Central element for sensor [<N/A>]: 16153,560
CENTRAL_ELEM: Central element for sensor [<N/A>]: 16156,477
CENTRAL_ELEM: Central element for sensor [<N/A>]: 16156,831
CENTRAL_ELEM: Central element for sensor [<N/A>]: 16157,280
CENTRAL_ELEM: Central element for sensor [<N/A>]: 16158,982
CENTRAL_ELEM: Central element for sensor [<N/A>]: 16160,449
CENTRAL_ELEM: Central element for sensor [<N/A>]: 16160,520
CENTRAL_ELEM: Central element for sensor [<N/A>]: 16161,650
CENTRAL_ELEM: Central element for sensor [<N/A>]: 16162,130
CENTRAL_ELEM: Central element for sensor [<N/A>]: 16163,829
CENTRAL_ELEM: Central element for sensor [<N/A>]: 16164,510
CENTRAL_ELEM: Central element for sensor [<N/A>]: 16167,252
CENTRAL_ELEM: Central element for sensor [<N/A>]: 16168,164
CENTRAL_ELEM: Central element for sensor [<N/A>]: 16169,442
CENTRAL_ELEM: Central element for sensor [<N/A>]: 16170,834
CENTRAL_ELEM: Central element for sensor [<N/A>]: 16175,037
CENTRAL_ELEM: Central element for sensor [<N/A>]: 16178,636
CENTRAL_ELEM: Central element for sensor [<N/A>]: 16180,540
CENTRAL_ELEM: Central element for sensor [<N/A>]: 16182,510
CENTRAL_ELEM: Central element for sensor [<N/A>]: 16188,634
CENTRAL_ELEM: Central element for sensor [<N/A>]: 16190,904
CENTRAL_ELEM: Central element for sensor [<N/A>]: 16192,593
CENTRAL_ELEM: Central element for sensor [<N/A>]: 16194,028
CENTRAL_ELEM: Central element for sensor [<N/A>]: 16199,909
CENTRAL_ELEM: Central element for sensor [<N/A>]: 16201,676
CENTRAL_ELEM: Central element for sensor [<N/A>]: 16202,407
CENTRAL_ELEM: Central element for sensor [<N/A>]: 16202,508
CENTRAL_ELEM: Central element for sensor [<N/A>]: 16203,375
CENTRAL_ELEM: Central element for sensor [<N/A>]: 16206,730
CENTRAL_ELEM: Central element for sensor [<N/A>]: 16207,020
CENTRAL_ELEM: Central element for sensor [<N/A>]: 16207,526
CENTRAL_ELEM: Central element for sensor [<N/A>]: 16210,579
CENTRAL_ELEM: Central element for sensor [<N/A>]: 16211,872
CENTRAL_ELEM: Central element for sensor [<N/A>]: 16213,483
CENTRAL_ELEM: Central element for sensor [<N/A>]: 16222,436
CENTRAL_ELEM: Central element for sensor [<N/A>]: 16222,479
CENTRAL_ELEM: Central element for sensor [<N/A>]: 16226,363
CENTRAL_ELEM: Central element for sensor [<N/A>]: 16227,274
CENTRAL_ELEM: Central element for sensor [<N/A>]: 16227,879
CENTRAL_ELEM: Central element for sensor [<N/A>]: 16228,452
CENTRAL_ELEM: Central element for sensor [<N/A>]: 16229,926
CENTRAL_ELEM: Central element for sensor [<N/A>]: 16231,622
CENTRAL_ELEM: Central element for sensor [<N/A>]: 16231,646
CENTRAL_ELEM: Central element for sensor [<N/A>]: 16232,858
CENTRAL_ELEM: Central element for sensor [<N/A>]: 16236,596
CENTRAL_ELEM: Central element for sensor [<N/A>]: 16237,614
CENTRAL_ELEM: Central element for sensor [<N/A>]: 16240,220
CENTRAL_ELEM: Central element for sensor [<N/A>]: 16241,805
CENTRAL_ELEM: Central element for sensor [<N/A>]: 16242,001
CENTRAL_ELEM: Central element for sensor [<N/A>]: 16248,442
CENTRAL_ELEM: Central element for sensor [<N/A>]: 16249,438
CENTRAL_ELEM: Central element for sensor [<N/A>]: 16251,639
CENTRAL_ELEM: Central element for sensor [<N/A>]: 16259,206
CENTRAL_ELEM: Central element for sensor [<N/A>]: 16262,412
CENTRAL_ELEM: Central element for sensor [<N/A>]: 16263,230
CENTRAL_ELEM: Central element for sensor [<N/A>]: 16264,210
CENTRAL_ELEM: Central element for sensor [<N/A>]: 16266,323
CENTRAL_ELEM: Central element for sensor [<N/A>]: 16270,800
CENTRAL_ELEM: Central element for sensor [<N/A>]: 16273,270
CENTRAL_ELEM: Central element for sensor [<N/A>]: 16274,219
CENTRAL_ELEM: Central element for sensor [<N/A>]: 16275,288
CENTRAL_ELEM: Central element for sensor [<N/A>]: 16280,183
CENTRAL_ELEM: Central element for sensor [<N/A>]: 16280,351
CENTRAL_ELEM: Central element for sensor [<N/A>]: 16280,980
CENTRAL_ELEM: Central element for sensor [<N/A>]: 16281,402
CENTRAL_ELEM: Central element for sensor [<N/A>]: 16282,480
CENTRAL_ELEM: Central element for sensor [<N/A>]: 16284,509
CENTRAL_ELEM: Central element for sensor [<N/A>]: 16285,398
CENTRAL_ELEM: Central element for sensor [<N/A>]: 16285,651
CENTRAL_ELEM: Central element for sensor [<N/A>]: 16289,530
CENTRAL_ELEM: Central element for sensor [<N/A>]: 16290,337
CENTRAL_ELEM: Central element for sensor [<N/A>]: 16292,874
CENTRAL_ELEM: Central element for sensor [<N/A>]: 16293,612
CENTRAL_ELEM: Central element for sensor [<N/A>]: 16299,177
CENTRAL_ELEM: Central element for sensor [<N/A>]: 16300,398
CENTRAL_ELEM: Central element for sensor [<N/A>]: 16301,549
CENTRAL_ELEM: Central element for sensor [<N/A>]: 16303,179
CENTRAL_ELEM: Central element for sensor [<N/A>]: 16309,750
CENTRAL_ELEM: Central element for sensor [<N/A>]: 16313,326
CENTRAL_ELEM: Central element for sensor [<N/A>]: 16316,136
CENTRAL_ELEM: Central element for sensor [<N/A>]: 16317,546
CENTRAL_ELEM: Central element for sensor [<N/A>]: 16322,340
CENTRAL_ELEM: Central element for sensor [<N/A>]: 16327,407
CENTRAL_ELEM: Central element for sensor [<N/A>]: 16333,205
CENTRAL_ELEM: Central element for sensor [<N/A>]: 16334,150
CENTRAL_ELEM: Central element for sensor [<N/A>]: 16336,369
CENTRAL_ELEM: Central element for sensor [<N/A>]: 16336,507
CENTRAL_ELEM: Central element for sensor [<N/A>]: 16336,828
CENTRAL_ELEM: Central element for sensor [<N/A>]: 16336,846
CENTRAL_ELEM: Central element for sensor [<N/A>]: 16337,240
CENTRAL_ELEM: Central element for sensor [<N/A>]: 16337,849
CENTRAL_ELEM: Central element for sensor [<N/A>]: 16338,576
CENTRAL_ELEM: Central element for sensor [<N/A>]: 16339,599
CENTRAL_ELEM: Central element for sensor [<N/A>]: 16340,403
CENTRAL_ELEM: Central element for sensor [<N/A>]: 16341,844
CENTRAL_ELEM: Central element for sensor [<N/A>]: 16341,980
CENTRAL_ELEM: Central element for sensor [<N/A>]: 16344,856
CENTRAL_ELEM: Central element for sensor [<N/A>]: 16344,920
CENTRAL_ELEM: Central element for sensor [<N/A>]: 16349,095
CENTRAL_ELEM: Central element for sensor [<N/A>]: 16349,571
CENTRAL_ELEM: Central element for sensor [<N/A>]: 16351,323
CENTRAL_ELEM: Central element for sensor [<N/A>]: 16353,121
CENTRAL_ELEM: Central element for sensor [<N/A>]: 16355,666
CENTRAL_ELEM: Central element for sensor [<N/A>]: 16360,221
CENTRAL_ELEM: Central element for sensor [<N/A>]: 16362,348
CENTRAL_ELEM: Central element for sensor [<N/A>]: 16366,243
CENTRAL_ELEM: Central element for sensor [<N/A>]: 16366,420
CENTRAL_ELEM: Central element for sensor [<N/A>]: 16366,758
CENTRAL_ELEM: Central element for sensor [<N/A>]: 16367,169
CENTRAL_ELEM: Central element for sensor [<N/A>]: 16371,069
CENTRAL_ELEM: Central element for sensor [<N/A>]: 16372,933
CENTRAL_ELEM: Central element for sensor [<N/A>]: 16374,939
CENTRAL_ELEM: Central element for sensor [<N/A>]: 16375,581
CENTRAL_ELEM: Central element for sensor [<N/A>]: 16376,860
CENTRAL_ELEM: Central element for sensor [<N/A>]: 16384,470
CENTRAL_ELEM: Central element for sensor [<N/A>]: 16385,204
CENTRAL_ELEM: Central element for sensor [<N/A>]: 16385,231
CENTRAL_ELEM: Central element for sensor [<N/A>]: 16386,890
CENTRAL_ELEM: Central element for sensor [<N/A>]: 16387,255
CENTRAL_ELEM: Central element for sensor [<N/A>]: 16388,266
CENTRAL_ELEM: Central element for sensor [<N/A>]: 16390,173
CENTRAL_ELEM: Central element for sensor [<N/A>]: 16392,362
CENTRAL_ELEM: Central element for sensor [<N/A>]: 16393,401
CENTRAL_ELEM: Central element for sensor [<N/A>]: 16399,420
CENTRAL_ELEM: Central element for sensor [<N/A>]: 16399,620
CENTRAL_ELEM: Central element for sensor [<N/A>]: 16399,673
CENTRAL_ELEM: Central element for sensor [<N/A>]: 16400,230
CENTRAL_ELEM: Central element for sensor [<N/A>]: 16401,084
CENTRAL_ELEM: Central element for sensor [<N/A>]: 16404,125
CENTRAL_ELEM: Central element for sensor [<N/A>]: 16407,762
CENTRAL_ELEM: Central element for sensor [<N/A>]: 16408,720
CENTRAL_ELEM: Central element for sensor [<N/A>]: 16411,105
CENTRAL_ELEM: Central element for sensor [<N/A>]: 16412,002
CENTRAL_ELEM: Central element for sensor [<N/A>]: 16412,711
CENTRAL_ELEM: Central element for sensor [<N/A>]: 16412,860
CENTRAL_ELEM: Central element for sensor [<N/A>]: 16417,331
CENTRAL_ELEM: Central element for sensor [<N/A>]: 16418,469
CENTRAL_ELEM: Central element for sensor [<N/A>]: 16421,225
CENTRAL_ELEM: Central element for sensor [<N/A>]: 16422,460
CENTRAL_ELEM: Central element for sensor [<N/A>]: 16422,936
CENTRAL_ELEM: Central element for sensor [<N/A>]: 16423,192
CENTRAL_ELEM: Central element for sensor [<N/A>]: 16423,750
CENTRAL_ELEM: Central element for sensor [<N/A>]: 16426,570
CENTRAL_ELEM: Central element for sensor [<N/A>]: 16428,441
CENTRAL_ELEM: Central element for sensor [<N/A>]: 16429,237
CENTRAL_ELEM: Central element for sensor [<N/A>]: 16430,582
CENTRAL_ELEM: Central element for sensor [<N/A>]: 16430,860
CENTRAL_ELEM: Central element for sensor [<N/A>]: 16432,829
CENTRAL_ELEM: Central element for sensor [<N/A>]: 16433,386
CENTRAL_ELEM: Central element for sensor [<N/A>]: 16435,835
CENTRAL_ELEM: Central element for sensor [<N/A>]: 16438,024
CENTRAL_ELEM: Central element for sensor [<N/A>]: 16440,190
CENTRAL_ELEM: Central element for sensor [<N/A>]: 16440,874
CENTRAL_ELEM: Central element for sensor [<N/A>]: 16445,473
CENTRAL_ELEM: Central element for sensor [<N/A>]: 16445,760
CENTRAL_ELEM: Central element for sensor [<N/A>]: 16447,017
CENTRAL_ELEM: Central element for sensor [<N/A>]: 16447,730
CENTRAL_ELEM: Central element for sensor [<N/A>]: 16447,996
CENTRAL_ELEM: Central element for sensor [<N/A>]: 16448,571
CENTRAL_ELEM: Central element for sensor [<N/A>]: 16450,220
CENTRAL_ELEM: Central element for sensor [<N/A>]: 16456,295
CENTRAL_ELEM: Central element for sensor [<N/A>]: 16457,508
CENTRAL_ELEM: Central element for sensor [<N/A>]: 16459,743
CENTRAL_ELEM: Central element for sensor [<N/A>]: 16459,907
CENTRAL_ELEM: Central element for sensor [<N/A>]: 16463,500
CENTRAL_ELEM: Central element for sensor [<N/A>]: 16467,010
CENTRAL_ELEM: Central element for sensor [<N/A>]: 16467,409
CENTRAL_ELEM: Central element for sensor [<N/A>]: 16474,761
CENTRAL_ELEM: Central element for sensor [<N/A>]: 16475,641
CENTRAL_ELEM: Central element for sensor [<N/A>]: 16476,763
CENTRAL_ELEM: Central element for sensor [<N/A>]: 16479,750
CENTRAL_ELEM: Central element for sensor [<N/A>]: 16480,332
CENTRAL_ELEM: Central element for sensor [<N/A>]: 16483,033
CENTRAL_ELEM: Central element for sensor [<N/A>]: 16485,983
CENTRAL_ELEM: Central element for sensor [<N/A>]: 16487,304
CENTRAL_ELEM: Central element for sensor [<N/A>]: 16487,543
CENTRAL_ELEM: Central element for sensor [<N/A>]: 16488,480
CENTRAL_ELEM: Central element for sensor [<N/A>]: 16492,098
CENTRAL_ELEM: Central element for sensor [<N/A>]: 16492,247
CENTRAL_ELEM: Central element for sensor [<N/A>]: 16494,440
CENTRAL_ELEM: Central element for sensor [<N/A>]: 16498,314
CENTRAL_ELEM: Central element for sensor [<N/A>]: 16503,270
CENTRAL_ELEM: Central element for sensor [<N/A>]: 16509,010
CENTRAL_ELEM: Central element for sensor [<N/A>]: 16509,234
CENTRAL_ELEM: Central element for sensor [<N/A>]: 16510,034
CENTRAL_ELEM: Central element for sensor [<N/A>]: 16516,318
CENTRAL_ELEM: Central element for sensor [<N/A>]: 16516,480
CENTRAL_ELEM: Central element for sensor [<N/A>]: 16518,055
CENTRAL_ELEM: Central element for sensor [<N/A>]: 16518,718
CENTRAL_ELEM: Central element for sensor [<N/A>]: 16522,920
CENTRAL_ELEM: Central element for sensor [<N/A>]: 16524,216
CENTRAL_ELEM: Central element for sensor [<N/A>]: 16525,000
CENTRAL_ELEM: Central element for sensor [<N/A>]: 16525,323
CENTRAL_ELEM: Central element for sensor [<N/A>]: 16526,000
CENTRAL_ELEM: Central element for sensor [<N/A>]: 16527,370
CENTRAL_ELEM: Central element for sensor [<N/A>]: 16529,696
CENTRAL_ELEM: Central element for sensor [<N/A>]: 16530,479
CENTRAL_ELEM: Central element for sensor [<N/A>]: 16535,140
CENTRAL_ELEM: Central element for sensor [<N/A>]: 16538,456
CENTRAL_ELEM: Central element for sensor [<N/A>]: 16539,978
CENTRAL_ELEM: Central element for sensor [<N/A>]: 16543,884
CENTRAL_ELEM: Central element for sensor [<N/A>]: 16543,943
CENTRAL_ELEM: Central element for sensor [<N/A>]: 16544,040
CENTRAL_ELEM: Central element for sensor [<N/A>]: 16548,370
CENTRAL_ELEM: Central element for sensor [<N/A>]: 16552,146
CENTRAL_ELEM: Central element for sensor [<N/A>]: 16552,168
CENTRAL_ELEM: Central element for sensor [<N/A>]: 16553,481
CENTRAL_ELEM: Central element for sensor [<N/A>]: 16553,660
CENTRAL_ELEM: Central element for sensor [<N/A>]: 16554,223
CENTRAL_ELEM: Central element for sensor [<N/A>]: 16554,550
CENTRAL_ELEM: Central element for sensor [<N/A>]: 16556,645
CENTRAL_ELEM: Central element for sensor [<N/A>]: 16561,019
CENTRAL_ELEM: Central element for sensor [<N/A>]: 16561,510
CENTRAL_ELEM: Central element for sensor [<N/A>]: 16561,707
CENTRAL_ELEM: Central element for sensor [<N/A>]: 16562,450
CENTRAL_ELEM: Central element for sensor [<N/A>]: 16563,214
CENTRAL_ELEM: Central element for sensor [<N/A>]: 16564,592
CENTRAL_ELEM: Central element for sensor [<N/A>]: 16566,050
CENTRAL_ELEM: Central element for sensor [<N/A>]: 16568,858
CENTRAL_ELEM: Central element for sensor [<N/A>]: 16569,309
CENTRAL_ELEM: Central element for sensor [<N/A>]: 16570,509
CENTRAL_ELEM: Central element for sensor [<N/A>]: 16571,713
CENTRAL_ELEM: Central element for sensor [<N/A>]: 16571,930
CENTRAL_ELEM: Central element for sensor [<N/A>]: 16572,313
CENTRAL_ELEM: Central element for sensor [<N/A>]: 16574,804
CENTRAL_ELEM: Central element for sensor [<N/A>]: 16576,271
CENTRAL_ELEM: Central element for sensor [<N/A>]: 16578,701
CENTRAL_ELEM: Central element for sensor [<N/A>]: 16581,630
CENTRAL_ELEM: Central element for sensor [<N/A>]: 16583,331
CENTRAL_ELEM: Central element for sensor [<N/A>]: 16583,492
CENTRAL_ELEM: Central element for sensor [<N/A>]: 16583,809
CENTRAL_ELEM: Central element for sensor [<N/A>]: 16585,477
CENTRAL_ELEM: Central element for sensor [<N/A>]: 16585,709
CENTRAL_ELEM: Central element for sensor [<N/A>]: 16588,641
CENTRAL_ELEM: Central element for sensor [<N/A>]: 16589,562
CENTRAL_ELEM: Central element for sensor [<N/A>]: 16591,650
CENTRAL_ELEM: Central element for sensor [<N/A>]: 16593,975
CENTRAL_ELEM: Central element for sensor [<N/A>]: 16594,930
CENTRAL_ELEM: Central element for sensor [<N/A>]: 16597,220
CENTRAL_ELEM: Central element for sensor [<N/A>]: 16598,230
CENTRAL_ELEM: Central element for sensor [<N/A>]: 16598,352
CENTRAL_ELEM: Central element for sensor [<N/A>]: 16607,110
CENTRAL_ELEM: Central element for sensor [<N/A>]: 16607,740
CENTRAL_ELEM: Central element for sensor [<N/A>]: 16608,874
CENTRAL_ELEM: Central element for sensor [<N/A>]: 16609,468
CENTRAL_ELEM: Central element for sensor [<N/A>]: 16612,262
CENTRAL_ELEM: Central element for sensor [<N/A>]: 16612,708
CENTRAL_ELEM: Central element for sensor [<N/A>]: 16614,765
CENTRAL_ELEM: Central element for sensor [<N/A>]: 16618,139
CENTRAL_ELEM: Central element for sensor [<N/A>]: 16621,239
CENTRAL_ELEM: Central element for sensor [<N/A>]: 16621,277
CENTRAL_ELEM: Central element for sensor [<N/A>]: 16623,005
CENTRAL_ELEM: Central element for sensor [<N/A>]: 16624,099
CENTRAL_ELEM: Central element for sensor [<N/A>]: 16628,087
CENTRAL_ELEM: Central element for sensor [<N/A>]: 16629,776
CENTRAL_ELEM: Central element for sensor [<N/A>]: 16629,917
CENTRAL_ELEM: Central element for sensor [<N/A>]: 16632,226
CENTRAL_ELEM: Central element for sensor [<N/A>]: 16632,637
CENTRAL_ELEM: Central element for sensor [<N/A>]: 16633,110
CENTRAL_ELEM: Central element for sensor [<N/A>]: 16634,186
CENTRAL_ELEM: Central element for sensor [<N/A>]: 16634,833
CENTRAL_ELEM: Central element for sensor [<N/A>]: 16638,060
CENTRAL_ELEM: Central element for sensor [<N/A>]: 16641,510
CENTRAL_ELEM: Central element for sensor [<N/A>]: 16643,009
CENTRAL_ELEM: Central element for sensor [<N/A>]: 16643,590
CENTRAL_ELEM: Central element for sensor [<N/A>]: 16645,017
CENTRAL_ELEM: Central element for sensor [<N/A>]: 16649,770
CENTRAL_ELEM: Central element for sensor [<N/A>]: 16651,128
CENTRAL_ELEM: Central element for sensor [<N/A>]: 16651,903
CENTRAL_ELEM: Central element for sensor [<N/A>]: 16653,306
CENTRAL_ELEM: Central element for sensor [<N/A>]: 16657,207
CENTRAL_ELEM: Central element for sensor [<N/A>]: 16659,611
CENTRAL_ELEM: Central element for sensor [<N/A>]: 16660,626
CENTRAL_ELEM: Central element for sensor [<N/A>]: 16660,700
CENTRAL_ELEM: Central element for sensor [<N/A>]: 16660,850
CENTRAL_ELEM: Central element for sensor [<N/A>]: 16662,047
CENTRAL_ELEM: Central element for sensor [<N/A>]: 16662,549
CENTRAL_ELEM: Central element for sensor [<N/A>]: 16662,919
CENTRAL_ELEM: Central element for sensor [<N/A>]: 16664,155
CENTRAL_ELEM: Central element for sensor [<N/A>]: 16667,330
CENTRAL_ELEM: Central element for sensor [<N/A>]: 16667,554
CENTRAL_ELEM: Central element for sensor [<N/A>]: 16668,460
CENTRAL_ELEM: Central element for sensor [<N/A>]: 16673,409
CENTRAL_ELEM: Central element for sensor [<N/A>]: 16676,890
CENTRAL_ELEM: Central element for sensor [<N/A>]: 16678,372
CENTRAL_ELEM: Central element for sensor [<N/A>]: 16678,475
CENTRAL_ELEM: Central element for sensor [<N/A>]: 16680,472
CENTRAL_ELEM: Central element for sensor [<N/A>]: 16682,182
CENTRAL_ELEM: Central element for sensor [<N/A>]: 16682,270
CENTRAL_ELEM: Central element for sensor [<N/A>]: 16683,135
CENTRAL_ELEM: Central element for sensor [<N/A>]: 16683,800
CENTRAL_ELEM: Central element for sensor [<N/A>]: 16683,910
CENTRAL_ELEM: Central element for sensor [<N/A>]: 16684,957
CENTRAL_ELEM: Central element for sensor [<N/A>]: 16686,607
CENTRAL_ELEM: Central element for sensor [<N/A>]: 16687,697
CENTRAL_ELEM: Central element for sensor [<N/A>]: 16690,710
CENTRAL_ELEM: Central element for sensor [<N/A>]: 16692,208
CENTRAL_ELEM: Central element for sensor [<N/A>]: 16695,537
CENTRAL_ELEM: Central element for sensor [<N/A>]: 16697,859
CENTRAL_ELEM: Central element for sensor [<N/A>]: 16699,588
CENTRAL_ELEM: Central element for sensor [<N/A>]: 16699,868
CENTRAL_ELEM: Central element for sensor [<N/A>]: 16700,067
CENTRAL_ELEM: Central element for sensor [<N/A>]: 16700,409
CENTRAL_ELEM: Central element for sensor [<N/A>]: 16700,480
CENTRAL_ELEM: Central element for sensor [<N/A>]: 16701,448
CENTRAL_ELEM: Central element for sensor [<N/A>]: 16702,571
CENTRAL_ELEM: Central element for sensor [<N/A>]: 16703,831
CENTRAL_ELEM: Central element for sensor [<N/A>]: 16706,242
CENTRAL_ELEM: Central element for sensor [<N/A>]: 16706,787
CENTRAL_ELEM: Central element for sensor [<N/A>]: 16710,379
CENTRAL_ELEM: Central element for sensor [<N/A>]: 16711,462
CENTRAL_ELEM: Central element for sensor [<N/A>]: 16713,691
CENTRAL_ELEM: Central element for sensor [<N/A>]: 16713,704
CENTRAL_ELEM: Central element for sensor [<N/A>]: 16714,277
CENTRAL_ELEM: Central element for sensor [<N/A>]: 16714,985
CENTRAL_ELEM: Central element for sensor [<N/A>]: 16717,681
CENTRAL_ELEM: Central element for sensor [<N/A>]: 16718,976
CENTRAL_ELEM: Central element for sensor [<N/A>]: 16720,045
CENTRAL_ELEM: Central element for sensor [<N/A>]: 16720,978
CENTRAL_ELEM: Central element for sensor [<N/A>]: 16724,634
CENTRAL_ELEM: Central element for sensor [<N/A>]: 16724,798
CENTRAL_ELEM: Central element for sensor [<N/A>]: 16725,733
CENTRAL_ELEM: Central element for sensor [<N/A>]: 16728,591
CENTRAL_ELEM: Central element for sensor [<N/A>]: 16728,614
CENTRAL_ELEM: Central element for sensor [<N/A>]: 16731,755
CENTRAL_ELEM: Central element for sensor [<N/A>]: 16736,456
CENTRAL_ELEM: Central element for sensor [<N/A>]: 16736,565
CENTRAL_ELEM: Central element for sensor [<N/A>]: 16737,189
CENTRAL_ELEM: Central element for sensor [<N/A>]: 16739,525
CENTRAL_ELEM: Central element for sensor [<N/A>]: 16739,818
CENTRAL_ELEM: Central element for sensor [<N/A>]: 16740,768
CENTRAL_ELEM: Central element for sensor [<N/A>]: 16741,047
CENTRAL_ELEM: Central element for sensor [<N/A>]: 16741,820
CENTRAL_ELEM: Central element for sensor [<N/A>]: 16742,638
CENTRAL_ELEM: Central element for sensor [<N/A>]: 16747,332
CENTRAL_ELEM: Central element for sensor [<N/A>]: 16749,105
CENTRAL_ELEM: Central element for sensor [<N/A>]: 16750,538
CENTRAL_ELEM: Central element for sensor [<N/A>]: 16751,980
CENTRAL_ELEM: Central element for sensor [<N/A>]: 16754,676
CENTRAL_ELEM: Central element for sensor [<N/A>]: 16755,631
CENTRAL_ELEM: Central element for sensor [<N/A>]: 16757,189
CENTRAL_ELEM: Central element for sensor [<N/A>]: 16757,224
CENTRAL_ELEM: Central element for sensor [<N/A>]: 16758,270
CENTRAL_ELEM: Central element for sensor [<N/A>]: 16758,712
CENTRAL_ELEM: Central element for sensor [<N/A>]: 16758,819
CENTRAL_ELEM: Central element for sensor [<N/A>]: 16758,860
CENTRAL_ELEM: Central element for sensor [<N/A>]: 16759,332
CENTRAL_ELEM: Central element for sensor [<N/A>]: 16761,581
CENTRAL_ELEM: Central element for sensor [<N/A>]: 16762,075
CENTRAL_ELEM: Central element for sensor [<N/A>]: 16763,075
CENTRAL_ELEM: Central element for sensor [<N/A>]: 16764,590
CENTRAL_ELEM: Central element for sensor [<N/A>]: 16766,530
CENTRAL_ELEM: Central element for sensor [<N/A>]: 16769,420
CENTRAL_ELEM: Central element for sensor [<N/A>]: 16769,940
CENTRAL_ELEM: Central element for sensor [<N/A>]: 16770,740
CENTRAL_ELEM: Central element for sensor [<N/A>]: 16770,873
CENTRAL_ELEM: Central element for sensor [<N/A>]: 16772,354
CENTRAL_ELEM: Central element for sensor [<N/A>]: 16773,837
CENTRAL_ELEM: Central element for sensor [<N/A>]: 16774,196
CENTRAL_ELEM: Central element for sensor [<N/A>]: 16776,245
CENTRAL_ELEM: Central element for sensor [<N/A>]: 16777,370
CENTRAL_ELEM: Central element for sensor [<N/A>]: 16778,810
CENTRAL_ELEM: Central element for sensor [<N/A>]: 16779,382
MAX_ELEM: Max. element for sensor [<N/A>]: 32793,277
MIN_ELEM: Min. element for sensor [<N/A>]: 125,705
INFO: Finished processing file: data_a1.txt
