INFO: Start processing file: data_c1.txt
ERROR: Faulty record in data_c1.txt: 9146.91258N7 id:404hhtbn
ERROR: Faulty record in data_c1.txt: 17680.85482R85 id:xrrod4cr
ERROR: Faulty record in data_c1.txt: 13764.3274R76 id:r58b29a6
ERROR: Faulty record in data_c1.txt: 3834.0908o69 id:z3en3jaq
ERROR: Faulty record in data_c1.txt: 51621.696797d48 id:ztmjt7pg
ERROR: Faulty record in data_c1.txt: 36288.016x18 id:wki5ftmv
ERROR: Faulty record in data_c1.txt: 14951.555C2 id:az84lk9k
ERROR: Faulty record in data_c1.txt: 3141.47V52 id:jy4p4pm3
ERROR: Faulty record in data_c1.txt: 42842.242c8 id:v4wlcc29
ERROR: Faulty record in data_c1.txt: 27931.14x45 id:j2tchzr0
ERROR: Faulty record in data_c1.txt: 18660.665Q37 id:f5btha31
ERROR: Faulty record in data_c1.txt: 20773.52W15 id:u5qkuwy7
ERROR: Faulty record in data_c1.txt: 29969.31b76 id:xogkrn09
ERROR: Faulty record in data_c1.txt: 15027.2202b95 id:gix7hlq4
ERROR: Faulty record in data_c1.txt: 9874.5946R39 id:zavld3a3
ERROR: Faulty record in data_c1.txt: 46206.838752O27 id:edp59505
ERROR: Faulty record in data_c1.txt: 24175.07K10 id:xx8vxmqf
ERROR: Faulty record in data_c1.txt: 50525.76I67 id:t5ednxu5
ERROR: Faulty record in data_c1.txt: 19707.55s27 id:apv45s12
ERROR: Faulty record in data_c1.txt: 26652.8v79 id:dwzmwfdz
ERROR: Faulty record in data_c1.txt: 1538.190994n84 id:cdf3uf2l
ERROR: Faulty record in data_c1.txt: 31448.4673M74 id:i4gmywlk
ERROR: Faulty record in data_c1.txt: 15665.01831c33 id:5lejahmc
ERROR: Faulty record in data_c1.txt: 35619.518999u64 id:ihjj83ss
ERROR: Faulty record in data_c1.txt: 21871.2004V78 id:rg5p5ngi
ERROR: Faulty record in data_c1.txt: 41777.382s15 id:4nr2jjr4
ERROR: Faulty record in data_c1.txt: 26716.787104h77 id:yb2vloqy
ERROR: Faulty record in data_c1.txt: 53924.773363W14 id:47glezre
ERROR: Faulty record in data_c1.txt: 48670.308c27 id:1e6ankip
ERROR: Faulty record in data_c1.txt: 13113.5911j65 id:6rfrod2b
ERROR: Faulty record in data_c1.txt: 32433.81q7 id:srzd0hoj
ERROR: Faulty record in data_c1.txt: 17346.91384g89 id:lyvf7iva
ERROR: Faulty record in data_c1.txt: 32445.536z27 id:vkdf1xvo
ERROR: Faulty record in data_c1.txt: 34231.244624D58 id:q7x5lo7q
ERROR: Faulty record in data_c1.txt: 31835.29K79 id:z8zikdoc
ERROR: Faulty record in data_c1.txt: 41291.04133t33 id:tqzqfjyv
ERROR: Faulty record in data_c1.txt: 43640.46M3 id:s65j5nt7
ERROR: Faulty record in data_c1.txt: 34814.453K30 id:629wa2mo
ERROR: Faulty record in data_c1.txt: 37006.05z99 id:w5g2vyg8
ERROR: Faulty record in data_c1.txt: 8090.58V87 id:f2zu3b0n
ERROR: Faulty record in data_c1.txt: 25311.0855G4 id:mt0sqmhs
ERROR: Faulty record in data_c1.txt: 37769.67207I4 id:0htk5c7b
ERROR: Faulty record in data_c1.txt: 17216.995662P5 id:4itgmv1u
ERROR: Faulty record in data_c1.txt: 18189.738a68 id:4ldjdp8t
ERROR: Faulty record in data_c1.txt: 36728.099b66 id:4l6b92c5
ERROR: Faulty record in data_c1.txt: 6807.54V49 id:f1t26a3a
ERROR: Faulty record in data_c1.txt: 51896.77F65 id:wi4lkcfl
ERROR: Faulty record in data_c1.txt: 44277.90944H43 id:3tq4fc3i
ERROR: Faulty record in data_c1.txt: 25760.058907X69 id:mvl702k2
ERROR: Faulty record in data_c1.txt: 42787.671p27 id:0fghjn81
ERROR: Faulty record in data_c1.txt: 30220.375x5 id:7t0pin5n
ERROR: Faulty record in data_c1.txt: 26320.70877C56 id:14jtob1c
ERROR: Faulty record in data_c1.txt: 32113.549462L13 id:pyk45x8i
ERROR: Faulty record in data_c1.txt: 43659.14503C7 id:ttjow5h2
ERROR: Faulty record in data_c1.txt: 8200.819396v82 id:wlujkn24
ERROR: Faulty record in data_c1.txt: 45228.61011x43 id:exs6ix53
ERROR: Faulty record in data_c1.txt: 4661.374272K21 id:gujajbn2
ERROR: Faulty record in data_c1.txt: 21271.86H48 id:cboab2ch
ERROR: Faulty record in data_c1.txt: 11232.726W32 id:ld71p0pm
ERROR: Faulty record in data_c1.txt: 12560.31J37 id:lnskrier
ERROR: Faulty record in data_c1.txt: 40431.6521d82 id:f9xjtwh7
ERROR: Faulty record in data_c1.txt: 33701.7A89 id:wkm4v4jk
ERROR: Faulty record in data_c1.txt: 7870.29S97 id:xkqbvj70
ERROR: Faulty record in data_c1.txt: 16331.879J62 id:afrxhcn0
ERROR: Faulty record in data_c1.txt: 8444.6973f88 id:1j59txmj
ERROR: Faulty record in data_c1.txt: 30691.86942y34 id:ofi14emi
ERROR: Faulty record in data_c1.txt: 25228.37h75 id:zkl9d22e
ERROR: Faulty record in data_c1.txt: 13243.51b41 id:0ueo7kzt
ERROR: Faulty record in data_c1.txt: 23090.29C3 id:usaveb2g
ERROR: Faulty record in data_c1.txt: 26957.0911F96 id:4d8g94r5
ERROR: Faulty record in data_c1.txt: 24588.842039T7 id:o6yqo25l
ERROR: Faulty record in data_c1.txt: 22033.75I54 id:7c35wj5m
ERROR: Faulty record in data_c1.txt: 931.814449Q33 id:3h31lnhd
ERROR: Faulty record in data_c1.txt: 24425.4586s65 id:p3g5j7b1
ERROR: Faulty record in data_c1.txt: 16436.499p77 id:oomgdzze
ERROR: Faulty record in data_c1.txt: 37859.921209I77 id:uo1r90sd
ERROR: Faulty record in data_c1.txt: 20721.42817N25 id:al2mxq2s
ERROR: Faulty record in data_c1.txt: 7285.4461z21 id:kclv1sns
ERROR: Faulty record in data_c1.txt: 31144.32596H31 id:ps1jq6kd
ERROR: Faulty record in data_c1.txt: 32592.70379T56 id:4sfx0dct
ERROR: Faulty record in data_c1.txt: 29171.639a46 id:6jinwdxj
ERROR: Faulty record in data_c1.txt: 15009.7465K53 id:qj02stxa
ERROR: Faulty record in data_c1.txt: 22200.958A53 id:l44n00pb
ERROR: Faulty record in data_c1.txt: 12316.84Q32 id:3dj0a696
ERROR: Faulty record in data_c1.txt: 13856.256i11 id:fwa7fbr3
ERROR: Faulty record in data_c1.txt: 30310.26172X82 id:2p09de7r
ERROR: Faulty record in data_c1.txt: 22572.334c1 id:ekhc90vv
ERROR: Faulty record in data_c1.txt: 38179.0001q91 id:dgw183p0
ERROR: Faulty record in data_c1.txt: 25426.98N98 id:nfnc6i1t
ERROR: Faulty record in data_c1.txt: 42736.1Y27 id:0vhajutd
ERROR: Faulty record in data_c1.txt: 4614.66R21 id:oyysneka
ERROR: Faulty record in data_c1.txt: 14327.8214X31 id:hzswisll
ERROR: Faulty record in data_c1.txt: 19793.02Z72 id:kwaxxbqt
ERROR: Faulty record in data_c1.txt: 16098.04886D5 id:sd3nschs
ERROR: Faulty record in data_c1.txt: 13728.569106S46 id:qfywsbj6
ERROR: Faulty record in data_c1.txt: 26065.904354v69 id:8a9c8x36
ERROR: Faulty record in data_c1.txt: 23375.024701P20 id:7ete2vap
ERROR: Faulty record in data_c1.txt: 47089.68041C61 id:05rcrssp
ERROR: Faulty record in data_c1.txt: 37490.262815d4 id:vzr69mzj
ERROR: Faulty record in data_c1.txt: 19559.578a12 id:v3je2h5u
ERROR: Faulty record in data_c1.txt: 36527.002777F51 id:kwraajhc
ERROR: Faulty record in data_c1.txt: 20396.69P19 id:3oygfys7
ERROR: Faulty record in data_c1.txt: 6977.74t65 id:paktdbmg
ERROR: Faulty record in data_c1.txt: 17615.469714N14 id:rhphjyvg
ERROR: Faulty record in data_c1.txt: 9759.66H35 id:552l4rtd
ERROR: Faulty record in data_c1.txt: 36387.006h67 id:hw1yrg64
ERROR: Faulty record in data_c1.txt: 2584.068745g71 id:76wu9h92
ERROR: Faulty record in data_c1.txt: 18765.0564o24 id:ml3d83oz
ERROR: Faulty record in data_c1.txt: 34748.37849s50 id:z2agw20f
ERROR: Faulty record in data_c1.txt: 43752.25976Y22 id:7nfll52s
ERROR: Faulty record in data_c1.txt: 26869.366f16 id:bsl0q2io
ERROR: Faulty record in data_c1.txt: 43109.503545t54 id:qdixq1cl
ERROR: Faulty record in data_c1.txt: 18322.285098F68 id:g9mle0p1
ERROR: Faulty record in data_c1.txt: 13269.2147z83 id:ojuso4nx
ERROR: Faulty record in data_c1.txt: 1097.63919k73 id:i8gjf30z
ERROR: Faulty record in data_c1.txt: 14132.209117C16 id:upvlnite
ERROR: Faulty record in data_c1.txt: 43687.233y82 id:s4kmofje
ERROR: Faulty record in data_c1.txt: 28820.4452o27 id:slxmsg1y
ERROR: Faulty record in data_c1.txt: 20051.0271W55 id:ii9arf4k
ERROR: Faulty record in data_c1.txt: 3717.393r15 id:w69pd6w5
ERROR: Faulty record in data_c1.txt: 54239.68n12 id:g8wgeyrh
ERROR: Faulty record in data_c1.txt: 8520.8747b39 id:oqha43da
ERROR: Faulty record in data_c1.txt: 8141.7173X65 id:q345sijn
ERROR: Faulty record in data_c1.txt: 11514.90945I55 id:bjtatuz8
ERROR: Faulty record in data_c1.txt: 17101.548f9 id:41p736ft
ERROR: Faulty record in data_c1.txt: 19887.92085j86 id:v0qqntb1
ERROR: Faulty record in data_c1.txt: 23731.31865R86 id:z8wapppz
ERROR: Faulty record in data_c1.txt: 15679.68i79 id:x40yy3jf
ERROR: Faulty record in data_c1.txt: 9161.02l6 id:w2tfbpjb
ERROR: Faulty record in data_c1.txt: 9715.2718j27 id:vo2p14a8
ERROR: Faulty record in data_c1.txt: 5114.2591k55 id:e82e1mto
ERROR: Faulty record in data_c1.txt: 27181.21H83 id:otsszal6
ERROR: Faulty record in data_c1.txt: 3653.471c86 id:yfe6l211
ERROR: Faulty record in data_c1.txt: 4123.171199R93 id:fztuncv6
ERROR: Faulty record in data_c1.txt: 42758.697733q52 id:c83n9q8l
ERROR: Faulty record in data_c1.txt: 8472.564t32 id:aqgbaifs
ERROR: Faulty record in data_c1.txt: 8951.74g21 id:5toakdwn
ERROR: Faulty record in data_c1.txt: 32377.518h76 id:mc5dswiv
ERROR: Faulty record in data_c1.txt: 26348.565724K76 id:qcdvaqjh
ERROR: Faulty record in data_c1.txt: 31375.99951Q96 id:w42hyzf1
ERROR: Faulty record in data_c1.txt: 30527.42638S13 id:plvzym7b
ERROR: Faulty record in data_c1.txt: 10079.12709r64 id:a1bibcj3
ERROR: Faulty record in data_c1.txt: 24880.1349u93 id:2827rnso
ERROR: Faulty record in data_c1.txt: 21073.39f56 id:w4bq20iq
ERROR: Faulty record in data_c1.txt: 24373.037142t31 id:c8wo81jp
ERROR: Faulty record in data_c1.txt: 48260.37Q71 id:dnhssco7
ERROR: Faulty record in data_c1.txt: 12032.146d4 id:6ofjxfvl
ERROR: Faulty record in data_c1.txt: 27850.3641o46 id:m9b3wurx
ERROR: Faulty record in data_c1.txt: 48408.15V27 id:gnht5f6o
ERROR: Faulty record in data_c1.txt: 22600.0299B53 id:4byntj6z
ERROR: Faulty record in data_c1.txt: 6028.15v62 id:owgb4sr3
ERROR: Faulty record in data_c1.txt: 6810.48D27 id:srmla70d
ERROR: Faulty record in data_c1.txt: 35859.587C54 id:3keeiqvr
ERROR: Faulty record in data_c1.txt: 19256.53948m6 id:hympslxs
ERROR: Faulty record in data_c1.txt: 8275.205k90 id:gczt2pbs
ERROR: Faulty record in data_c1.txt: 33610.569034y27 id:amlce666
ERROR: Faulty record in data_c1.txt: 18204.788769z46 id:t1ad9q94
ERROR: Faulty record in data_c1.txt: 27109.44G54 id:6bg3ep45
ERROR: Faulty record in data_c1.txt: 11236.56327d28 id:jjrqu3s0
ERROR: Faulty record in data_c1.txt: 25488.2481O45 id:43jpp7ns
ERROR: Faulty record in data_c1.txt: 39204.2849l12 id:0gfsb77t
ERROR: Faulty record in data_c1.txt: 9412.964277T89 id:wlqebnje
ERROR: Faulty record in data_c1.txt: 31635.383919n93 id:dxchaljj
ERROR: Faulty record in data_c1.txt: 21836.939B83 id:d6if64ep
ERROR: Faulty record in data_c1.txt: 31890.019C28 id:v21rle1n
ERROR: Faulty record in data_c1.txt: 5877.69Z86 id:m3qdbgzb
ERROR: Faulty record in data_c1.txt: 15219.068W8 id:v7guk5r9
ERROR: Faulty record in data_c1.txt: 33886.727336I37 id:1em8c86t
ERROR: Faulty record in data_c1.txt: 23802.85P66 id:lia1h3um
ERROR: Faulty record in data_c1.txt: 11805.7601b35 id:6i9lpl98
ERROR: Faulty record in data_c1.txt: 25882.186K9 id:ux36e0rs
ERROR: Faulty record in data_c1.txt: 11798.40011G90 id:p4ul5y4e
ERROR: Faulty record in data_c1.txt: 31704.9216b48 id:p4et0ka8
ERROR: Faulty record in data_c1.txt: 14403.1617M89 id:d5bkec55
ERROR: Faulty record in data_c1.txt: 6539.15906p92 id:e3euwnb4
ERROR: Faulty record in data_c1.txt: 3066.54J16 id:xv0iqpp4
ERROR: Faulty record in data_c1.txt: 33766.15v12 id:8hd1lrw6
ERROR: Faulty record in data_c1.txt: 13805.787179y15 id:tjljh12l
ERROR: Faulty record in data_c1.txt: 34164.15605b72 id:8zbxtvbi
ERROR: Faulty record in data_c1.txt: 14781.3356w82 id:b11094oi
ERROR: Faulty record in data_c1.txt: 15944.78l7 id:1x58lx23
ERROR: Faulty record in data_c1.txt: 19354.8103W20 id:41qgciyh
ERROR: Faulty record in data_c1.txt: 16999.29164a9 id:xtl3tru3
ERROR: Faulty record in data_c1.txt: 23823.77r13 id:zp4fjn41
ERROR: Faulty record in data_c1.txt: 27370.5401k0 id:b7y560si
ERROR: Faulty record in data_c1.txt: 14034.538022v42 id:7063gbo1
ERROR: Faulty record in data_c1.txt: 5508.2862K62 id:nmyhwtar
ERROR: Faulty record in data_c1.txt: 45252.426n64 id:7fipvg5g
ERROR: Faulty record in data_c1.txt: 7078.51B26 id:i78p853o
ERROR: Faulty record in data_c1.txt: 14616.26145p84 id:syyb102x
ERROR: Faulty record in data_c1.txt: 40004.319Z74 id:tm2wz2y9
ERROR: Faulty record in data_c1.txt: 41457.5225n66 id:m4w80kro
ERROR: Faulty record in data_c1.txt: 21810.45019z14 id:l2vgdbeo
ERROR: Faulty record in data_c1.txt: 13083.3291O17 id:3kt2jnby
ERROR: Faulty record in data_c1.txt: 48613.8255H17 id:goikvxds
ERROR: Faulty record in data_c1.txt: 1777.4541K56 id:r75wjcdp
ERROR: Faulty record in data_c1.txt: 26782.7784L77 id:3umz26bh
ERROR: Faulty record in data_c1.txt: 15841.06o19 id:36o004xu
ERROR: Faulty record in data_c1.txt: 21443.85702G2 id:0zs9od1g
ERROR: Faulty record in data_c1.txt: 15689.636427v89 id:skyrfdqi
ERROR: Faulty record in data_c1.txt: 26496.55z25 id:ledv56ey
ERROR: Faulty record in data_c1.txt: 6525.570531D78 id:r47cbca1
ERROR: Faulty record in data_c1.txt: 25325.3129a90 id:dwsk490f
ERROR: Faulty record in data_c1.txt: 7676.6Z81 id:ozpznvn5
ERROR: Faulty record in data_c1.txt: 33257.203513z46 id:l83wounu
ERROR: Faulty record in data_c1.txt: 14152.064522i85 id:re5ptooo
ERROR: Faulty record in data_c1.txt: 40563.69y14 id:5uz25h8d
ERROR: Faulty record in data_c1.txt: 20979.60503F0 id:4pu06w19
ERROR: Faulty record in data_c1.txt: 23473.77s77 id:pastsmof
ERROR: Faulty record in data_c1.txt: 28657.05K13 id:3j5xsma8
ERROR: Faulty record in data_c1.txt: 26501.3534Q0 id:upcqu5lq
ERROR: Faulty record in data_c1.txt: 38919.18P92 id:8bftmwh9
ERROR: Faulty record in data_c1.txt: 2688.734431n29 id:d6jly8mq
ERROR: Faulty record in data_c1.txt: 36861.721641I82 id:tn73j71t
ERROR: Faulty record in data_c1.txt: 5103.67g17 id:4erfhidi
ERROR: Faulty record in data_c1.txt: 11038.328596G7 id:ujw6zv64
ERROR: Faulty record in data_c1.txt: 25193.7643f80 id:43hzfnoj
ERROR: Faulty record in data_c1.txt: 8782.564671S41 id:1rpg8ag1
ERROR: Faulty record in data_c1.txt: 7253.877L91 id:pfacsufm
ERROR: Faulty record in data_c1.txt: 31431.726n33 id:i24zcjhb
ERROR: Faulty record in data_c1.txt: 28178.590692y46 id:02fd0mc4
CENTRAL_ELEM: Central element for sensor [<N/A>]: 20978,970 [qxims4ht]
CENTRAL_ELEM: Central element for sensor [<N/A>]: 20982,726 [uhi8zjte]
CENTRAL_ELEM: Central element for sensor [<N/A>]: 20986,450 [bn67btbn]
CENTRAL_ELEM: Central element for sensor [<N/A>]: 20987,030 [ajfhzpta]
CENTRAL_ELEM: Central element for sensor [<N/A>]: 20993,600 [senoix56]
CENTRAL_ELEM: Central element for sensor [<N/A>]: 20994,494 [0s0wih3o]
CENTRAL_ELEM: Central element for sensor [<N/A>]: 20996,949 [iu37nszk]
CENTRAL_ELEM: Central element for sensor [<N/A>]: 20997,610 [im6q5jzc]
CENTRAL_ELEM: Central element for sensor [<N/A>]: 21004,641 [nw4b168x]
CENTRAL_ELEM: Central element for sensor [<N/A>]: 21005,162 [x8ekb8j1]
CENTRAL_ELEM: Central element for sensor [<N/A>]: 21005,706 [pfsq8p32]
CENTRAL_ELEM: Central element for sensor [<N/A>]: 21005,887 [lcku5muu]
CENTRAL_ELEM: Central element for sensor [<N/A>]: 21007,695 [ky6a3ty4]
CENTRAL_ELEM: Central element for sensor [<N/A>]: 21008,258 [yp4oxrjs]
CENTRAL_ELEM: Central element for sensor [<N/A>]: 21009,420 [26z0vqds]
CENTRAL_ELEM: Central element for sensor [<N/A>]: 21013,045 [fsd88q56]
CENTRAL_ELEM: Central element for sensor [<N/A>]: 21014,501 [81agbe1t]
CENTRAL_ELEM: Central element for sensor [<N/A>]: 21016,455 [5dk9mopw]
CENTRAL_ELEM: Central element for sensor [<N/A>]: 21016,755 [3n2k5e5e]
CENTRAL_ELEM: Central element for sensor [<N/A>]: 21017,585 [hts2ktn8]
CENTRAL_ELEM: Central element for sensor [<N/A>]: 21017,649 [k6vea8nu]
CENTRAL_ELEM: Central element for sensor [<N/A>]: 21019,305 [a3irssez]
CENTRAL_ELEM: Central element for sensor [<N/A>]: 21019,530 [uue742wi]
CENTRAL_ELEM: Central element for sensor [<N/A>]: 21020,920 [yb1guugw]
CENTRAL_ELEM: Central element for sensor [<N/A>]: 21021,979 [jgeen3lv]
CENTRAL_ELEM: Central element for sensor [<N/A>]: 21024,044 [u12fuuij]
CENTRAL_ELEM: Central element for sensor [<N/A>]: 21025,008 [ktj2ffci]
CENTRAL_ELEM: Central element for sensor [<N/A>]: 21025,296 [cc0mwmal]
CENTRAL_ELEM: Central element for sensor [<N/A>]: 21026,609 [i1ruekzq]
CENTRAL_ELEM: Central element for sensor [<N/A>]: 21026,756 [7wowhkmi]
CENTRAL_ELEM: Central element for sensor [<N/A>]: 21027,540 [5lde3nyf]
CENTRAL_ELEM: Central element for sensor [<N/A>]: 21027,658 [8k0qfrw0]
CENTRAL_ELEM: Central element for sensor [<N/A>]: 21028,883 [xbp01nrq]
CENTRAL_ELEM: Central element for sensor [<N/A>]: 21031,800 [ulpcbg0c]
CENTRAL_ELEM: Central element for sensor [<N/A>]: 21032,552 [x12ex0id]
CENTRAL_ELEM: Central element for sensor [<N/A>]: 21032,885 [cpkuh4jm]
CENTRAL_ELEM: Central element for sensor [<N/A>]: 21033,537 [q2cn1wl9]
CENTRAL_ELEM: Central element for sensor [<N/A>]: 21035,331 [awme5iui]
CENTRAL_ELEM: Central element for sensor [<N/A>]: 21036,340 [ya0ycavm]
CENTRAL_ELEM: Central element for sensor [<N/A>]: 21037,207 [kqxemxsn]
CENTRAL_ELEM: Central element for sensor [<N/A>]: 21038,961 [v9retogi]
CENTRAL_ELEM: Central element for sensor [<N/A>]: 21040,314 [4mpsassu]
CENTRAL_ELEM: Central element for sensor [<N/A>]: 21042,751 [8hsw26h0]
CENTRAL_ELEM: Central element for sensor [<N/A>]: 21053,595 [1hyguthz]
CENTRAL_ELEM: Central element for sensor [<N/A>]: 21055,380 [6oclclv9]
CENTRAL_ELEM: Central element for sensor [<N/A>]: 21056,370 [iinbqnaj]
CENTRAL_ELEM: Central element for sensor [<N/A>]: 21056,780 [w5rz6eqa]
CENTRAL_ELEM: Central element for sensor [<N/A>]: 21064,336 [3ois4a14]
CENTRAL_ELEM: Central element for sensor [<N/A>]: 21065,510 [azbpexcp]
CENTRAL_ELEM: Central element for sensor [<N/A>]: 21068,908 [fer8a06a]
CENTRAL_ELEM: Central element for sensor [<N/A>]: 21070,798 [2qj4oa95]
CENTRAL_ELEM: Central element for sensor [<N/A>]: 21076,324 [apk5d219]
CENTRAL_ELEM: Central element for sensor [<N/A>]: 21077,080 [1zkua4ld]
CENTRAL_ELEM: Central element for sensor [<N/A>]: 21077,326 [4trttor6]
CENTRAL_ELEM: Central element for sensor [<N/A>]: 21078,619 [eym7a9iz]
CENTRAL_ELEM: Central element for sensor [<N/A>]: 21079,761 [bqsfrlt0]
CENTRAL_ELEM: Central element for sensor [<N/A>]: 21083,722 [qkk19q7o]
CENTRAL_ELEM: Central element for sensor [<N/A>]: 21084,293 [d4tpu41e]
CENTRAL_ELEM: Central element for sensor [<N/A>]: 21085,658 [nmbqi661]
CENTRAL_ELEM: Central element for sensor [<N/A>]: 21087,410 [g4zkgoet]
CENTRAL_ELEM: Central element for sensor [<N/A>]: 21091,360 [busv5udx]
CENTRAL_ELEM: Central element for sensor [<N/A>]: 21091,600 [hs1yrwh4]
CENTRAL_ELEM: Central element for sensor [<N/A>]: 21094,033 [0eipzdce]
CENTRAL_ELEM: Central element for sensor [<N/A>]: 21098,266 [iq8a4c0r]
CENTRAL_ELEM: Central element for sensor [<N/A>]: 21098,765 [stfn83eh]
CENTRAL_ELEM: Central element for sensor [<N/A>]: 21101,386 [dz6d7f73]
CENTRAL_ELEM: Central element for sensor [<N/A>]: 21103,623 [cikkcp53]
CENTRAL_ELEM: Central element for sensor [<N/A>]: 21105,140 [4wak9o2i]
CENTRAL_ELEM: Central element for sensor [<N/A>]: 21108,020 [lx0yyq8b]
CENTRAL_ELEM: Central element for sensor [<N/A>]: 21114,464 [efgtc592]
CENTRAL_ELEM: Central element for sensor [<N/A>]: 21117,590 [cdzcj7vl]
CENTRAL_ELEM: Central element for sensor [<N/A>]: 21121,610 [77b7fcc1]
CENTRAL_ELEM: Central element for sensor [<N/A>]: 21126,202 [6ihbyjgg]
CENTRAL_ELEM: Central element for sensor [<N/A>]: 21130,463 [q0yulnjs]
CENTRAL_ELEM: Central element for sensor [<N/A>]: 21133,348 [sw24xgis]
CENTRAL_ELEM: Central element for sensor [<N/A>]: 21133,358 [5xqkjcjg]
CENTRAL_ELEM: Central element for sensor [<N/A>]: 21135,893 [7aaeizhu]
CENTRAL_ELEM: Central element for sensor [<N/A>]: 21137,240 [fnniebll]
CENTRAL_ELEM: Central element for sensor [<N/A>]: 21146,502 [8n4s98ja]
CENTRAL_ELEM: Central element for sensor [<N/A>]: 21147,425 [mjicekg8]
CENTRAL_ELEM: Central element for sensor [<N/A>]: 21148,522 [7jincwbp]
CENTRAL_ELEM: Central element for sensor [<N/A>]: 21149,278 [e6r25m0t]
CENTRAL_ELEM: Central element for sensor [<N/A>]: 21151,240 [jzxqau47]
CENTRAL_ELEM: Central element for sensor [<N/A>]: 21152,109 [bki73xez]
CENTRAL_ELEM: Central element for sensor [<N/A>]: 21156,074 [pwcxguhz]
CENTRAL_ELEM: Central element for sensor [<N/A>]: 21156,173 [v9ur673f]
CENTRAL_ELEM: Central element for sensor [<N/A>]: 21161,590 [8w2lbngm]
CENTRAL_ELEM: Central element for sensor [<N/A>]: 21163,920 [q1mb8jy9]
CENTRAL_ELEM: Central element for sensor [<N/A>]: 21165,374 [cjbhwl6u]
CENTRAL_ELEM: Central element for sensor [<N/A>]: 21171,913 [u6b7vhz1]
CENTRAL_ELEM: Central element for sensor [<N/A>]: 21175,978 [k789xi9i]
CENTRAL_ELEM: Central element for sensor [<N/A>]: 21176,161 [pgujupoe]
CENTRAL_ELEM: Central element for sensor [<N/A>]: 21177,008 [j5obrmji]
CENTRAL_ELEM: Central element for sensor [<N/A>]: 21178,260 [4fnu1kc6]
CENTRAL_ELEM: Central element for sensor [<N/A>]: 21178,780 [s3e70x0o]
CENTRAL_ELEM: Central element for sensor [<N/A>]: 21179,398 [l0et6k09]
CENTRAL_ELEM: Central element for sensor [<N/A>]: 21179,730 [coc9tcud]
CENTRAL_ELEM: Central element for sensor [<N/A>]: 21180,680 [egdszrf5]
CENTRAL_ELEM: Central element for sensor [<N/A>]: 21183,699 [e6w49860]
CENTRAL_ELEM: Central element for sensor [<N/A>]: 21184,545 [h90xvoc6]
CENTRAL_ELEM: Central element for sensor [<N/A>]: 21186,175 [96waxkhs]
CENTRAL_ELEM: Central element for sensor [<N/A>]: 21186,420 [d472988c]
CENTRAL_ELEM: Central element for sensor [<N/A>]: 21187,495 [np2mbiw1]
CENTRAL_ELEM: Central element for sensor [<N/A>]: 21188,516 [dyvfqbz2]
CENTRAL_ELEM: Central element for sensor [<N/A>]: 21189,552 [m6a6sbbw]
CENTRAL_ELEM: Central element for sensor [<N/A>]: 21190,968 [5wjdgmj3]
CENTRAL_ELEM: Central element for sensor [<N/A>]: 21191,285 [3rivfg18]
CENTRAL_ELEM: Central element for sensor [<N/A>]: 21192,091 [u4eu51ze]
CENTRAL_ELEM: Central element for sensor [<N/A>]: 21192,158 [cpol7u99]
CENTRAL_ELEM: Central element for sensor [<N/A>]: 21193,564 [bvr0hnp0]
CENTRAL_ELEM: Central element for sensor [<N/A>]: 21194,948 [qrqydykw]
CENTRAL_ELEM: Central element for sensor [<N/A>]: 21195,259 [0qdm8dwt]
CENTRAL_ELEM: Central element for sensor [<N/A>]: 21196,360 [6aofgfxh]
CENTRAL_ELEM: Central element for sensor [<N/A>]: 21196,673 [ft3un32d]
CENTRAL_ELEM: Central element for sensor [<N/A>]: 21197,860 [mua6a225]
CENTRAL_ELEM: Central element for sensor [<N/A>]: 21198,337 [3tmkghuz]
CENTRAL_ELEM: Central element for sensor [<N/A>]: 21203,989 [qdxyb55x]
CENTRAL_ELEM: Central element for sensor [<N/A>]: 21206,150 [2zrs98wi]
CENTRAL_ELEM: Central element for sensor [<N/A>]: 21208,108 [c1wr9v8b]
CENTRAL_ELEM: Central element for sensor [<N/A>]: 21208,350 [s2l961qq]
CENTRAL_ELEM: Central element for sensor [<N/A>]: 21212,560 [ni5ma8ky]
CENTRAL_ELEM: Central element for sensor [<N/A>]: 21215,634 [2t6q96ad]
CENTRAL_ELEM: Central element for sensor [<N/A>]: 21219,062 [nk8j4bi5]
CENTRAL_ELEM: Central element for sensor [<N/A>]: 21222,590 [5x5zoj0j]
CENTRAL_ELEM: Central element for sensor [<N/A>]: 21224,011 [d4buyx1n]
CENTRAL_ELEM: Central element for sensor [<N/A>]: 21224,373 [iujv5ghd]
CENTRAL_ELEM: Central element for sensor [<N/A>]: 21224,485 [xwfzidg4]
CENTRAL_ELEM: Central element for sensor [<N/A>]: 21226,190 [44tsbw5t]
CENTRAL_ELEM: Central element for sensor [<N/A>]: 21227,291 [0pc43tdl]
CENTRAL_ELEM: Central element for sensor [<N/A>]: 21228,379 [o6pt6tov]
CENTRAL_ELEM: Central element for sensor [<N/A>]: 21228,560 [88weokjg]
CENTRAL_ELEM: Central element for sensor [<N/A>]: 21228,888 [fat22ddb]
CENTRAL_ELEM: Central element for sensor [<N/A>]: 21230,152 [9v33rzby]
CENTRAL_ELEM: Central element for sensor [<N/A>]: 21231,228 [kfl04fpt]
CENTRAL_ELEM: Central element for sensor [<N/A>]: 21232,206 [w0ou7oyu]
CENTRAL_ELEM: Central element for sensor [<N/A>]: 21232,225 [x6yomxqn]
CENTRAL_ELEM: Central element for sensor [<N/A>]: 21233,250 [2rnga0ke]
CENTRAL_ELEM: Central element for sensor [<N/A>]: 21237,695 [iy6y2heo]
CENTRAL_ELEM: Central element for sensor [<N/A>]: 21241,240 [hcvxo0b9]
CENTRAL_ELEM: Central element for sensor [<N/A>]: 21241,584 [axt4y4xt]
CENTRAL_ELEM: Central element for sensor [<N/A>]: 21243,640 [htqlobag]
CENTRAL_ELEM: Central element for sensor [<N/A>]: 21246,406 [ekl8c8h0]
CENTRAL_ELEM: Central element for sensor [<N/A>]: 21248,281 [rwrll1sq]
CENTRAL_ELEM: Central element for sensor [<N/A>]: 21248,910 [74o0k9ey]
CENTRAL_ELEM: Central element for sensor [<N/A>]: 21250,165 [ceoxa168]
CENTRAL_ELEM: Central element for sensor [<N/A>]: 21250,575 [hfqj1yjj]
CENTRAL_ELEM: Central element for sensor [<N/A>]: 21250,784 [8ulpu0ea]
CENTRAL_ELEM: Central element for sensor [<N/A>]: 21253,732 [zwawh3bn]
CENTRAL_ELEM: Central element for sensor [<N/A>]: 21254,715 [x2x2bwhw]
CENTRAL_ELEM: Central element for sensor [<N/A>]: 21255,668 [j1s1dmnk]
CENTRAL_ELEM: Central element for sensor [<N/A>]: 21257,740 [paumeq92]
CENTRAL_ELEM: Central element for sensor [<N/A>]: 21258,174 [2cqdpyzp]
CENTRAL_ELEM: Central element for sensor [<N/A>]: 21259,978 [a26pm6su]
CENTRAL_ELEM: Central element for sensor [<N/A>]: 21261,237 [bfn9zsqh]
CENTRAL_ELEM: Central element for sensor [<N/A>]: 21262,683 [cspvi3p5]
CENTRAL_ELEM: Central element for sensor [<N/A>]: 21266,442 [o0s430v4]
CENTRAL_ELEM: Central element for sensor [<N/A>]: 21266,809 [jy9sd0og]
CENTRAL_ELEM: Central element for sensor [<N/A>]: 21267,332 [080qin06]
CENTRAL_ELEM: Central element for sensor [<N/A>]: 21269,644 [5yl30a2r]
CENTRAL_ELEM: Central element for sensor [<N/A>]: 21274,452 [k5kuo0lu]
CENTRAL_ELEM: Central element for sensor [<N/A>]: 21274,815 [4araax2a]
CENTRAL_ELEM: Central element for sensor [<N/A>]: 21275,897 [bfiowo0h]
CENTRAL_ELEM: Central element for sensor [<N/A>]: 21276,779 [yxscxscq]
CENTRAL_ELEM: Central element for sensor [<N/A>]: 21276,930 [f2n8it2i]
CENTRAL_ELEM: Central element for sensor [<N/A>]: 21277,620 [m6r5nfhi]
CENTRAL_ELEM: Central element for sensor [<N/A>]: 21277,800 [agst48a1]
CENTRAL_ELEM: Central element for sensor [<N/A>]: 21281,704 [olslzids]
CENTRAL_ELEM: Central element for sensor [<N/A>]: 21282,520 [dopj1szb]
CENTRAL_ELEM: Central element for sensor [<N/A>]: 21284,909 [mswzn3h6]
CENTRAL_ELEM: Central element for sensor [<N/A>]: 21286,624 [am3etl7r]
CENTRAL_ELEM: Central element for sensor [<N/A>]: 21287,521 [qz51bl0p]
CENTRAL_ELEM: Central element for sensor [<N/A>]: 21290,226 [5mz1r57s]
CENTRAL_ELEM: Central element for sensor [<N/A>]: 21293,976 [0t2y8npf]
CENTRAL_ELEM: Central element for sensor [<N/A>]: 21296,627 [ua8rwh6o]
CENTRAL_ELEM: Central element for sensor [<N/A>]: 21297,539 [t31hql9z]
CENTRAL_ELEM: Central element for sensor [<N/A>]: 21298,489 [ro48etpn]
CENTRAL_ELEM: Central element for sensor [<N/A>]: 21299,470 [ec9ab5l1]
CENTRAL_ELEM: Central element for sensor [<N/A>]: 21300,963 [j3q1z8iq]
CENTRAL_ELEM: Central element for sensor [<N/A>]: 21301,080 [uisaz54a]
CENTRAL_ELEM: Central element for sensor [<N/A>]: 21302,520 [nzwzbuhi]
CENTRAL_ELEM: Central element for sensor [<N/A>]: 21303,657 [5rrmsxnn]
CENTRAL_ELEM: Central element for sensor [<N/A>]: 21303,935 [nbc0yym3]
CENTRAL_ELEM: Central element for sensor [<N/A>]: 21305,898 [tx186px0]
CENTRAL_ELEM: Central element for sensor [<N/A>]: 21310,330 [apr0u05c]
CENTRAL_ELEM: Central element for sensor [<N/A>]: 21313,495 [nve7fh0x]
CENTRAL_ELEM: Central element for sensor [<N/A>]: 21316,110 [vkuw1iwt]
CENTRAL_ELEM: Central element for sensor [<N/A>]: 21316,455 [xg55py9b]
CENTRAL_ELEM: Central element for sensor [<N/A>]: 21317,079 [1pi2vwxo]
CENTRAL_ELEM: Central element for sensor [<N/A>]: 21318,855 [dksqejmk]
CENTRAL_ELEM: Central element for sensor [<N/A>]: 21319,479 [7tk50k4x]
CENTRAL_ELEM: Central element for sensor [<N/A>]: 21322,148 [u2hmasir]
CENTRAL_ELEM: Central element for sensor [<N/A>]: 21322,709 [apiojuxr]
CENTRAL_ELEM: Central element for sensor [<N/A>]: 21325,060 [ekxcgx7p]
CENTRAL_ELEM: Central element for sensor [<N/A>]: 21325,768 [7ph68vz5]
CENTRAL_ELEM: Central element for sensor [<N/A>]: 21326,890 [mlzighil]
CENTRAL_ELEM: Central element for sensor [<N/A>]: 21330,386 [vnz88tre]
CENTRAL_ELEM: Central element for sensor [<N/A>]: 21333,027 [tjtz2w5k]
CENTRAL_ELEM: Central element for sensor [<N/A>]: 21337,554 [w7gtdz0z]
CENTRAL_ELEM: Central element for sensor [<N/A>]: 21341,090 [dwfm8n2u]
CENTRAL_ELEM: Central element for sensor [<N/A>]: 21343,476 [b72v4ur5]
CENTRAL_ELEM: Central element for sensor [<N/A>]: 21344,736 [5aaq2z4d]
CENTRAL_ELEM: Central element for sensor [<N/A>]: 21347,156 [ssn8m2jz]
CENTRAL_ELEM: Central element for sensor [<N/A>]: 21347,486 [pc2l9pdj]
CENTRAL_ELEM: Central element for sensor [<N/A>]: 21347,643 [5spswxbp]
CENTRAL_ELEM: Central element for sensor [<N/A>]: 21351,769 [wg22rk95]
CENTRAL_ELEM: Central element for sensor [<N/A>]: 21355,426 [gvlirkp3]
CENTRAL_ELEM: Central element for sensor [<N/A>]: 21356,136 [zndgvpgl]
CENTRAL_ELEM: Central element for sensor [<N/A>]: 21357,387 [ecail7vh]
CENTRAL_ELEM: Central element for sensor [<N/A>]: 21362,415 [31k2dpuk]
CENTRAL_ELEM: Central element for sensor [<N/A>]: 21363,067 [ysfmc2gd]
CENTRAL_ELEM: Central element for sensor [<N/A>]: 21363,644 [ewfg5nn0]
CENTRAL_ELEM: Central element for sensor [<N/A>]: 21367,106 [jbd91q7m]
CENTRAL_ELEM: Central element for sensor [<N/A>]: 21367,637 [rg6qtk4j]
CENTRAL_ELEM: Central element for sensor [<N/A>]: 21367,707 [qrivv7jo]
CENTRAL_ELEM: Central element for sensor [<N/A>]: 21368,060 [t8xdj7a9]
CENTRAL_ELEM: Central element for sensor [<N/A>]: 21370,972 [cc9p0glc]
CENTRAL_ELEM: Central element for sensor [<N/A>]: 21371,025 [svf2cpot]
CENTRAL_ELEM: Central element for sensor [<N/A>]: 21372,024 [2l5qixep]
CENTRAL_ELEM: Central element for sensor [<N/A>]: 21372,065 [hxxpabog]
CENTRAL_ELEM: Central element for sensor [<N/A>]: 21374,047 [lifwpb34]
CENTRAL_ELEM: Central element for sensor [<N/A>]: 21376,417 [56ln7cwm]
CENTRAL_ELEM: Central element for sensor [<N/A>]: 21377,568 [wfra03gi]
CENTRAL_ELEM: Central element for sensor [<N/A>]: 21377,612 [3pan7ltn]
CENTRAL_ELEM: Central element for sensor [<N/A>]: 21377,670 [94ic4fcq]
CENTRAL_ELEM: Central element for sensor [<N/A>]: 21378,900 [v8fnc2ks]
CENTRAL_ELEM: Central element for sensor [<N/A>]: 21379,047 [ugccvjyx]
CENTRAL_ELEM: Central element for sensor [<N/A>]: 21380,110 [2klgrwny]
CENTRAL_ELEM: Central element for sensor [<N/A>]: 21381,279 [mecnpok1]
CENTRAL_ELEM: Central element for sensor [<N/A>]: 21382,030 [u4to3wyp]
CENTRAL_ELEM: Central element for sensor [<N/A>]: 21382,714 [6snl9s8g]
CENTRAL_ELEM: Central element for sensor [<N/A>]: 21383,710 [xpakk9t4]
CENTRAL_ELEM: Central element for sensor [<N/A>]: 21385,172 [rjkqdwqa]
CENTRAL_ELEM: Central element for sensor [<N/A>]: 21385,735 [9q1yev5k]
CENTRAL_ELEM: Central element for sensor [<N/A>]: 21386,687 [chk98gip]
CENTRAL_ELEM: Central element for sensor [<N/A>]: 21387,740 [a6dtlur0]
CENTRAL_ELEM: Central element for sensor [<N/A>]: 21388,096 [7zewwkmd]
CENTRAL_ELEM: Central element for sensor [<N/A>]: 21388,660 [u9qe5acl]
CENTRAL_ELEM: Central element for sensor [<N/A>]: 21388,901 [x210accy]
CENTRAL_ELEM: Central element for sensor [<N/A>]: 21390,041 [yqw81vy4]
CENTRAL_ELEM: Central element for sensor [<N/A>]: 21390,327 [9l3uxilx]
CENTRAL_ELEM: Central element for sensor [<N/A>]: 21390,637 [35xkmjl8]
CENTRAL_ELEM: Central element for sensor [<N/A>]: 21390,669 [99lefccw]
CENTRAL_ELEM: Central element for sensor [<N/A>]: 21393,445 [v0gpm7pw]
CENTRAL_ELEM: Central element for sensor [<N/A>]: 21393,750 [yrckm34n]
CENTRAL_ELEM: Central element for sensor [<N/A>]: 21394,096 [44c51r1o]
CENTRAL_ELEM: Central element for sensor [<N/A>]: 21394,990 [10q3pcyu]
CENTRAL_ELEM: Central element for sensor [<N/A>]: 21395,288 [5iwojvpg]
CENTRAL_ELEM: Central element for sensor [<N/A>]: 21396,930 [oi3uq44w]
CENTRAL_ELEM: Central element for sensor [<N/A>]: 21398,162 [uc5ny00m]
CENTRAL_ELEM: Central element for sensor [<N/A>]: 21398,292 [5bvonuvd]
CENTRAL_ELEM: Central element for sensor [<N/A>]: 21400,255 [gykmrga3]
CENTRAL_ELEM: Central element for sensor [<N/A>]: 21400,467 [vn6qmlhi]
CENTRAL_ELEM: Central element for sensor [<N/A>]: 21405,280 [ldwsmft3]
CENTRAL_ELEM: Central element for sensor [<N/A>]: 21405,400 [xtfx0wcq]
CENTRAL_ELEM: Central element for sensor [<N/A>]: 21406,820 [2y3qr2tj]
CENTRAL_ELEM: Central element for sensor [<N/A>]: 21409,236 [diuk4vuj]
CENTRAL_ELEM: Central element for sensor [<N/A>]: 21409,345 [7mw9okjg]
CENTRAL_ELEM: Central element for sensor [<N/A>]: 21411,156 [dez3gd12]
CENTRAL_ELEM: Central element for sensor [<N/A>]: 21415,795 [k2atpqng]
CENTRAL_ELEM: Central element for sensor [<N/A>]: 21415,932 [ozclx3x7]
CENTRAL_ELEM: Central element for sensor [<N/A>]: 21416,550 [yc9lalwt]
CENTRAL_ELEM: Central element for sensor [<N/A>]: 21417,901 [ofgtbqjd]
CENTRAL_ELEM: Central element for sensor [<N/A>]: 21428,690 [uerntbjz]
CENTRAL_ELEM: Central element for sensor [<N/A>]: 21429,487 [kzexgro4]
CENTRAL_ELEM: Central element for sensor [<N/A>]: 21429,582 [w51xtlv7]
CENTRAL_ELEM: Central element for sensor [<N/A>]: 21430,952 [z5935cau]
CENTRAL_ELEM: Central element for sensor [<N/A>]: 21432,857 [ovqncs4x]
CENTRAL_ELEM: Central element for sensor [<N/A>]: 21433,334 [y3bgtjbp]
CENTRAL_ELEM: Central element for sensor [<N/A>]: 21433,355 [pqeukv5r]
CENTRAL_ELEM: Central element for sensor [<N/A>]: 21437,071 [h6fh74by]
CENTRAL_ELEM: Central element for sensor [<N/A>]: 21439,381 [u0mz7308]
CENTRAL_ELEM: Central element for sensor [<N/A>]: 21439,535 [evn7ftc4]
CENTRAL_ELEM: Central element for sensor [<N/A>]: 21442,490 [azcg801o]
CENTRAL_ELEM: Central element for sensor [<N/A>]: 21442,800 [augearh1]
CENTRAL_ELEM: Central element for sensor [<N/A>]: 21442,931 [1je3a8mf]
CENTRAL_ELEM: Central element for sensor [<N/A>]: 21443,463 [18sj88oh]
CENTRAL_ELEM: Central element for sensor [<N/A>]: 21443,936 [ekqwyxbt]
CENTRAL_ELEM: Central element for sensor [<N/A>]: 21446,003 [z5lzv9ql]
CENTRAL_ELEM: Central element for sensor [<N/A>]: 21446,528 [83l0bwiu]
CENTRAL_ELEM: Central element for sensor [<N/A>]: 21446,535 [i6s149de]
CENTRAL_ELEM: Central element for sensor [<N/A>]: 21447,418 [qt0alial]
CENTRAL_ELEM: Central element for sensor [<N/A>]: 21448,880 [021tnjjl]
CENTRAL_ELEM: Central element for sensor [<N/A>]: 21454,478 [5xzfpf05]
CENTRAL_ELEM: Central element for sensor [<N/A>]: 21455,780 [uhupv316]
CENTRAL_ELEM: Central element for sensor [<N/A>]: 21461,115 [7zl128b3]
CENTRAL_ELEM: Central element for sensor [<N/A>]: 21463,917 [lm4mlhqt]
CENTRAL_ELEM: Central element for sensor [<N/A>]: 21466,368 [235dzf70]
CENTRAL_ELEM: Central element for sensor [<N/A>]: 21468,260 [gsblf7ln]
CENTRAL_ELEM: Central element for sensor [<N/A>]: 21469,470 [dir9zf4g]
CENTRAL_ELEM: Central element for sensor [<N/A>]: 21469,610 [rtqvjkx2]
CENTRAL_ELEM: Central element for sensor [<N/A>]: 21470,406 [s3asms4w]
CENTRAL_ELEM: Central element for sensor [<N/A>]: 21472,229 [pdy567y0]
CENTRAL_ELEM: Central element for sensor [<N/A>]: 21473,427 [t1md1xf5]
CENTRAL_ELEM: Central element for sensor [<N/A>]: 21475,027 [mmrp5rzg]
CENTRAL_ELEM: Central element for sensor [<N/A>]: 21480,190 [aujuaawe]
CENTRAL_ELEM: Central element for sensor [<N/A>]: 21481,886 [t6fesuni]
CENTRAL_ELEM: Central element for sensor [<N/A>]: 21481,970 [hvq8ro88]
CENTRAL_ELEM: Central element for sensor [<N/A>]: 21483,126 [qsmq7fb6]
CENTRAL_ELEM: Central element for sensor [<N/A>]: 21487,955 [1smjlki5]
CENTRAL_ELEM: Central element for sensor [<N/A>]: 21491,739 [w85e0f5b]
CENTRAL_ELEM: Central element for sensor [<N/A>]: 21492,802 [dbvzssb6]
CENTRAL_ELEM: Central element for sensor [<N/A>]: 21497,260 [5chtif5e]
CENTRAL_ELEM: Central element for sensor [<N/A>]: 21498,710 [jw0eoj5b]
CENTRAL_ELEM: Central element for sensor [<N/A>]: 21500,957 [qdk0lxp9]
CENTRAL_ELEM: Central element for sensor [<N/A>]: 21502,385 [26eifnkj]
CENTRAL_ELEM: Central element for sensor [<N/A>]: 21507,927 [suckxvv4]
CENTRAL_ELEM: Central element for sensor [<N/A>]: 21508,171 [c49jccir]
CENTRAL_ELEM: Central element for sensor [<N/A>]: 21508,465 [vx4ynpmh]
CENTRAL_ELEM: Central element for sensor [<N/A>]: 21510,465 [r8aq2wq0]
CENTRAL_ELEM: Central element for sensor [<N/A>]: 21515,790 [yjhnwzo6]
CENTRAL_ELEM: Central element for sensor [<N/A>]: 21517,250 [xynxix1v]
CENTRAL_ELEM: Central element for sensor [<N/A>]: 21518,164 [ukcgyqyo]
CENTRAL_ELEM: Central element for sensor [<N/A>]: 21519,370 [2kdb1kl7]
CENTRAL_ELEM: Central element for sensor [<N/A>]: 21520,280 [4eqqdl4e]
CENTRAL_ELEM: Central element for sensor [<N/A>]: 21521,588 [e8ykekky]
CENTRAL_ELEM: Central element for sensor [<N/A>]: 21523,541 [qppxz0zp]
CENTRAL_ELEM: Central element for sensor [<N/A>]: 21523,800 [bbme3bop]
CENTRAL_ELEM: Central element for sensor [<N/A>]: 21523,953 [0qjr8dzr]
CENTRAL_ELEM: Central element for sensor [<N/A>]: 21524,325 [ppzw1uaq]
CENTRAL_ELEM: Central element for sensor [<N/A>]: 21526,108 [vzihd3xy]
CENTRAL_ELEM: Central element for sensor [<N/A>]: 21529,976 [ys7yyc8g]
CENTRAL_ELEM: Central element for sensor [<N/A>]: 21536,245 [0nmu3g2e]
CENTRAL_ELEM: Central element for sensor [<N/A>]: 21539,534 [5qou8j5z]
CENTRAL_ELEM: Central element for sensor [<N/A>]: 21539,948 [mne62129]
CENTRAL_ELEM: Central element for sensor [<N/A>]: 21540,504 [fhesw3k9]
CENTRAL_ELEM: Central element for sensor [<N/A>]: 21540,605 [d0ojmggi]
CENTRAL_ELEM: Central element for sensor [<N/A>]: 21542,260 [k64p64jq]
CENTRAL_ELEM: Central element for sensor [<N/A>]: 21542,811 [5p4l718p]
CENTRAL_ELEM: Central element for sensor [<N/A>]: 21545,694 [5scnuj8l]
CENTRAL_ELEM: Central element for sensor [<N/A>]: 21546,617 [f6rxfi60]
CENTRAL_ELEM: Central element for sensor [<N/A>]: 21551,943 [tkupyi48]
CENTRAL_ELEM: Central element for sensor [<N/A>]: 21553,356 [mihuchhz]
CENTRAL_ELEM: Central element for sensor [<N/A>]: 21555,369 [f2rz8yvg]
CENTRAL_ELEM: Central element for sensor [<N/A>]: 21556,459 [073dw292]
CENTRAL_ELEM: Central element for sensor [<N/A>]: 21557,400 [5sgnomut]
CENTRAL_ELEM: Central element for sensor [<N/A>]: 21557,822 [4bjks7ov]
CENTRAL_ELEM: Central element for sensor [<N/A>]: 21558,088 [fcuepfl4]
CENTRAL_ELEM: Central element for sensor [<N/A>]: 21563,920 [uoln64t2]
CENTRAL_ELEM: Central element for sensor [<N/A>]: 21569,158 [ena0boyh]
CENTRAL_ELEM: Central element for sensor [<N/A>]: 21570,580 [nu7csim6]
CENTRAL_ELEM: Central element for sensor [<N/A>]: 21576,234 [h0pgsc37]
CENTRAL_ELEM: Central element for sensor [<N/A>]: 21576,673 [0bikkl50]
CENTRAL_ELEM: Central element for sensor [<N/A>]: 21580,109 [zfyiqypw]
CENTRAL_ELEM: Central element for sensor [<N/A>]: 21580,603 [rjg5gdj7]
CENTRAL_ELEM: Central element for sensor [<N/A>]: 21580,940 [f2d5uchp]
CENTRAL_ELEM: Central element for sensor [<N/A>]: 21582,281 [g8fa9ezy]
CENTRAL_ELEM: Central element for sensor [<N/A>]: 21583,099 [wh1e2bk4]
CENTRAL_ELEM: Central element for sensor [<N/A>]: 21583,505 [p7kzrc1a]
CENTRAL_ELEM: Central element for sensor [<N/A>]: 21586,340 [ejsvqe55]
CENTRAL_ELEM: Central element for sensor [<N/A>]: 21587,621 [ixa4zkb7]
CENTRAL_ELEM: Central element for sensor [<N/A>]: 21591,844 [148v4tfg]
CENTRAL_ELEM: Central element for sensor [<N/A>]: 21592,196 [xgmte0p2]
CENTRAL_ELEM: Central element for sensor [<N/A>]: 21595,208 [muqjtl4t]
CENTRAL_ELEM: Central element for sensor [<N/A>]: 21595,350 [fkt41jfy]
CENTRAL_ELEM: Central element for sensor [<N/A>]: 21596,085 [my9np874]
CENTRAL_ELEM: Central element for sensor [<N/A>]: 21596,971 [5ehy0tt0]
CENTRAL_ELEM: Central element for sensor [<N/A>]: 21605,630 [d7f2za30]
CENTRAL_ELEM: Central element for sensor [<N/A>]: 21606,250 [vngc83r9]
CENTRAL_ELEM: Central element for sensor [<N/A>]: 21611,195 [ednd2iui]
CENTRAL_ELEM: Central element for sensor [<N/A>]: 21618,020 [ngafgeee]
CENTRAL_ELEM: Central element for sensor [<N/A>]: 21619,508 [48qgseju]
CENTRAL_ELEM: Central element for sensor [<N/A>]: 21622,262 [al8ykjv1]
CENTRAL_ELEM: Central element for sensor [<N/A>]: 21625,833 [3x4xch5m]
CENTRAL_ELEM: Central element for sensor [<N/A>]: 21630,498 [2pnt0ffp]
CENTRAL_ELEM: Central element for sensor [<N/A>]: 21631,128 [lwuuaba8]
CENTRAL_ELEM: Central element for sensor [<N/A>]: 21643,760 [uhlhn5di]
CENTRAL_ELEM: Central element for sensor [<N/A>]: 21644,890 [wf8vws10]
CENTRAL_ELEM: Central element for sensor [<N/A>]: 21645,136 [zdiesn9f]
CENTRAL_ELEM: Central element for sensor [<N/A>]: 21645,178 [jrrcsi2a]
CENTRAL_ELEM: Central element for sensor [<N/A>]: 21646,391 [27z0l2x0]
CENTRAL_ELEM: Central element for sensor [<N/A>]: 21648,018 [y0czl89g]
CENTRAL_ELEM: Central element for sensor [<N/A>]: 21649,610 [bc3n4dxv]
CENTRAL_ELEM: Central element for sensor [<N/A>]: 21658,691 [5gm6e1be]
CENTRAL_ELEM: Central element for sensor [<N/A>]: 21658,863 [879rkuj7]
CENTRAL_ELEM: Central element for sensor [<N/A>]: 21662,181 [s01oce73]
CENTRAL_ELEM: Central element for sensor [<N/A>]: 21666,200 [t82ocuzh]
CENTRAL_ELEM: Central element for sensor [<N/A>]: 21667,259 [5p7thovr]
CENTRAL_ELEM: Central element for sensor [<N/A>]: 21677,667 [zniadiaa]
CENTRAL_ELEM: Central element for sensor [<N/A>]: 21678,128 [35vvdqg4]
CENTRAL_ELEM: Central element for sensor [<N/A>]: 21678,397 [0d7xksgs]
CENTRAL_ELEM: Central element for sensor [<N/A>]: 21685,563 [a08ouxjv]
CENTRAL_ELEM: Central element for sensor [<N/A>]: 21686,083 [79p2yptx]
CENTRAL_ELEM: Central element for sensor [<N/A>]: 21687,880 [8u9ff6tz]
CENTRAL_ELEM: Central element for sensor [<N/A>]: 21688,870 [j4hwjloe]
CENTRAL_ELEM: Central element for sensor [<N/A>]: 21688,874 [jqvbf1ke]
CENTRAL_ELEM: Central element for sensor [<N/A>]: 21689,655 [64qd9bmx]
CENTRAL_ELEM: Central element for sensor [<N/A>]: 21691,328 [gjved3dw]
CENTRAL_ELEM: Central element for sensor [<N/A>]: 21694,156 [rhdwubhr]
CENTRAL_ELEM: Central element for sensor [<N/A>]: 21694,377 [cx06hg63]
CENTRAL_ELEM: Central element for sensor [<N/A>]: 21695,020 [uxrnou8u]
CENTRAL_ELEM: Central element for sensor [<N/A>]: 21695,268 [uzydqwxq]
CENTRAL_ELEM: Central element for sensor [<N/A>]: 21697,392 [t9lkzfn8]
CENTRAL_ELEM: Central element for sensor [<N/A>]: 21705,703 [eoojlzyc]
CENTRAL_ELEM: Central element for sensor [<N/A>]: 21706,655 [dxjrh0je]
CENTRAL_ELEM: Central element for sensor [<N/A>]: 21709,850 [x80xeohq]
CENTRAL_ELEM: Central element for sensor [<N/A>]: 21714,360 [4jt2auzs]
CENTRAL_ELEM: Central element for sensor [<N/A>]: 21720,481 [kp6blb31]
CENTRAL_ELEM: Central element for sensor [<N/A>]: 21721,119 [9vg0imsw]
CENTRAL_ELEM: Central element for sensor [<N/A>]: 21721,801 [4urkxg2z]
CENTRAL_ELEM: Central element for sensor [<N/A>]: 21723,944 [zvbvdx89]
CENTRAL_ELEM: Central element for sensor [<N/A>]: 21724,524 [5gebspnr]
CENTRAL_ELEM: Central element for sensor [<N/A>]: 21730,775 [2vn6mubz]
CENTRAL_ELEM: Central element for sensor [<N/A>]: 21731,890 [hm38dquh]
CENTRAL_ELEM: Central element for sensor [<N/A>]: 21732,290 [7kypgng4]
CENTRAL_ELEM: Central element for sensor [<N/A>]: 21742,452 [9yeavdml]
CENTRAL_ELEM: Central element for sensor [<N/A>]: 21746,256 [wny0t923]
CENTRAL_ELEM: Central element for sensor [<N/A>]: 21748,146 [e75yulqq]
CENTRAL_ELEM: Central element for sensor [<N/A>]: 21751,640 [c6bvop5d]
CENTRAL_ELEM: Central element for sensor [<N/A>]: 21755,613 [anqgaqbw]
CENTRAL_ELEM: Central element for sensor [<N/A>]: 21757,438 [0ctvxof5]
CENTRAL_ELEM: Central element for sensor [<N/A>]: 21759,937 [5h661rny]
CENTRAL_ELEM: Central element for sensor [<N/A>]: 21760,603 [vaclgg4r]
CENTRAL_ELEM: Central element for sensor [<N/A>]: 21761,985 [5xyfhl2m]
CENTRAL_ELEM: Central element for sensor [<N/A>]: 21767,536 [wy9hxusl]
CENTRAL_ELEM: Central element for sensor [<N/A>]: 21767,889 [mt8uq0r1]
CENTRAL_ELEM: Central element for sensor [<N/A>]: 21768,083 [38ao6fm2]
CENTRAL_ELEM: Central element for sensor [<N/A>]: 21769,298 [250sf7q2]
CENTRAL_ELEM: Central element for sensor [<N/A>]: 21771,492 [ubu7q5jr]
CENTRAL_ELEM: Central element for sensor [<N/A>]: 21772,669 [bhhegtht]
CENTRAL_ELEM: Central element for sensor [<N/A>]: 21772,743 [upvhw2xc]
CENTRAL_ELEM: Central element for sensor [<N/A>]: 21773,490 [8y33ynev]
CENTRAL_ELEM: Central element for sensor [<N/A>]: 21774,453 [j53yfsn2]
CENTRAL_ELEM: Central element for sensor [<N/A>]: 21774,517 [230p9la3]
CENTRAL_ELEM: Central element for sensor [<N/A>]: 21774,750 [a3dglagv]
CENTRAL_ELEM: Central element for sensor [<N/A>]: 21778,260 [ao5iz0nt]
CENTRAL_ELEM: Central element for sensor [<N/A>]: 21778,623 [i1b3lkq1]
CENTRAL_ELEM: Central element for sensor [<N/A>]: 21780,905 [gfjn5rto]
CENTRAL_ELEM: Central element for sensor [<N/A>]: 21784,610 [w9clhx2g]
CENTRAL_ELEM: Central element for sensor [<N/A>]: 21787,672 [aggpucbw]
CENTRAL_ELEM: Central element for sensor [<N/A>]: 21787,720 [f8ureg3c]
CENTRAL_ELEM: Central element for sensor [<N/A>]: 21788,032 [kmje7gx4]
CENTRAL_ELEM: Central element for sensor [<N/A>]: 21789,356 [ful630v7]
CENTRAL_ELEM: Central element for sensor [<N/A>]: 21791,279 [ub1qec9p]
CENTRAL_ELEM: Central element for sensor [<N/A>]: 21792,996 [421wvqt7]
CENTRAL_ELEM: Central element for sensor [<N/A>]: 21793,004 [m80sc6t9]
CENTRAL_ELEM: Central element for sensor [<N/A>]: 21794,524 [c0lxhvsh]
CENTRAL_ELEM: Central element for sensor [<N/A>]: 21799,650 [ixgiq7im]
CENTRAL_ELEM: Central element for sensor [<N/A>]: 21802,875 [sftdhlf0]
CENTRAL_ELEM: Central element for sensor [<N/A>]: 21803,496 [vo94q6to]
CENTRAL_ELEM: Central element for sensor [<N/A>]: 21805,110 [6gjpmcs6]
CENTRAL_ELEM: Central element for sensor [<N/A>]: 21808,212 [8v1l17wb]
CENTRAL_ELEM: Central element for sensor [<N/A>]: 21808,750 [d4p3zosi]
CENTRAL_ELEM: Central element for sensor [<N/A>]: 21810,166 [22tuxjdb]
CENTRAL_ELEM: Central element for sensor [<N/A>]: 21815,505 [41ubdnrs]
CENTRAL_ELEM: Central element for sensor [<N/A>]: 21816,608 [6etwdob5]
CENTRAL_ELEM: Central element for sensor [<N/A>]: 21818,576 [gca6fxhw]
CENTRAL_ELEM: Central element for sensor [<N/A>]: 21825,513 [go4ss002]
CENTRAL_ELEM: Central element for sensor [<N/A>]: 21827,613 [xvy5ii9q]
CENTRAL_ELEM: Central element for sensor [<N/A>]: 21827,986 [4ka9yntx]
CENTRAL_ELEM: Central element for sensor [<N/A>]: 21830,760 [09rwqmga]
CENTRAL_ELEM: Central element for sensor [<N/A>]: 21831,213 [8wwsjfk9]
CENTRAL_ELEM: Central element for sensor [<N/A>]: 21832,534 [uan3iebr]
CENTRAL_ELEM: Central element for sensor [<N/A>]: 21833,060 [q929mre4]
CENTRAL_ELEM: Central element for sensor [<N/A>]: 21836,840 [jkfeaklj]
CENTRAL_ELEM: Central element for sensor [<N/A>]: 21837,593 [g5koeq9e]
CENTRAL_ELEM: Central element for sensor [<N/A>]: 21840,750 [hmtgv327]
CENTRAL_ELEM: Central element for sensor [<N/A>]: 21841,281 [80w35bdr]
CENTRAL_ELEM: Central element for sensor [<N/A>]: 21847,442 [bmk5wa9h]
CENTRAL_ELEM: Central element for sensor [<N/A>]: 21847,617 [imw5wexm]
CENTRAL_ELEM: Central element for sensor [<N/A>]: 21848,345 [1gjx12gf]
CENTRAL_ELEM: Central element for sensor [<N/A>]: 21848,767 [5l6pqyhh]
CENTRAL_ELEM: Central element for sensor [<N/A>]: 21850,205 [289h6eey]
CENTRAL_ELEM: Central element for sensor [<N/A>]: 21851,663 [q1ne9n10]
CENTRAL_ELEM: Central element for sensor [<N/A>]: 21852,284 [8u9w62xo]
CENTRAL_ELEM: Central element for sensor [<N/A>]: 21859,589 [ej95wek5]
CENTRAL_ELEM: Central element for sensor [<N/A>]: 21861,276 [ccqaynsl]
CENTRAL_ELEM: Central element for sensor [<N/A>]: 21861,418 [dedjx42k]
CENTRAL_ELEM: Central element for sensor [<N/A>]: 21862,560 [tfafip2j]
CENTRAL_ELEM: Central element for sensor [<N/A>]: 21862,933 [92ktkeax]
CENTRAL_ELEM: Central element for sensor [<N/A>]: 21863,670 [n7h7rl19]
CENTRAL_ELEM: Central element for sensor [<N/A>]: 21865,404 [f11hqqez]
CENTRAL_ELEM: Central element for sensor [<N/A>]: 21868,484 [ayu91tbt]
CENTRAL_ELEM: Central element for sensor [<N/A>]: 21868,643 [3tcy3hkj]
CENTRAL_ELEM: Central element for sensor [<N/A>]: 21877,480 [2o1jufeu]
CENTRAL_ELEM: Central element for sensor [<N/A>]: 21878,410 [5qz66dk2]
CENTRAL_ELEM: Central element for sensor [<N/A>]: 21878,868 [olfzt6qi]
CENTRAL_ELEM: Central element for sensor [<N/A>]: 21880,941 [xovvlonj]
CENTRAL_ELEM: Central element for sensor [<N/A>]: 21883,164 [vanksdao]
CENTRAL_ELEM: Central element for sensor [<N/A>]: 21883,566 [cf53y8b2]
CENTRAL_ELEM: Central element for sensor [<N/A>]: 21886,262 [rd4cuzx5]
CENTRAL_ELEM: Central element for sensor [<N/A>]: 21889,180 [pm4zzeeg]
CENTRAL_ELEM: Central element for sensor [<N/A>]: 21890,840 [a8pmt1fo]
CENTRAL_ELEM: Central element for sensor [<N/A>]: 21891,058 [q5yei7zx]
CENTRAL_ELEM: Central element for sensor [<N/A>]: 21892,495 [8s87hm12]
CENTRAL_ELEM: Central element for sensor [<N/A>]: 21894,756 [2lwywe53]
CENTRAL_ELEM: Central element for sensor [<N/A>]: 21895,575 [pfwr4c66]
CENTRAL_ELEM: Central element for sensor [<N/A>]: 21897,020 [0byj0chp]
CENTRAL_ELEM: Central element for sensor [<N/A>]: 21900,897 [jub1wa0k]
CENTRAL_ELEM: Central element for sensor [<N/A>]: 21901,297 [v7ojzssy]
CENTRAL_ELEM: Central element for sensor [<N/A>]: 21902,957 [l3a1dkt6]
CENTRAL_ELEM: Central element for sensor [<N/A>]: 21904,361 [jooa42kp]
CENTRAL_ELEM: Central element for sensor [<N/A>]: 21906,255 [8w4vmley]
CENTRAL_ELEM: Central element for sensor [<N/A>]: 21906,673 [cgcorqvk]
CENTRAL_ELEM: Central element for sensor [<N/A>]: 21907,100 [rf69765l]
CENTRAL_ELEM: Central element for sensor [<N/A>]: 21907,256 [tdco2qwn]
CENTRAL_ELEM: Central element for sensor [<N/A>]: 21909,030 [hthcakhp]
CENTRAL_ELEM: Central element for sensor [<N/A>]: 21911,230 [d0hpoxir]
CENTRAL_ELEM: Central element for sensor [<N/A>]: 21913,293 [n3cd11d8]
CENTRAL_ELEM: Central element for sensor [<N/A>]: 21913,560 [182dgyei]
CENTRAL_ELEM: Central element for sensor [<N/A>]: 21917,631 [5huofkl6]
CENTRAL_ELEM: Central element for sensor [<N/A>]: 21918,060 [dv97wqpk]
CENTRAL_ELEM: Central element for sensor [<N/A>]: 21920,594 [razke2do]
CENTRAL_ELEM: Central element for sensor [<N/A>]: 21920,666 [9klwishz]
CENTRAL_ELEM: Central element for sensor [<N/A>]: 21921,466 [qg966lw7]
CENTRAL_ELEM: Central element for sensor [<N/A>]: 21923,386 [c6utrhwn]
CENTRAL_ELEM: Central element for sensor [<N/A>]: 21924,147 [tfhfqntc]
CENTRAL_ELEM: Central element for sensor [<N/A>]: 21924,411 [cszs0qdt]
CENTRAL_ELEM: Central element for sensor [<N/A>]: 21928,690 [9apowpd1]
CENTRAL_ELEM: Central element for sensor [<N/A>]: 21930,870 [zlqoqprj]
CENTRAL_ELEM: Central element for sensor [<N/A>]: 21933,276 [3owt626g]
CENTRAL_ELEM: Central element for sensor [<N/A>]: 21939,580 [fejr6651]
CENTRAL_ELEM: Central element for sensor [<N/A>]: 21943,467 [m7kflxfo]
CENTRAL_ELEM: Central element for sensor [<N/A>]: 21948,000 [21qihxhj]
CENTRAL_ELEM: Central element for sensor [<N/A>]: 21948,435 [im8uhm0c]
CENTRAL_ELEM: Central element for sensor [<N/A>]: 21952,122 [4a70yfu1]
CENTRAL_ELEM: Central element for sensor [<N/A>]: 21953,119 [uvdiixyk]
CENTRAL_ELEM: Central element for sensor [<N/A>]: 21956,950 [r0iue4sz]
CENTRAL_ELEM: Central element for sensor [<N/A>]: 21957,566 [66nvaumf]
CENTRAL_ELEM: Central element for sensor [<N/A>]: 21958,790 [k5bedy17]
CENTRAL_ELEM: Central element for sensor [<N/A>]: 21961,320 [tk0l29yy]
CENTRAL_ELEM: Central element for sensor [<N/A>]: 21962,656 [7n36bqod]
CENTRAL_ELEM: Central element for sensor [<N/A>]: 21962,864 [kka7j9xs]
CENTRAL_ELEM: Central element for sensor [<N/A>]: 21970,942 [se9mlrqq]
CENTRAL_ELEM: Central element for sensor [<N/A>]: 21971,967 [9s3mjwoy]
CENTRAL_ELEM: Central element for sensor [<N/A>]: 21972,090 [cj2v0591]
CENTRAL_ELEM: Central element for sensor [<N/A>]: 21972,634 [k5p0jc7k]
CENTRAL_ELEM: Central element for sensor [<N/A>]: 21973,444 [6fxm2wsb]
CENTRAL_ELEM: Central element for sensor [<N/A>]: 21975,440 [bbcxdy49]
CENTRAL_ELEM: Central element for sensor [<N/A>]: 21977,423 [vclq9rku]
CENTRAL_ELEM: Central element for sensor [<N/A>]: 21979,152 [a6t3u15h]
CENTRAL_ELEM: Central element for sensor [<N/A>]: 21982,549 [mkm3o3av]
CENTRAL_ELEM: Central element for sensor [<N/A>]: 21994,721 [whtprchp]
CENTRAL_ELEM: Central element for sensor [<N/A>]: 21995,412 [hl25m9cy]
CENTRAL_ELEM: Central element for sensor [<N/A>]: 21996,515 [hl3lidzg]
CENTRAL_ELEM: Central element for sensor [<N/A>]: 21997,190 [ews3ectz]
CENTRAL_ELEM: Central element for sensor [<N/A>]: 21999,703 [jw3ufap8]
CENTRAL_ELEM: Central element for sensor [<N/A>]: 22000,990 [uda82h8a]
CENTRAL_ELEM: Central element for sensor [<N/A>]: 22001,874 [78maf0rk]
CENTRAL_ELEM: Central element for sensor [<N/A>]: 22006,225 [613brmgf]
CENTRAL_ELEM: Central element for sensor [<N/A>]: 22009,810 [ujtrx5xf]
CENTRAL_ELEM: Central element for sensor [<N/A>]: 22011,809 [mtkkr450]
CENTRAL_ELEM: Central element for sensor [<N/A>]: 22014,490 [9lby31fy]
CENTRAL_ELEM: Central element for sensor [<N/A>]: 22018,028 [te212qqr]
CENTRAL_ELEM: Central element for sensor [<N/A>]: 22018,080 [psvcg5co]
CENTRAL_ELEM: Central element for sensor [<N/A>]: 22019,880 [2v32z9a8]
CENTRAL_ELEM: Central element for sensor [<N/A>]: 22020,724 [3dmyyoyt]
CENTRAL_ELEM: Central element for sensor [<N/A>]: 22025,307 [hc2knqm6]
CENTRAL_ELEM: Central element for sensor [<N/A>]: 22025,633 [ihr9ipvi]
CENTRAL_ELEM: Central element for sensor [<N/A>]: 22027,810 [iyqtvyw3]
CENTRAL_ELEM: Central element for sensor [<N/A>]: 22028,460 [43m3q4s1]
CENTRAL_ELEM: Central element for sensor [<N/A>]: 22030,607 [m6fotirs]
CENTRAL_ELEM: Central element for sensor [<N/A>]: 22031,760 [r93oftql]
CENTRAL_ELEM: Central element for sensor [<N/A>]: 22034,039 [5b5aigmu]
CENTRAL_ELEM: Central element for sensor [<N/A>]: 22035,423 [8hv21ppt]
CENTRAL_ELEM: Central element for sensor [<N/A>]: 22037,964 [b5x0qhc6]
CENTRAL_ELEM: Central element for sensor [<N/A>]: 22042,506 [vjev5gkd]
CENTRAL_ELEM: Central element for sensor [<N/A>]: 22042,661 [av78fdvc]
CENTRAL_ELEM: Central element for sensor [<N/A>]: 22042,710 [hnje9n1k]
CENTRAL_ELEM: Central element for sensor [<N/A>]: 22042,920 [eqb4aouw]
CENTRAL_ELEM: Central element for sensor [<N/A>]: 22044,089 [n9sspj02]
CENTRAL_ELEM: Central element for sensor [<N/A>]: 22047,293 [qatf8k0n]
CENTRAL_ELEM: Central element for sensor [<N/A>]: 22053,152 [jyya1gif]
CENTRAL_ELEM: Central element for sensor [<N/A>]: 22058,060 [rj3lsnfa]
CENTRAL_ELEM: Central element for sensor [<N/A>]: 22059,086 [o32txnl2]
CENTRAL_ELEM: Central element for sensor [<N/A>]: 22059,694 [b1yiccq8]
CENTRAL_ELEM: Central element for sensor [<N/A>]: 22060,076 [kgaxosx0]
CENTRAL_ELEM: Central element for sensor [<N/A>]: 22060,900 [x62asfy9]
CENTRAL_ELEM: Central element for sensor [<N/A>]: 22064,790 [jsfgq1ao]
CENTRAL_ELEM: Central element for sensor [<N/A>]: 22069,421 [f3kk66pk]
CENTRAL_ELEM: Central element for sensor [<N/A>]: 22069,575 [7uronu0e]
CENTRAL_ELEM: Central element for sensor [<N/A>]: 22070,114 [dvon88ec]
CENTRAL_ELEM: Central element for sensor [<N/A>]: 22073,402 [nd4w53dt]
CENTRAL_ELEM: Central element for sensor [<N/A>]: 22076,935 [6a3z5wot]
CENTRAL_ELEM: Central element for sensor [<N/A>]: 22077,472 [jug0dxdm]
CENTRAL_ELEM: Central element for sensor [<N/A>]: 22079,114 [z4bh9zom]
CENTRAL_ELEM: Central element for sensor [<N/A>]: 22080,212 [t1fdfeos]
CENTRAL_ELEM: Central element for sensor [<N/A>]: 22080,660 [sbxd37fe]
CENTRAL_ELEM: Central element for sensor [<N/A>]: 22080,922 [kg424tdc]
CENTRAL_ELEM: Central element for sensor [<N/A>]: 22082,596 [oyrwvrnu]
CENTRAL_ELEM: Central element for sensor [<N/A>]: 22083,977 [u03wyue6]
CENTRAL_ELEM: Central element for sensor [<N/A>]: 22089,496 [36w178d4]
CENTRAL_ELEM: Central element for sensor [<N/A>]: 22091,887 [b47ouq4y]
CENTRAL_ELEM: Central element for sensor [<N/A>]: 22091,920 [850zorbm]
CENTRAL_ELEM: Central element for sensor [<N/A>]: 22092,738 [uyrrxgh9]
CENTRAL_ELEM: Central element for sensor [<N/A>]: 22096,496 [xqjf52ab]
CENTRAL_ELEM: Central element for sensor [<N/A>]: 22097,872 [d3xv7xdy]
CENTRAL_ELEM: Central element for sensor [<N/A>]: 22098,396 [obveaae1]
CENTRAL_ELEM: Central element for sensor [<N/A>]: 22104,120 [7rmkng7m]
CENTRAL_ELEM: Central element for sensor [<N/A>]: 22107,938 [u4c3a2wp]
CENTRAL_ELEM: Central element for sensor [<N/A>]: 22108,970 [mbnpx7sl]
CENTRAL_ELEM: Central element for sensor [<N/A>]: 22109,148 [5695qz8i]
CENTRAL_ELEM: Central element for sensor [<N/A>]: 22109,150 [xb1qpv50]
CENTRAL_ELEM: Central element for sensor [<N/A>]: 22110,030 [8w83ojjo]
CENTRAL_ELEM: Central element for sensor [<N/A>]: 22110,569 [28ugjswf]
CENTRAL_ELEM: Central element for sensor [<N/A>]: 22110,654 [ig3khnvj]
CENTRAL_ELEM: Central element for sensor [<N/A>]: 22112,093 [vf6pvjlm]
CENTRAL_ELEM: Central element for sensor [<N/A>]: 22113,909 [95h2jss0]
CENTRAL_ELEM: Central element for sensor [<N/A>]: 22115,190 [h5juflvo]
CENTRAL_ELEM: Central element for sensor [<N/A>]: 22116,174 [lp0cplt4]
CENTRAL_ELEM: Central element for sensor [<N/A>]: 22116,962 [8hi4hc40]
CENTRAL_ELEM: Central element for sensor [<N/A>]: 22117,004 [u42g3dzs]
CENTRAL_ELEM: Central element for sensor [<N/A>]: 22117,261 [eff8f4hp]
CENTRAL_ELEM: Central element for sensor [<N/A>]: 22118,422 [u9ahoxg3]
CENTRAL_ELEM: Central element for sensor [<N/A>]: 22122,171 [clgs0xx8]
CENTRAL_ELEM: Central element for sensor [<N/A>]: 22124,048 [xln67h2l]
CENTRAL_ELEM: Central element for sensor [<N/A>]: 22124,553 [rf2y7yjm]
CENTRAL_ELEM: Central element for sensor [<N/A>]: 22129,631 [0735jsu3]
CENTRAL_ELEM: Central element for sensor [<N/A>]: 22129,980 [uozyj3bm]
CENTRAL_ELEM: Central element for sensor [<N/A>]: 22131,139 [axsa02kd]
CENTRAL_ELEM: Central element for sensor [<N/A>]: 22131,910 [fnp9z3im]
CENTRAL_ELEM: Central element for sensor [<N/A>]: 22134,538 [dhrikjwz]
CENTRAL_ELEM: Central element for sensor [<N/A>]: 22135,470 [eum07g3m]
CENTRAL_ELEM: Central element for sensor [<N/A>]: 22135,590 [mgfa92tt]
CENTRAL_ELEM: Central element for sensor [<N/A>]: 22136,850 [6ac6h48z]
CENTRAL_ELEM: Central element for sensor [<N/A>]: 22137,257 [41c0s10c]
CENTRAL_ELEM: Central element for sensor [<N/A>]: 22139,317 [8f6keimo]
CENTRAL_ELEM: Central element for sensor [<N/A>]: 22141,590 [3rmovm7a]
CENTRAL_ELEM: Central element for sensor [<N/A>]: 22146,890 [uui8yrfi]
CENTRAL_ELEM: Central element for sensor [<N/A>]: 22148,350 [xmbbk954]
CENTRAL_ELEM: Central element for sensor [<N/A>]: 22153,000 [wlxgk37k]
CENTRAL_ELEM: Central element for sensor [<N/A>]: 22155,030 [n3p2l1pi]
CENTRAL_ELEM: Central element for sensor [<N/A>]: 22158,476 [ntjnqa1z]
CENTRAL_ELEM: Central element for sensor [<N/A>]: 22158,670 [45yr3lu7]
CENTRAL_ELEM: Central element for sensor [<N/A>]: 22160,579 [3p3rkum7]
CENTRAL_ELEM: Central element for sensor [<N/A>]: 22162,791 [m502o6uf]
CENTRAL_ELEM: Central element for sensor [<N/A>]: 22164,360 [bosrpjdq]
CENTRAL_ELEM: Central element for sensor [<N/A>]: 22164,796 [xnvln32q]
CENTRAL_ELEM: Central element for sensor [<N/A>]: 22165,954 [00k0c8pt]
CENTRAL_ELEM: Central element for sensor [<N/A>]: 22166,562 [rud7vhnl]
CENTRAL_ELEM: Central element for sensor [<N/A>]: 22168,060 [t3evaljy]
CENTRAL_ELEM: Central element for sensor [<N/A>]: 22168,190 [3i9asddk]
CENTRAL_ELEM: Central element for sensor [<N/A>]: 22168,502 [bd1jpd0f]
CENTRAL_ELEM: Central element for sensor [<N/A>]: 22168,782 [29ki3znu]
CENTRAL_ELEM: Central element for sensor [<N/A>]: 22173,892 [p99nz5ns]
CENTRAL_ELEM: Central element for sensor [<N/A>]: 22174,117 [0h5zggwb]
CENTRAL_ELEM: Central element for sensor [<N/A>]: 22176,285 [o3npc28u]
CENTRAL_ELEM: Central element for sensor [<N/A>]: 22177,165 [5e8g8sr0]
CENTRAL_ELEM: Central element for sensor [<N/A>]: 22183,560 [vdyeefer]
CENTRAL_ELEM: Central element for sensor [<N/A>]: 22184,877 [sw5sa82a]
CENTRAL_ELEM: Central element for sensor [<N/A>]: 22187,432 [e8vps80o]
CENTRAL_ELEM: Central element for sensor [<N/A>]: 22188,180 [g42swrkp]
CENTRAL_ELEM: Central element for sensor [<N/A>]: 22190,900 [jmg7v0h4]
CENTRAL_ELEM: Central element for sensor [<N/A>]: 22192,278 [wxeyco7a]
CENTRAL_ELEM: Central element for sensor [<N/A>]: 22195,092 [ybjov57c]
CENTRAL_ELEM: Central element for sensor [<N/A>]: 22195,294 [4nbujymi]
CENTRAL_ELEM: Central element for sensor [<N/A>]: 22196,497 [d7hvhmx4]
CENTRAL_ELEM: Central element for sensor [<N/A>]: 22198,757 [jnqpnq88]
CENTRAL_ELEM: Central element for sensor [<N/A>]: 22203,388 [ogny32me]
CENTRAL_ELEM: Central element for sensor [<N/A>]: 22204,342 [msxnax4t]
CENTRAL_ELEM: Central element for sensor [<N/A>]: 22209,212 [ao8d7c9k]
CENTRAL_ELEM: Central element for sensor [<N/A>]: 22214,790 [2mq6b9ed]
CENTRAL_ELEM: Central element for sensor [<N/A>]: 22219,420 [kmpvcwbd]
CENTRAL_ELEM: Central element for sensor [<N/A>]: 22231,605 [6ctjdu67]
CENTRAL_ELEM: Central element for sensor [<N/A>]: 22232,020 [94t589h3]
CENTRAL_ELEM: Central element for sensor [<N/A>]: 22232,667 [yzte7ymb]
CENTRAL_ELEM: Central element for sensor [<N/A>]: 22236,429 [a071wle4]
CENTRAL_ELEM: Central element for sensor [<N/A>]: 22237,902 [sh2khnpk]
CENTRAL_ELEM: Central element for sensor [<N/A>]: 22238,351 [58opiyv0]
CENTRAL_ELEM: Central element for sensor [<N/A>]: 22238,597 [sl5ygyke]
CENTRAL_ELEM: Central element for sensor [<N/A>]: 22240,756 [6uqwp90d]
CENTRAL_ELEM: Central element for sensor [<N/A>]: 22242,532 [8cdaa1wt]
CENTRAL_ELEM: Central element for sensor [<N/A>]: 22245,060 [q7885jse]
CENTRAL_ELEM: Central element for sensor [<N/A>]: 22248,023 [awjl7yx7]
CENTRAL_ELEM: Central element for sensor [<N/A>]: 22248,260 [nbphgztw]
CENTRAL_ELEM: Central element for sensor [<N/A>]: 22252,016 [arp02vcp]
CENTRAL_ELEM: Central element for sensor [<N/A>]: 22253,976 [ht4dck4z]
CENTRAL_ELEM: Central element for sensor [<N/A>]: 22254,434 [p7yukcv4]
CENTRAL_ELEM: Central element for sensor [<N/A>]: 22262,333 [9rbft06x]
CENTRAL_ELEM: Central element for sensor [<N/A>]: 22262,719 [g35v3n6y]
CENTRAL_ELEM: Central element for sensor [<N/A>]: 22263,021 [ijyxxig9]
MAX_ELEM: Max. element for sensor [<N/A>]: 64536,673 [2h9dt3cq]
MIN_ELEM: Min. element for sensor [<N/A>]: 154,460 [mkeecl6k]
INFO: Finished processing file: data_c1.txt
